
Time: 08/25/21 08:33:52.681 - DEBUG *** file /home/joohok/cubrid/src/transaction/boot_cl.c, line 1692
trying to connect 'testdb@localhost'

Time: 08/25/21 08:33:52.681 - DEBUG *** file /home/joohok/cubrid/src/connection/connection_support.c, line 421
css_readn: POLLHUP Invalid argument
Time: 08/25/21 08:33:52.681 - DEBUG *** file /home/joohok/cubrid/src/transaction/boot_cl.c, line 1714
ping server with handshake

Time: 08/25/21 08:33:52.681 - ERROR *** file /home/joohok/cubrid/src/communication/network_cl.c, line 3826 ERROR CODE = -191, Tran = -1, EID = 1
Cannot connect to server "testdb" on "localhost".

Time: 08/25/21 08:33:52.681 - DEBUG *** file /home/joohok/cubrid/src/transaction/boot_cl.c, line 1744
error -191. try to connect to next host

Time: 08/25/21 08:33:52.681 - ERROR *** file /home/joohok/cubrid/src/transaction/boot_cl.c, line 1776 ERROR CODE = -677, Tran = -1, EID = 2
Failed to connect to database server, 'testdb', on the following host(s): localhost

Time: 08/25/21 08:33:52.681 - DEBUG *** file /home/joohok/cubrid/src/transaction/boot_cl.c, line 1126
boot_restart_client: boot_client_initialize_css () error -191

Time: 08/25/21 08:33:52.693 - DEBUG *** file /home/joohok/cubrid/src/transaction/boot_cl.c, line 1692
trying to connect 'testdb@localhost'

Time: 08/25/21 08:33:52.693 - DEBUG *** file /home/joohok/cubrid/src/connection/connection_support.c, line 421
css_readn: POLLHUP Invalid argument
Time: 08/25/21 08:33:52.693 - DEBUG *** file /home/joohok/cubrid/src/transaction/boot_cl.c, line 1714
ping server with handshake

Time: 08/25/21 08:33:52.693 - ERROR *** file /home/joohok/cubrid/src/communication/network_cl.c, line 3826 ERROR CODE = -191, Tran = -1, EID = 1
Cannot connect to server "testdb" on "localhost".

Time: 08/25/21 08:33:52.693 - DEBUG *** file /home/joohok/cubrid/src/transaction/boot_cl.c, line 1744
error -191. try to connect to next host

Time: 08/25/21 08:33:52.693 - ERROR *** file /home/joohok/cubrid/src/transaction/boot_cl.c, line 1776 ERROR CODE = -677, Tran = -1, EID = 2
Failed to connect to database server, 'testdb', on the following host(s): localhost

Time: 08/25/21 08:33:52.693 - DEBUG *** file /home/joohok/cubrid/src/transaction/boot_cl.c, line 1126
boot_restart_client: boot_client_initialize_css () error -191

Time: 08/25/21 08:33:52.704 - DEBUG *** file /home/joohok/cubrid/src/transaction/boot_cl.c, line 1692
trying to connect 'testdb@localhost'

Time: 08/25/21 08:33:52.704 - DEBUG *** file /home/joohok/cubrid/src/connection/connection_support.c, line 421
css_readn: POLLHUP Invalid argument
Time: 08/25/21 08:33:52.704 - DEBUG *** file /home/joohok/cubrid/src/transaction/boot_cl.c, line 1714
ping server with handshake

Time: 08/25/21 08:33:52.704 - ERROR *** file /home/joohok/cubrid/src/communication/network_cl.c, line 3826 ERROR CODE = -191, Tran = -1, EID = 1
Cannot connect to server "testdb" on "localhost".

Time: 08/25/21 08:33:52.704 - DEBUG *** file /home/joohok/cubrid/src/transaction/boot_cl.c, line 1744
error -191. try to connect to next host

Time: 08/25/21 08:33:52.704 - ERROR *** file /home/joohok/cubrid/src/transaction/boot_cl.c, line 1776 ERROR CODE = -677, Tran = -1, EID = 2
Failed to connect to database server, 'testdb', on the following host(s): localhost

Time: 08/25/21 08:33:52.704 - DEBUG *** file /home/joohok/cubrid/src/transaction/boot_cl.c, line 1126
boot_restart_client: boot_client_initialize_css () error -191

Time: 08/25/21 08:33:52.714 - DEBUG *** file /home/joohok/cubrid/src/transaction/boot_cl.c, line 1692
trying to connect 'testdb@localhost'

Time: 08/25/21 08:33:52.714 - DEBUG *** file /home/joohok/cubrid/src/connection/connection_support.c, line 421
css_readn: POLLHUP Invalid argument
Time: 08/25/21 08:33:52.714 - DEBUG *** file /home/joohok/cubrid/src/transaction/boot_cl.c, line 1714
ping server with handshake

Time: 08/25/21 08:33:52.714 - ERROR *** file /home/joohok/cubrid/src/communication/network_cl.c, line 3826 ERROR CODE = -191, Tran = -1, EID = 1
Cannot connect to server "testdb" on "localhost".

Time: 08/25/21 08:33:52.714 - DEBUG *** file /home/joohok/cubrid/src/transaction/boot_cl.c, line 1744
error -191. try to connect to next host

Time: 08/25/21 08:33:52.714 - ERROR *** file /home/joohok/cubrid/src/transaction/boot_cl.c, line 1776 ERROR CODE = -677, Tran = -1, EID = 2
Failed to connect to database server, 'testdb', on the following host(s): localhost

Time: 08/25/21 08:33:52.714 - DEBUG *** file /home/joohok/cubrid/src/transaction/boot_cl.c, line 1126
boot_restart_client: boot_client_initialize_css () error -191

Time: 08/25/21 08:33:53.726 - DEBUG *** file /home/joohok/cubrid/src/transaction/boot_cl.c, line 1692
trying to connect 'testdb@localhost'

Time: 08/25/21 08:33:53.727 - DEBUG *** file /home/joohok/cubrid/src/connection/connection_support.c, line 421
css_readn: POLLHUP Invalid argument
Time: 08/25/21 08:33:53.727 - DEBUG *** file /home/joohok/cubrid/src/transaction/boot_cl.c, line 1714
ping server with handshake

Time: 08/25/21 08:33:53.727 - ERROR *** file /home/joohok/cubrid/src/communication/network_cl.c, line 3826 ERROR CODE = -191, Tran = -1, EID = 1
Cannot connect to server "testdb" on "localhost".

Time: 08/25/21 08:33:53.727 - DEBUG *** file /home/joohok/cubrid/src/transaction/boot_cl.c, line 1744
error -191. try to connect to next host

Time: 08/25/21 08:33:53.727 - ERROR *** file /home/joohok/cubrid/src/transaction/boot_cl.c, line 1776 ERROR CODE = -677, Tran = -1, EID = 2
Failed to connect to database server, 'testdb', on the following host(s): localhost

Time: 08/25/21 08:33:53.727 - DEBUG *** file /home/joohok/cubrid/src/transaction/boot_cl.c, line 1126
boot_restart_client: boot_client_initialize_css () error -191

Time: 08/25/21 08:33:53.738 - DEBUG *** file /home/joohok/cubrid/src/transaction/boot_cl.c, line 1692
trying to connect 'testdb@localhost'

Time: 08/25/21 08:33:53.738 - DEBUG *** file /home/joohok/cubrid/src/connection/connection_support.c, line 421
css_readn: POLLHUP Invalid argument
Time: 08/25/21 08:33:53.738 - DEBUG *** file /home/joohok/cubrid/src/transaction/boot_cl.c, line 1714
ping server with handshake

Time: 08/25/21 08:33:53.738 - ERROR *** file /home/joohok/cubrid/src/communication/network_cl.c, line 3826 ERROR CODE = -191, Tran = -1, EID = 1
Cannot connect to server "testdb" on "localhost".

Time: 08/25/21 08:33:53.738 - DEBUG *** file /home/joohok/cubrid/src/transaction/boot_cl.c, line 1744
error -191. try to connect to next host

Time: 08/25/21 08:33:53.738 - ERROR *** file /home/joohok/cubrid/src/transaction/boot_cl.c, line 1776 ERROR CODE = -677, Tran = -1, EID = 2
Failed to connect to database server, 'testdb', on the following host(s): localhost

Time: 08/25/21 08:33:53.738 - DEBUG *** file /home/joohok/cubrid/src/transaction/boot_cl.c, line 1126
boot_restart_client: boot_client_initialize_css () error -191

Time: 08/25/21 08:33:53.749 - DEBUG *** file /home/joohok/cubrid/src/transaction/boot_cl.c, line 1692
trying to connect 'testdb@localhost'

Time: 08/25/21 08:33:53.749 - DEBUG *** file /home/joohok/cubrid/src/connection/connection_support.c, line 421
css_readn: POLLHUP Invalid argument
Time: 08/25/21 08:33:53.749 - DEBUG *** file /home/joohok/cubrid/src/transaction/boot_cl.c, line 1714
ping server with handshake

Time: 08/25/21 08:33:53.749 - ERROR *** file /home/joohok/cubrid/src/communication/network_cl.c, line 3826 ERROR CODE = -191, Tran = -1, EID = 1
Cannot connect to server "testdb" on "localhost".

Time: 08/25/21 08:33:53.749 - DEBUG *** file /home/joohok/cubrid/src/transaction/boot_cl.c, line 1744
error -191. try to connect to next host

Time: 08/25/21 08:33:53.749 - ERROR *** file /home/joohok/cubrid/src/transaction/boot_cl.c, line 1776 ERROR CODE = -677, Tran = -1, EID = 2
Failed to connect to database server, 'testdb', on the following host(s): localhost

Time: 08/25/21 08:33:53.749 - DEBUG *** file /home/joohok/cubrid/src/transaction/boot_cl.c, line 1126
boot_restart_client: boot_client_initialize_css () error -191

Time: 08/25/21 08:33:53.762 - DEBUG *** file /home/joohok/cubrid/src/transaction/boot_cl.c, line 1692
trying to connect 'testdb@localhost'

Time: 08/25/21 08:33:53.762 - DEBUG *** file /home/joohok/cubrid/src/connection/connection_support.c, line 421
css_readn: POLLHUP Invalid argument
Time: 08/25/21 08:33:53.762 - DEBUG *** file /home/joohok/cubrid/src/transaction/boot_cl.c, line 1714
ping server with handshake

Time: 08/25/21 08:33:53.762 - ERROR *** file /home/joohok/cubrid/src/communication/network_cl.c, line 3826 ERROR CODE = -191, Tran = -1, EID = 1
Cannot connect to server "testdb" on "localhost".

Time: 08/25/21 08:33:53.762 - DEBUG *** file /home/joohok/cubrid/src/transaction/boot_cl.c, line 1744
error -191. try to connect to next host

Time: 08/25/21 08:33:53.762 - ERROR *** file /home/joohok/cubrid/src/transaction/boot_cl.c, line 1776 ERROR CODE = -677, Tran = -1, EID = 2
Failed to connect to database server, 'testdb', on the following host(s): localhost

Time: 08/25/21 08:33:53.763 - DEBUG *** file /home/joohok/cubrid/src/transaction/boot_cl.c, line 1126
boot_restart_client: boot_client_initialize_css () error -191

Time: 08/25/21 08:33:53.773 - DEBUG *** file /home/joohok/cubrid/src/transaction/boot_cl.c, line 1692
trying to connect 'testdb@localhost'

Time: 08/25/21 08:33:53.774 - DEBUG *** file /home/joohok/cubrid/src/connection/connection_support.c, line 421
css_readn: POLLHUP Invalid argument
Time: 08/25/21 08:33:53.774 - DEBUG *** file /home/joohok/cubrid/src/transaction/boot_cl.c, line 1714
ping server with handshake

Time: 08/25/21 08:33:53.774 - ERROR *** file /home/joohok/cubrid/src/communication/network_cl.c, line 3826 ERROR CODE = -191, Tran = -1, EID = 1
Cannot connect to server "testdb" on "localhost".

Time: 08/25/21 08:33:53.774 - DEBUG *** file /home/joohok/cubrid/src/transaction/boot_cl.c, line 1744
error -191. try to connect to next host

Time: 08/25/21 08:33:53.774 - ERROR *** file /home/joohok/cubrid/src/transaction/boot_cl.c, line 1776 ERROR CODE = -677, Tran = -1, EID = 2
Failed to connect to database server, 'testdb', on the following host(s): localhost

Time: 08/25/21 08:33:53.774 - DEBUG *** file /home/joohok/cubrid/src/transaction/boot_cl.c, line 1126
boot_restart_client: boot_client_initialize_css () error -191

Time: 08/25/21 08:33:53.784 - DEBUG *** file /home/joohok/cubrid/src/transaction/boot_cl.c, line 1692
trying to connect 'testdb@localhost'

Time: 08/25/21 08:33:53.785 - DEBUG *** file /home/joohok/cubrid/src/connection/connection_support.c, line 421
css_readn: POLLHUP Invalid argument
Time: 08/25/21 08:33:53.785 - DEBUG *** file /home/joohok/cubrid/src/transaction/boot_cl.c, line 1714
ping server with handshake

Time: 08/25/21 08:33:53.785 - ERROR *** file /home/joohok/cubrid/src/communication/network_cl.c, line 3826 ERROR CODE = -191, Tran = -1, EID = 1
Cannot connect to server "testdb" on "localhost".

Time: 08/25/21 08:33:53.785 - DEBUG *** file /home/joohok/cubrid/src/transaction/boot_cl.c, line 1744
error -191. try to connect to next host

Time: 08/25/21 08:33:53.785 - ERROR *** file /home/joohok/cubrid/src/transaction/boot_cl.c, line 1776 ERROR CODE = -677, Tran = -1, EID = 2
Failed to connect to database server, 'testdb', on the following host(s): localhost

Time: 08/25/21 08:33:53.785 - DEBUG *** file /home/joohok/cubrid/src/transaction/boot_cl.c, line 1126
boot_restart_client: boot_client_initialize_css () error -191

Time: 08/25/21 08:33:53.795 - DEBUG *** file /home/joohok/cubrid/src/transaction/boot_cl.c, line 1692
trying to connect 'testdb@localhost'

Time: 08/25/21 08:33:53.795 - DEBUG *** file /home/joohok/cubrid/src/connection/connection_support.c, line 421
css_readn: POLLHUP Invalid argument
Time: 08/25/21 08:33:53.796 - DEBUG *** file /home/joohok/cubrid/src/transaction/boot_cl.c, line 1714
ping server with handshake

Time: 08/25/21 08:33:53.796 - ERROR *** file /home/joohok/cubrid/src/communication/network_cl.c, line 3826 ERROR CODE = -191, Tran = -1, EID = 1
Cannot connect to server "testdb" on "localhost".

Time: 08/25/21 08:33:53.796 - DEBUG *** file /home/joohok/cubrid/src/transaction/boot_cl.c, line 1744
error -191. try to connect to next host

Time: 08/25/21 08:33:53.796 - ERROR *** file /home/joohok/cubrid/src/transaction/boot_cl.c, line 1776 ERROR CODE = -677, Tran = -1, EID = 2
Failed to connect to database server, 'testdb', on the following host(s): localhost

Time: 08/25/21 08:33:53.796 - DEBUG *** file /home/joohok/cubrid/src/transaction/boot_cl.c, line 1126
boot_restart_client: boot_client_initialize_css () error -191

Time: 08/25/21 08:33:53.806 - DEBUG *** file /home/joohok/cubrid/src/transaction/boot_cl.c, line 1692
trying to connect 'testdb@localhost'

Time: 08/25/21 08:33:53.806 - DEBUG *** file /home/joohok/cubrid/src/connection/connection_support.c, line 421
css_readn: POLLHUP Invalid argument
Time: 08/25/21 08:33:53.806 - DEBUG *** file /home/joohok/cubrid/src/transaction/boot_cl.c, line 1714
ping server with handshake

Time: 08/25/21 08:33:53.806 - ERROR *** file /home/joohok/cubrid/src/communication/network_cl.c, line 3826 ERROR CODE = -191, Tran = -1, EID = 1
Cannot connect to server "testdb" on "localhost".

Time: 08/25/21 08:33:53.806 - DEBUG *** file /home/joohok/cubrid/src/transaction/boot_cl.c, line 1744
error -191. try to connect to next host

Time: 08/25/21 08:33:53.806 - ERROR *** file /home/joohok/cubrid/src/transaction/boot_cl.c, line 1776 ERROR CODE = -677, Tran = -1, EID = 2
Failed to connect to database server, 'testdb', on the following host(s): localhost

Time: 08/25/21 08:33:53.806 - DEBUG *** file /home/joohok/cubrid/src/transaction/boot_cl.c, line 1126
boot_restart_client: boot_client_initialize_css () error -191

Time: 08/25/21 08:33:53.817 - DEBUG *** file /home/joohok/cubrid/src/transaction/boot_cl.c, line 1692
trying to connect 'testdb@localhost'

Time: 08/25/21 08:33:53.817 - DEBUG *** file /home/joohok/cubrid/src/connection/connection_support.c, line 421
css_readn: POLLHUP Invalid argument
Time: 08/25/21 08:33:53.817 - DEBUG *** file /home/joohok/cubrid/src/transaction/boot_cl.c, line 1714
ping server with handshake

Time: 08/25/21 08:33:53.817 - ERROR *** file /home/joohok/cubrid/src/communication/network_cl.c, line 3826 ERROR CODE = -191, Tran = -1, EID = 1
Cannot connect to server "testdb" on "localhost".

Time: 08/25/21 08:33:53.817 - DEBUG *** file /home/joohok/cubrid/src/transaction/boot_cl.c, line 1744
error -191. try to connect to next host

Time: 08/25/21 08:33:53.817 - ERROR *** file /home/joohok/cubrid/src/transaction/boot_cl.c, line 1776 ERROR CODE = -677, Tran = -1, EID = 2
Failed to connect to database server, 'testdb', on the following host(s): localhost

Time: 08/25/21 08:33:53.817 - DEBUG *** file /home/joohok/cubrid/src/transaction/boot_cl.c, line 1126
boot_restart_client: boot_client_initialize_css () error -191

Time: 08/25/21 08:33:53.828 - DEBUG *** file /home/joohok/cubrid/src/transaction/boot_cl.c, line 1692
trying to connect 'testdb@localhost'

Time: 08/25/21 08:33:53.828 - DEBUG *** file /home/joohok/cubrid/src/connection/connection_support.c, line 421
css_readn: POLLHUP Invalid argument
Time: 08/25/21 08:33:53.828 - DEBUG *** file /home/joohok/cubrid/src/transaction/boot_cl.c, line 1714
ping server with handshake

Time: 08/25/21 08:33:53.828 - ERROR *** file /home/joohok/cubrid/src/communication/network_cl.c, line 3826 ERROR CODE = -191, Tran = -1, EID = 1
Cannot connect to server "testdb" on "localhost".

Time: 08/25/21 08:33:53.828 - DEBUG *** file /home/joohok/cubrid/src/transaction/boot_cl.c, line 1744
error -191. try to connect to next host

Time: 08/25/21 08:33:53.828 - ERROR *** file /home/joohok/cubrid/src/transaction/boot_cl.c, line 1776 ERROR CODE = -677, Tran = -1, EID = 2
Failed to connect to database server, 'testdb', on the following host(s): localhost

Time: 08/25/21 08:33:53.828 - DEBUG *** file /home/joohok/cubrid/src/transaction/boot_cl.c, line 1126
boot_restart_client: boot_client_initialize_css () error -191

Time: 08/25/21 08:33:53.839 - DEBUG *** file /home/joohok/cubrid/src/transaction/boot_cl.c, line 1692
trying to connect 'testdb@localhost'

Time: 08/25/21 08:33:53.839 - DEBUG *** file /home/joohok/cubrid/src/connection/connection_support.c, line 421
css_readn: POLLHUP Invalid argument
Time: 08/25/21 08:33:53.839 - DEBUG *** file /home/joohok/cubrid/src/transaction/boot_cl.c, line 1714
ping server with handshake

Time: 08/25/21 08:33:53.839 - ERROR *** file /home/joohok/cubrid/src/communication/network_cl.c, line 3826 ERROR CODE = -191, Tran = -1, EID = 1
Cannot connect to server "testdb" on "localhost".

Time: 08/25/21 08:33:53.839 - DEBUG *** file /home/joohok/cubrid/src/transaction/boot_cl.c, line 1744
error -191. try to connect to next host

Time: 08/25/21 08:33:53.839 - ERROR *** file /home/joohok/cubrid/src/transaction/boot_cl.c, line 1776 ERROR CODE = -677, Tran = -1, EID = 2
Failed to connect to database server, 'testdb', on the following host(s): localhost

Time: 08/25/21 08:33:53.839 - DEBUG *** file /home/joohok/cubrid/src/transaction/boot_cl.c, line 1126
boot_restart_client: boot_client_initialize_css () error -191

Time: 08/25/21 08:33:53.850 - DEBUG *** file /home/joohok/cubrid/src/transaction/boot_cl.c, line 1692
trying to connect 'testdb@localhost'

Time: 08/25/21 08:33:53.850 - DEBUG *** file /home/joohok/cubrid/src/connection/connection_support.c, line 421
css_readn: POLLHUP Invalid argument
Time: 08/25/21 08:33:53.850 - DEBUG *** file /home/joohok/cubrid/src/transaction/boot_cl.c, line 1714
ping server with handshake

Time: 08/25/21 08:33:53.850 - ERROR *** file /home/joohok/cubrid/src/communication/network_cl.c, line 3826 ERROR CODE = -191, Tran = -1, EID = 1
Cannot connect to server "testdb" on "localhost".

Time: 08/25/21 08:33:53.850 - DEBUG *** file /home/joohok/cubrid/src/transaction/boot_cl.c, line 1744
error -191. try to connect to next host

Time: 08/25/21 08:33:53.850 - ERROR *** file /home/joohok/cubrid/src/transaction/boot_cl.c, line 1776 ERROR CODE = -677, Tran = -1, EID = 2
Failed to connect to database server, 'testdb', on the following host(s): localhost

Time: 08/25/21 08:33:53.850 - DEBUG *** file /home/joohok/cubrid/src/transaction/boot_cl.c, line 1126
boot_restart_client: boot_client_initialize_css () error -191
