
Time: 08/20/21 10:59:00.418 - DEBUG *** file /home/joohok/cubrid-cdc-merged/src/transaction/boot_cl.c, line 1692
trying to connect 'testdb@localhost'

Time: 08/20/21 10:59:00.419 - DEBUG *** file /home/joohok/cubrid-cdc-merged/src/transaction/boot_cl.c, line 1714
ping server with handshake

Time: 08/20/21 10:59:00.419 - NOTIFICATION *** file /home/joohok/cubrid-cdc-merged/src/transaction/boot_cl.c, line 1130  CODE = -971, Tran = -1, EID = 1
Program 'csql' (pid 236445) connected to database server 'testdb' on the host 'localhost' (port 1523).

Time: 08/20/21 10:59:00.419 - DEBUG *** file /home/joohok/cubrid-cdc-merged/src/transaction/boot_cl.c, line 1180
boot_restart_client: register client { type 2 db testdb user dba password (null) program csql login joohok host JoohoK1 pid 236445 }

Time: 08/20/21 10:59:00.437 - DEBUG *** file /home/joohok/cubrid-cdc-merged/src/transaction/boot_cl.c, line 1692
trying to connect 'testdb@localhost'

Time: 08/20/21 10:59:00.437 - DEBUG *** file /home/joohok/cubrid-cdc-merged/src/transaction/boot_cl.c, line 1714
ping server with handshake

Time: 08/20/21 10:59:00.437 - NOTIFICATION *** file /home/joohok/cubrid-cdc-merged/src/transaction/boot_cl.c, line 1130  CODE = -971, Tran = -1, EID = 1
Program 'csql' (pid 236446) connected to database server 'testdb' on the host 'localhost' (port 1523).

Time: 08/20/21 10:59:00.437 - DEBUG *** file /home/joohok/cubrid-cdc-merged/src/transaction/boot_cl.c, line 1180
boot_restart_client: register client { type 2 db testdb user dba password (null) program csql login joohok host JoohoK1 pid 236446 }

Time: 08/20/21 10:59:00.463 - DEBUG *** file /home/joohok/cubrid-cdc-merged/src/transaction/boot_cl.c, line 1692
trying to connect 'testdb@localhost'

Time: 08/20/21 10:59:00.463 - DEBUG *** file /home/joohok/cubrid-cdc-merged/src/transaction/boot_cl.c, line 1714
ping server with handshake

Time: 08/20/21 10:59:00.463 - NOTIFICATION *** file /home/joohok/cubrid-cdc-merged/src/transaction/boot_cl.c, line 1130  CODE = -971, Tran = -1, EID = 1
Program 'csql' (pid 236447) connected to database server 'testdb' on the host 'localhost' (port 1523).

Time: 08/20/21 10:59:00.463 - DEBUG *** file /home/joohok/cubrid-cdc-merged/src/transaction/boot_cl.c, line 1180
boot_restart_client: register client { type 2 db testdb user dba password (null) program csql login joohok host JoohoK1 pid 236447 }

Time: 08/20/21 10:59:00.469 - DEBUG *** file /home/joohok/cubrid-cdc-merged/src/communication/network_interface_cl.c, line 6700
qmgr_execute_query requested: EXECUTION_WITH_AUTOCOMMIT

Time: 08/20/21 10:59:00.483 - DEBUG *** file /home/joohok/cubrid-cdc-merged/src/transaction/boot_cl.c, line 1692
trying to connect 'testdb@localhost'

Time: 08/20/21 10:59:00.483 - DEBUG *** file /home/joohok/cubrid-cdc-merged/src/transaction/boot_cl.c, line 1714
ping server with handshake

Time: 08/20/21 10:59:00.484 - NOTIFICATION *** file /home/joohok/cubrid-cdc-merged/src/transaction/boot_cl.c, line 1130  CODE = -971, Tran = -1, EID = 1
Program 'csql' (pid 236448) connected to database server 'testdb' on the host 'localhost' (port 1523).

Time: 08/20/21 10:59:00.484 - DEBUG *** file /home/joohok/cubrid-cdc-merged/src/transaction/boot_cl.c, line 1180
boot_restart_client: register client { type 2 db testdb user dba password (null) program csql login joohok host JoohoK1 pid 236448 }

Time: 08/20/21 10:59:00.490 - DEBUG *** file /home/joohok/cubrid-cdc-merged/src/communication/network_interface_cl.c, line 6700
qmgr_execute_query requested: EXECUTION_WITH_AUTOCOMMIT

Time: 08/20/21 10:59:00.501 - DEBUG *** file /home/joohok/cubrid-cdc-merged/src/transaction/boot_cl.c, line 1692
trying to connect 'testdb@localhost'

Time: 08/20/21 10:59:00.501 - DEBUG *** file /home/joohok/cubrid-cdc-merged/src/transaction/boot_cl.c, line 1714
ping server with handshake

Time: 08/20/21 10:59:00.501 - NOTIFICATION *** file /home/joohok/cubrid-cdc-merged/src/transaction/boot_cl.c, line 1130  CODE = -971, Tran = -1, EID = 1
Program 'csql' (pid 236449) connected to database server 'testdb' on the host 'localhost' (port 1523).

Time: 08/20/21 10:59:00.501 - DEBUG *** file /home/joohok/cubrid-cdc-merged/src/transaction/boot_cl.c, line 1180
boot_restart_client: register client { type 2 db testdb user dba password (null) program csql login joohok host JoohoK1 pid 236449 }

Time: 08/20/21 10:59:00.507 - DEBUG *** file /home/joohok/cubrid-cdc-merged/src/communication/network_interface_cl.c, line 6700
qmgr_execute_query requested: EXECUTION_WITH_AUTOCOMMIT

Time: 08/20/21 10:59:00.518 - DEBUG *** file /home/joohok/cubrid-cdc-merged/src/transaction/boot_cl.c, line 1692
trying to connect 'testdb@localhost'

Time: 08/20/21 10:59:00.518 - DEBUG *** file /home/joohok/cubrid-cdc-merged/src/transaction/boot_cl.c, line 1714
ping server with handshake

Time: 08/20/21 10:59:00.518 - NOTIFICATION *** file /home/joohok/cubrid-cdc-merged/src/transaction/boot_cl.c, line 1130  CODE = -971, Tran = -1, EID = 1
Program 'csql' (pid 236450) connected to database server 'testdb' on the host 'localhost' (port 1523).

Time: 08/20/21 10:59:00.518 - DEBUG *** file /home/joohok/cubrid-cdc-merged/src/transaction/boot_cl.c, line 1180
boot_restart_client: register client { type 2 db testdb user dba password (null) program csql login joohok host JoohoK1 pid 236450 }

Time: 08/20/21 10:59:00.524 - DEBUG *** file /home/joohok/cubrid-cdc-merged/src/communication/network_interface_cl.c, line 6700
qmgr_execute_query requested: EXECUTION_WITH_AUTOCOMMIT

Time: 08/20/21 11:01:02.548 - DEBUG *** file /home/joohok/cubrid-cdc-merged/src/transaction/boot_cl.c, line 1692
trying to connect 'testdb@localhost'

Time: 08/20/21 11:01:02.549 - DEBUG *** file /home/joohok/cubrid-cdc-merged/src/transaction/boot_cl.c, line 1714
ping server with handshake

Time: 08/20/21 11:01:02.549 - NOTIFICATION *** file /home/joohok/cubrid-cdc-merged/src/transaction/boot_cl.c, line 1130  CODE = -971, Tran = -1, EID = 1
Program 'csql' (pid 236750) connected to database server 'testdb' on the host 'localhost' (port 1523).

Time: 08/20/21 11:01:02.549 - DEBUG *** file /home/joohok/cubrid-cdc-merged/src/transaction/boot_cl.c, line 1180
boot_restart_client: register client { type 2 db testdb user dba password (null) program csql login joohok host JoohoK1 pid 236750 }

Time: 08/20/21 11:01:02.583 - DEBUG *** file /home/joohok/cubrid-cdc-merged/src/transaction/boot_cl.c, line 1692
trying to connect 'testdb@localhost'

Time: 08/20/21 11:01:02.583 - DEBUG *** file /home/joohok/cubrid-cdc-merged/src/transaction/boot_cl.c, line 1714
ping server with handshake

Time: 08/20/21 11:01:02.583 - NOTIFICATION *** file /home/joohok/cubrid-cdc-merged/src/transaction/boot_cl.c, line 1130  CODE = -971, Tran = -1, EID = 1
Program 'csql' (pid 236751) connected to database server 'testdb' on the host 'localhost' (port 1523).

Time: 08/20/21 11:01:02.584 - DEBUG *** file /home/joohok/cubrid-cdc-merged/src/transaction/boot_cl.c, line 1180
boot_restart_client: register client { type 2 db testdb user dba password (null) program csql login joohok host JoohoK1 pid 236751 }

Time: 08/20/21 11:01:02.606 - DEBUG *** file /home/joohok/cubrid-cdc-merged/src/transaction/boot_cl.c, line 1692
trying to connect 'testdb@localhost'

Time: 08/20/21 11:01:02.606 - DEBUG *** file /home/joohok/cubrid-cdc-merged/src/transaction/boot_cl.c, line 1714
ping server with handshake

Time: 08/20/21 11:01:02.606 - NOTIFICATION *** file /home/joohok/cubrid-cdc-merged/src/transaction/boot_cl.c, line 1130  CODE = -971, Tran = -1, EID = 1
Program 'csql' (pid 236752) connected to database server 'testdb' on the host 'localhost' (port 1523).

Time: 08/20/21 11:01:02.606 - DEBUG *** file /home/joohok/cubrid-cdc-merged/src/transaction/boot_cl.c, line 1180
boot_restart_client: register client { type 2 db testdb user dba password (null) program csql login joohok host JoohoK1 pid 236752 }

Time: 08/20/21 11:01:02.612 - DEBUG *** file /home/joohok/cubrid-cdc-merged/src/communication/network_interface_cl.c, line 6700
qmgr_execute_query requested: EXECUTION_WITH_AUTOCOMMIT

Time: 08/20/21 11:01:02.622 - DEBUG *** file /home/joohok/cubrid-cdc-merged/src/transaction/boot_cl.c, line 1692
trying to connect 'testdb@localhost'

Time: 08/20/21 11:01:02.622 - DEBUG *** file /home/joohok/cubrid-cdc-merged/src/transaction/boot_cl.c, line 1714
ping server with handshake

Time: 08/20/21 11:01:02.622 - NOTIFICATION *** file /home/joohok/cubrid-cdc-merged/src/transaction/boot_cl.c, line 1130  CODE = -971, Tran = -1, EID = 1
Program 'csql' (pid 236753) connected to database server 'testdb' on the host 'localhost' (port 1523).

Time: 08/20/21 11:01:02.622 - DEBUG *** file /home/joohok/cubrid-cdc-merged/src/transaction/boot_cl.c, line 1180
boot_restart_client: register client { type 2 db testdb user dba password (null) program csql login joohok host JoohoK1 pid 236753 }

Time: 08/20/21 11:01:02.628 - DEBUG *** file /home/joohok/cubrid-cdc-merged/src/communication/network_interface_cl.c, line 6700
qmgr_execute_query requested: EXECUTION_WITH_AUTOCOMMIT

Time: 08/20/21 11:01:02.638 - DEBUG *** file /home/joohok/cubrid-cdc-merged/src/transaction/boot_cl.c, line 1692
trying to connect 'testdb@localhost'

Time: 08/20/21 11:01:02.638 - DEBUG *** file /home/joohok/cubrid-cdc-merged/src/transaction/boot_cl.c, line 1714
ping server with handshake

Time: 08/20/21 11:01:02.638 - NOTIFICATION *** file /home/joohok/cubrid-cdc-merged/src/transaction/boot_cl.c, line 1130  CODE = -971, Tran = -1, EID = 1
Program 'csql' (pid 236754) connected to database server 'testdb' on the host 'localhost' (port 1523).

Time: 08/20/21 11:01:02.638 - DEBUG *** file /home/joohok/cubrid-cdc-merged/src/transaction/boot_cl.c, line 1180
boot_restart_client: register client { type 2 db testdb user dba password (null) program csql login joohok host JoohoK1 pid 236754 }

Time: 08/20/21 11:01:02.644 - DEBUG *** file /home/joohok/cubrid-cdc-merged/src/communication/network_interface_cl.c, line 6700
qmgr_execute_query requested: EXECUTION_WITH_AUTOCOMMIT

Time: 08/20/21 11:01:02.654 - DEBUG *** file /home/joohok/cubrid-cdc-merged/src/transaction/boot_cl.c, line 1692
trying to connect 'testdb@localhost'

Time: 08/20/21 11:01:02.654 - DEBUG *** file /home/joohok/cubrid-cdc-merged/src/transaction/boot_cl.c, line 1714
ping server with handshake

Time: 08/20/21 11:01:02.654 - NOTIFICATION *** file /home/joohok/cubrid-cdc-merged/src/transaction/boot_cl.c, line 1130  CODE = -971, Tran = -1, EID = 1
Program 'csql' (pid 236755) connected to database server 'testdb' on the host 'localhost' (port 1523).

Time: 08/20/21 11:01:02.654 - DEBUG *** file /home/joohok/cubrid-cdc-merged/src/transaction/boot_cl.c, line 1180
boot_restart_client: register client { type 2 db testdb user dba password (null) program csql login joohok host JoohoK1 pid 236755 }

Time: 08/20/21 11:01:02.660 - DEBUG *** file /home/joohok/cubrid-cdc-merged/src/communication/network_interface_cl.c, line 6700
qmgr_execute_query requested: EXECUTION_WITH_AUTOCOMMIT

Time: 08/20/21 11:06:17.986 - DEBUG *** file /home/joohok/cubrid-cdc-merged/src/transaction/boot_cl.c, line 1692
trying to connect 'testdb@localhost'

Time: 08/20/21 11:06:17.986 - DEBUG *** file /home/joohok/cubrid-cdc-merged/src/transaction/boot_cl.c, line 1714
ping server with handshake

Time: 08/20/21 11:06:17.987 - NOTIFICATION *** file /home/joohok/cubrid-cdc-merged/src/transaction/boot_cl.c, line 1130  CODE = -971, Tran = -1, EID = 1
Program 'csql' (pid 264914) connected to database server 'testdb' on the host 'localhost' (port 1523).

Time: 08/20/21 11:06:17.987 - DEBUG *** file /home/joohok/cubrid-cdc-merged/src/transaction/boot_cl.c, line 1180
boot_restart_client: register client { type 2 db testdb user dba password (null) program csql login joohok host JoohoK1 pid 264914 }

Time: 08/20/21 11:06:18.005 - DEBUG *** file /home/joohok/cubrid-cdc-merged/src/transaction/boot_cl.c, line 1692
trying to connect 'testdb@localhost'

Time: 08/20/21 11:06:18.005 - DEBUG *** file /home/joohok/cubrid-cdc-merged/src/transaction/boot_cl.c, line 1714
ping server with handshake

Time: 08/20/21 11:06:18.005 - NOTIFICATION *** file /home/joohok/cubrid-cdc-merged/src/transaction/boot_cl.c, line 1130  CODE = -971, Tran = -1, EID = 1
Program 'csql' (pid 264915) connected to database server 'testdb' on the host 'localhost' (port 1523).

Time: 08/20/21 11:06:18.005 - DEBUG *** file /home/joohok/cubrid-cdc-merged/src/transaction/boot_cl.c, line 1180
boot_restart_client: register client { type 2 db testdb user dba password (null) program csql login joohok host JoohoK1 pid 264915 }

Time: 08/20/21 11:06:18.031 - DEBUG *** file /home/joohok/cubrid-cdc-merged/src/transaction/boot_cl.c, line 1692
trying to connect 'testdb@localhost'

Time: 08/20/21 11:06:18.031 - DEBUG *** file /home/joohok/cubrid-cdc-merged/src/transaction/boot_cl.c, line 1714
ping server with handshake

Time: 08/20/21 11:06:18.031 - NOTIFICATION *** file /home/joohok/cubrid-cdc-merged/src/transaction/boot_cl.c, line 1130  CODE = -971, Tran = -1, EID = 1
Program 'csql' (pid 264916) connected to database server 'testdb' on the host 'localhost' (port 1523).

Time: 08/20/21 11:06:18.031 - DEBUG *** file /home/joohok/cubrid-cdc-merged/src/transaction/boot_cl.c, line 1180
boot_restart_client: register client { type 2 db testdb user dba password (null) program csql login joohok host JoohoK1 pid 264916 }

Time: 08/20/21 11:06:18.037 - DEBUG *** file /home/joohok/cubrid-cdc-merged/src/communication/network_interface_cl.c, line 6700
qmgr_execute_query requested: EXECUTION_WITH_AUTOCOMMIT

Time: 08/20/21 11:06:18.048 - DEBUG *** file /home/joohok/cubrid-cdc-merged/src/transaction/boot_cl.c, line 1692
trying to connect 'testdb@localhost'

Time: 08/20/21 11:06:18.048 - DEBUG *** file /home/joohok/cubrid-cdc-merged/src/transaction/boot_cl.c, line 1714
ping server with handshake

Time: 08/20/21 11:06:18.048 - NOTIFICATION *** file /home/joohok/cubrid-cdc-merged/src/transaction/boot_cl.c, line 1130  CODE = -971, Tran = -1, EID = 1
Program 'csql' (pid 264917) connected to database server 'testdb' on the host 'localhost' (port 1523).

Time: 08/20/21 11:06:18.049 - DEBUG *** file /home/joohok/cubrid-cdc-merged/src/transaction/boot_cl.c, line 1180
boot_restart_client: register client { type 2 db testdb user dba password (null) program csql login joohok host JoohoK1 pid 264917 }

Time: 08/20/21 11:06:18.055 - DEBUG *** file /home/joohok/cubrid-cdc-merged/src/communication/network_interface_cl.c, line 6700
qmgr_execute_query requested: EXECUTION_WITH_AUTOCOMMIT

Time: 08/20/21 11:06:18.065 - DEBUG *** file /home/joohok/cubrid-cdc-merged/src/transaction/boot_cl.c, line 1692
trying to connect 'testdb@localhost'

Time: 08/20/21 11:06:18.065 - DEBUG *** file /home/joohok/cubrid-cdc-merged/src/transaction/boot_cl.c, line 1714
ping server with handshake

Time: 08/20/21 11:06:18.065 - NOTIFICATION *** file /home/joohok/cubrid-cdc-merged/src/transaction/boot_cl.c, line 1130  CODE = -971, Tran = -1, EID = 1
Program 'csql' (pid 264918) connected to database server 'testdb' on the host 'localhost' (port 1523).

Time: 08/20/21 11:06:18.066 - DEBUG *** file /home/joohok/cubrid-cdc-merged/src/transaction/boot_cl.c, line 1180
boot_restart_client: register client { type 2 db testdb user dba password (null) program csql login joohok host JoohoK1 pid 264918 }

Time: 08/20/21 11:06:18.072 - DEBUG *** file /home/joohok/cubrid-cdc-merged/src/communication/network_interface_cl.c, line 6700
qmgr_execute_query requested: EXECUTION_WITH_AUTOCOMMIT

Time: 08/20/21 11:06:18.082 - DEBUG *** file /home/joohok/cubrid-cdc-merged/src/transaction/boot_cl.c, line 1692
trying to connect 'testdb@localhost'

Time: 08/20/21 11:06:18.082 - DEBUG *** file /home/joohok/cubrid-cdc-merged/src/transaction/boot_cl.c, line 1714
ping server with handshake

Time: 08/20/21 11:06:18.082 - NOTIFICATION *** file /home/joohok/cubrid-cdc-merged/src/transaction/boot_cl.c, line 1130  CODE = -971, Tran = -1, EID = 1
Program 'csql' (pid 264919) connected to database server 'testdb' on the host 'localhost' (port 1523).

Time: 08/20/21 11:06:18.083 - DEBUG *** file /home/joohok/cubrid-cdc-merged/src/transaction/boot_cl.c, line 1180
boot_restart_client: register client { type 2 db testdb user dba password (null) program csql login joohok host JoohoK1 pid 264919 }

Time: 08/20/21 11:06:18.089 - DEBUG *** file /home/joohok/cubrid-cdc-merged/src/communication/network_interface_cl.c, line 6700
qmgr_execute_query requested: EXECUTION_WITH_AUTOCOMMIT

Time: 08/25/21 08:34:09.843 - DEBUG *** file /home/joohok/cubrid/src/transaction/boot_cl.c, line 1692
trying to connect 'insert02db@localhost'

Time: 08/25/21 08:34:09.843 - DEBUG *** file /home/joohok/cubrid/src/transaction/boot_cl.c, line 1714
ping server with handshake

Time: 08/25/21 08:34:09.843 - NOTIFICATION *** file /home/joohok/cubrid/src/transaction/boot_cl.c, line 1130  CODE = -971, Tran = -1, EID = 1
Program 'csql' (pid 19040) connected to database server 'insert02db' on the host 'localhost' (port 1523).

Time: 08/25/21 08:34:09.844 - DEBUG *** file /home/joohok/cubrid/src/transaction/boot_cl.c, line 1180
boot_restart_client: register client { type 2 db insert02db user dba password (null) program csql login joohok host JoohoK2 pid 19040 }

Time: 08/25/21 08:34:09.870 - DEBUG *** file /home/joohok/cubrid/src/transaction/boot_cl.c, line 1692
trying to connect 'insert02db@localhost'

Time: 08/25/21 08:34:09.870 - DEBUG *** file /home/joohok/cubrid/src/transaction/boot_cl.c, line 1714
ping server with handshake

Time: 08/25/21 08:34:09.871 - NOTIFICATION *** file /home/joohok/cubrid/src/transaction/boot_cl.c, line 1130  CODE = -971, Tran = -1, EID = 1
Program 'csql' (pid 19041) connected to database server 'insert02db' on the host 'localhost' (port 1523).

Time: 08/25/21 08:34:09.871 - DEBUG *** file /home/joohok/cubrid/src/transaction/boot_cl.c, line 1180
boot_restart_client: register client { type 2 db insert02db user dba password (null) program csql login joohok host JoohoK2 pid 19041 }

Time: 08/25/21 08:34:09.877 - SYNTAX ERROR *** file /home/joohok/cubrid/src/parser/query_result.c, line 377 ERROR CODE = -494, Tran = 1, EID = 2
Semantic: before ' , acc)'
Attribute "ac" was not found. insert into insert02 insert02 (insert02.id, insert02.c, inse...

Time: 08/25/21 08:34:09.877 - SYNTAX ERROR *** file /home/joohok/cubrid/src/compat/db_vdb.c, line 967 ERROR CODE = -492, Tran = 1, EID = 3
before ' , acc)'
Attribute "ac" was not found.

*** The previous error message is the last one. ***


Time: 08/26/21 15:21:02.387 - DEBUG *** file /home/joohok/cubrid/src/transaction/boot_cl.c, line 1692
trying to connect 'insert02db@localhost'

Time: 08/26/21 15:21:02.387 - DEBUG *** file /home/joohok/cubrid/src/transaction/boot_cl.c, line 1714
ping server with handshake

Time: 08/26/21 15:21:02.388 - NOTIFICATION *** file /home/joohok/cubrid/src/transaction/boot_cl.c, line 1130  CODE = -971, Tran = -1, EID = 1
Program 'csql' (pid 95680) connected to database server 'insert02db' on the host 'localhost' (port 1523).

Time: 08/26/21 15:21:02.388 - DEBUG *** file /home/joohok/cubrid/src/transaction/boot_cl.c, line 1180
boot_restart_client: register client { type 2 db insert02db user dba password (null) program csql login joohok host JoohoK2 pid 95680 }

Time: 08/26/21 15:21:02.417 - DEBUG *** file /home/joohok/cubrid/src/transaction/boot_cl.c, line 1692
trying to connect 'insert02db@localhost'

Time: 08/26/21 15:21:02.418 - DEBUG *** file /home/joohok/cubrid/src/transaction/boot_cl.c, line 1714
ping server with handshake

Time: 08/26/21 15:21:02.418 - NOTIFICATION *** file /home/joohok/cubrid/src/transaction/boot_cl.c, line 1130  CODE = -971, Tran = -1, EID = 1
Program 'csql' (pid 95681) connected to database server 'insert02db' on the host 'localhost' (port 1523).

Time: 08/26/21 15:21:02.418 - DEBUG *** file /home/joohok/cubrid/src/transaction/boot_cl.c, line 1180
boot_restart_client: register client { type 2 db insert02db user dba password (null) program csql login joohok host JoohoK2 pid 95681 }

Time: 08/26/21 15:21:02.424 - SYNTAX ERROR *** file /home/joohok/cubrid/src/parser/query_result.c, line 377 ERROR CODE = -494, Tran = 1, EID = 2
Semantic: before ' , acc)'
Attribute "ac" was not found. insert into insert02 insert02 (insert02.id, insert02.c, inse...

Time: 08/26/21 15:21:02.424 - SYNTAX ERROR *** file /home/joohok/cubrid/src/compat/db_vdb.c, line 967 ERROR CODE = -492, Tran = 1, EID = 3
before ' , acc)'
Attribute "ac" was not found.

*** The previous error message is the last one. ***


Time: 08/26/21 15:21:24.324 - DEBUG *** file /home/joohok/cubrid/src/transaction/boot_cl.c, line 1692
trying to connect 'insert02db@localhost'

Time: 08/26/21 15:21:24.325 - DEBUG *** file /home/joohok/cubrid/src/transaction/boot_cl.c, line 1714
ping server with handshake

Time: 08/26/21 15:21:24.325 - NOTIFICATION *** file /home/joohok/cubrid/src/transaction/boot_cl.c, line 1130  CODE = -971, Tran = -1, EID = 1
Program 'csql' (pid 95949) connected to database server 'insert02db' on the host 'localhost' (port 1523).

Time: 08/26/21 15:21:24.325 - DEBUG *** file /home/joohok/cubrid/src/transaction/boot_cl.c, line 1180
boot_restart_client: register client { type 2 db insert02db user dba password (null) program csql login joohok host JoohoK2 pid 95949 }

Time: 08/26/21 15:21:24.351 - DEBUG *** file /home/joohok/cubrid/src/transaction/boot_cl.c, line 1692
trying to connect 'insert02db@localhost'

Time: 08/26/21 15:21:24.351 - DEBUG *** file /home/joohok/cubrid/src/transaction/boot_cl.c, line 1714
ping server with handshake

Time: 08/26/21 15:21:24.351 - NOTIFICATION *** file /home/joohok/cubrid/src/transaction/boot_cl.c, line 1130  CODE = -971, Tran = -1, EID = 1
Program 'csql' (pid 95950) connected to database server 'insert02db' on the host 'localhost' (port 1523).

Time: 08/26/21 15:21:24.351 - DEBUG *** file /home/joohok/cubrid/src/transaction/boot_cl.c, line 1180
boot_restart_client: register client { type 2 db insert02db user dba password (null) program csql login joohok host JoohoK2 pid 95950 }

Time: 08/26/21 15:21:24.357 - DEBUG *** file /home/joohok/cubrid/src/communication/network_interface_cl.c, line 6700
qmgr_execute_query requested: EXECUTION_WITH_AUTOCOMMIT

Time: 08/30/21 15:23:26.296 - DEBUG *** file /home/joohok/cubrid/src/transaction/boot_cl.c, line 1692
trying to connect 'insert02db@localhost'

Time: 08/30/21 15:23:26.297 - DEBUG *** file /home/joohok/cubrid/src/transaction/boot_cl.c, line 1714
ping server with handshake

Time: 08/30/21 15:23:26.297 - NOTIFICATION *** file /home/joohok/cubrid/src/transaction/boot_cl.c, line 1130  CODE = -971, Tran = -1, EID = 1
Program 'csql' (pid 121686) connected to database server 'insert02db' on the host 'localhost' (port 1523).

Time: 08/30/21 15:23:26.297 - DEBUG *** file /home/joohok/cubrid/src/transaction/boot_cl.c, line 1180
boot_restart_client: register client { type 2 db insert02db user dba password (null) program csql login joohok host JoohoK2 pid 121686 }

Time: 08/30/21 15:23:26.331 - DEBUG *** file /home/joohok/cubrid/src/transaction/boot_cl.c, line 1692
trying to connect 'insert02db@localhost'

Time: 08/30/21 15:23:26.331 - DEBUG *** file /home/joohok/cubrid/src/transaction/boot_cl.c, line 1714
ping server with handshake

Time: 08/30/21 15:23:26.331 - NOTIFICATION *** file /home/joohok/cubrid/src/transaction/boot_cl.c, line 1130  CODE = -971, Tran = -1, EID = 1
Program 'csql' (pid 121687) connected to database server 'insert02db' on the host 'localhost' (port 1523).

Time: 08/30/21 15:23:26.331 - DEBUG *** file /home/joohok/cubrid/src/transaction/boot_cl.c, line 1180
boot_restart_client: register client { type 2 db insert02db user dba password (null) program csql login joohok host JoohoK2 pid 121687 }

Time: 08/30/21 15:23:26.338 - DEBUG *** file /home/joohok/cubrid/src/communication/network_interface_cl.c, line 6701
qmgr_execute_query requested: EXECUTION_WITH_AUTOCOMMIT

Time: 09/02/21 11:19:26.627 - DEBUG *** file /home/joohok/cubrid-cdc-merged/src/transaction/boot_cl.c, line 1692
trying to connect 'insert02db@localhost'

Time: 09/02/21 11:19:26.627 - DEBUG *** file /home/joohok/cubrid-cdc-merged/src/transaction/boot_cl.c, line 1714
ping server with handshake

Time: 09/02/21 11:19:26.627 - NOTIFICATION *** file /home/joohok/cubrid-cdc-merged/src/transaction/boot_cl.c, line 1130  CODE = -971, Tran = -1, EID = 1
Program 'csql' (pid 142983) connected to database server 'insert02db' on the host 'localhost' (port 1523).

Time: 09/02/21 11:19:26.628 - DEBUG *** file /home/joohok/cubrid-cdc-merged/src/transaction/boot_cl.c, line 1180
boot_restart_client: register client { type 2 db insert02db user dba password (null) program csql login joohok host JoohoK2 pid 142983 }

Time: 09/02/21 11:19:26.656 - DEBUG *** file /home/joohok/cubrid-cdc-merged/src/transaction/boot_cl.c, line 1692
trying to connect 'insert02db@localhost'

Time: 09/02/21 11:19:26.656 - DEBUG *** file /home/joohok/cubrid-cdc-merged/src/transaction/boot_cl.c, line 1714
ping server with handshake

Time: 09/02/21 11:19:26.656 - NOTIFICATION *** file /home/joohok/cubrid-cdc-merged/src/transaction/boot_cl.c, line 1130  CODE = -971, Tran = -1, EID = 1
Program 'csql' (pid 142984) connected to database server 'insert02db' on the host 'localhost' (port 1523).

Time: 09/02/21 11:19:26.657 - DEBUG *** file /home/joohok/cubrid-cdc-merged/src/transaction/boot_cl.c, line 1180
boot_restart_client: register client { type 2 db insert02db user dba password (null) program csql login joohok host JoohoK2 pid 142984 }

Time: 09/02/21 11:19:26.663 - DEBUG *** file /home/joohok/cubrid-cdc-merged/src/communication/network_interface_cl.c, line 6701
qmgr_execute_query requested: EXECUTION_WITH_AUTOCOMMIT

Time: 09/05/21 21:43:13.754 - DEBUG *** file /home/joohok/cubrid-cdc-merged/src/transaction/boot_cl.c, line 1692
trying to connect 'insert02db@localhost'

Time: 09/05/21 21:43:13.754 - DEBUG *** file /home/joohok/cubrid-cdc-merged/src/transaction/boot_cl.c, line 1714
ping server with handshake

Time: 09/05/21 21:43:13.755 - NOTIFICATION *** file /home/joohok/cubrid-cdc-merged/src/transaction/boot_cl.c, line 1130  CODE = -971, Tran = -1, EID = 1
Program 'csql' (pid 155251) connected to database server 'insert02db' on the host 'localhost' (port 1523).

Time: 09/05/21 21:43:13.755 - DEBUG *** file /home/joohok/cubrid-cdc-merged/src/transaction/boot_cl.c, line 1180
boot_restart_client: register client { type 2 db insert02db user dba password (null) program csql login joohok host JoohoK2 pid 155251 }

Time: 09/05/21 21:43:13.782 - DEBUG *** file /home/joohok/cubrid-cdc-merged/src/transaction/boot_cl.c, line 1692
trying to connect 'insert02db@localhost'

Time: 09/05/21 21:43:13.783 - DEBUG *** file /home/joohok/cubrid-cdc-merged/src/transaction/boot_cl.c, line 1714
ping server with handshake

Time: 09/05/21 21:43:13.783 - NOTIFICATION *** file /home/joohok/cubrid-cdc-merged/src/transaction/boot_cl.c, line 1130  CODE = -971, Tran = -1, EID = 1
Program 'csql' (pid 155252) connected to database server 'insert02db' on the host 'localhost' (port 1523).

Time: 09/05/21 21:43:13.783 - DEBUG *** file /home/joohok/cubrid-cdc-merged/src/transaction/boot_cl.c, line 1180
boot_restart_client: register client { type 2 db insert02db user dba password (null) program csql login joohok host JoohoK2 pid 155252 }

Time: 09/05/21 21:43:13.789 - DEBUG *** file /home/joohok/cubrid-cdc-merged/src/communication/network_interface_cl.c, line 6701
qmgr_execute_query requested: EXECUTION_WITH_AUTOCOMMIT

Time: 09/05/21 22:43:35.429 - DEBUG *** file /home/joohok/cubrid-cdc-merged/src/transaction/boot_cl.c, line 1692
trying to connect 'insert02db@localhost'

Time: 09/05/21 22:43:35.429 - DEBUG *** file /home/joohok/cubrid-cdc-merged/src/transaction/boot_cl.c, line 1714
ping server with handshake

Time: 09/05/21 22:43:35.429 - NOTIFICATION *** file /home/joohok/cubrid-cdc-merged/src/transaction/boot_cl.c, line 1130  CODE = -971, Tran = -1, EID = 1
Program 'csql' (pid 167370) connected to database server 'insert02db' on the host 'localhost' (port 1523).

Time: 09/05/21 22:43:35.429 - DEBUG *** file /home/joohok/cubrid-cdc-merged/src/transaction/boot_cl.c, line 1180
boot_restart_client: register client { type 2 db insert02db user dba password (null) program csql login joohok host JoohoK2 pid 167370 }

Time: 09/05/21 22:43:35.456 - DEBUG *** file /home/joohok/cubrid-cdc-merged/src/transaction/boot_cl.c, line 1692
trying to connect 'insert02db@localhost'

Time: 09/05/21 22:43:35.456 - DEBUG *** file /home/joohok/cubrid-cdc-merged/src/transaction/boot_cl.c, line 1714
ping server with handshake

Time: 09/05/21 22:43:35.456 - NOTIFICATION *** file /home/joohok/cubrid-cdc-merged/src/transaction/boot_cl.c, line 1130  CODE = -971, Tran = -1, EID = 1
Program 'csql' (pid 167371) connected to database server 'insert02db' on the host 'localhost' (port 1523).

Time: 09/05/21 22:43:35.456 - DEBUG *** file /home/joohok/cubrid-cdc-merged/src/transaction/boot_cl.c, line 1180
boot_restart_client: register client { type 2 db insert02db user dba password (null) program csql login joohok host JoohoK2 pid 167371 }

Time: 09/05/21 22:43:35.462 - DEBUG *** file /home/joohok/cubrid-cdc-merged/src/communication/network_interface_cl.c, line 6701
qmgr_execute_query requested: EXECUTION_WITH_AUTOCOMMIT

Time: 09/05/21 22:44:54.166 - DEBUG *** file /home/joohok/cubrid-cdc-merged/src/transaction/boot_cl.c, line 1692
trying to connect 'insert02db@localhost'

Time: 09/05/21 22:44:54.166 - DEBUG *** file /home/joohok/cubrid-cdc-merged/src/transaction/boot_cl.c, line 1714
ping server with handshake

Time: 09/05/21 22:44:54.166 - NOTIFICATION *** file /home/joohok/cubrid-cdc-merged/src/transaction/boot_cl.c, line 1130  CODE = -971, Tran = -1, EID = 1
Program 'csql' (pid 167429) connected to database server 'insert02db' on the host 'localhost' (port 1523).

Time: 09/05/21 22:44:54.167 - DEBUG *** file /home/joohok/cubrid-cdc-merged/src/transaction/boot_cl.c, line 1180
boot_restart_client: register client { type 2 db insert02db user dba password (null) program csql login joohok host JoohoK2 pid 167429 }

Time: 09/05/21 22:44:54.174 - SYNTAX ERROR *** file /home/joohok/cubrid-cdc-merged/src/parser/query_result.c, line 377 ERROR CODE = -494, Tran = 1, EID = 2
Semantic: before '  (id int, c char(10), v varchar(10))'
Class insert02 already exists. create class insert02 ( id integer, c char(10), v varchar(10...

Time: 09/05/21 22:44:54.174 - SYNTAX ERROR *** file /home/joohok/cubrid-cdc-merged/src/compat/db_vdb.c, line 967 ERROR CODE = -492, Tran = 1, EID = 3
before '  (id int, c char(10), v varchar(10))'
Class insert02 already exists.

*** The previous error message is the last one. ***


Time: 09/05/21 22:44:54.186 - DEBUG *** file /home/joohok/cubrid-cdc-merged/src/transaction/boot_cl.c, line 1692
trying to connect 'insert02db@localhost'

Time: 09/05/21 22:44:54.186 - DEBUG *** file /home/joohok/cubrid-cdc-merged/src/transaction/boot_cl.c, line 1714
ping server with handshake

Time: 09/05/21 22:44:54.187 - NOTIFICATION *** file /home/joohok/cubrid-cdc-merged/src/transaction/boot_cl.c, line 1130  CODE = -971, Tran = -1, EID = 1
Program 'csql' (pid 167430) connected to database server 'insert02db' on the host 'localhost' (port 1523).

Time: 09/05/21 22:44:54.187 - DEBUG *** file /home/joohok/cubrid-cdc-merged/src/transaction/boot_cl.c, line 1180
boot_restart_client: register client { type 2 db insert02db user dba password (null) program csql login joohok host JoohoK2 pid 167430 }

Time: 09/05/21 22:44:54.194 - DEBUG *** file /home/joohok/cubrid-cdc-merged/src/communication/network_interface_cl.c, line 6701
qmgr_execute_query requested: EXECUTION_WITH_AUTOCOMMIT

Time: 09/05/21 22:45:02.411 - DEBUG *** file /home/joohok/cubrid-cdc-merged/src/transaction/boot_cl.c, line 1692
trying to connect 'insert02db@localhost'

Time: 09/05/21 22:45:02.412 - DEBUG *** file /home/joohok/cubrid-cdc-merged/src/transaction/boot_cl.c, line 1714
ping server with handshake

Time: 09/05/21 22:45:02.412 - NOTIFICATION *** file /home/joohok/cubrid-cdc-merged/src/transaction/boot_cl.c, line 1130  CODE = -971, Tran = -1, EID = 1
Program 'csql' (pid 167690) connected to database server 'insert02db' on the host 'localhost' (port 1523).

Time: 09/05/21 22:45:02.412 - DEBUG *** file /home/joohok/cubrid-cdc-merged/src/transaction/boot_cl.c, line 1180
boot_restart_client: register client { type 2 db insert02db user dba password (null) program csql login joohok host JoohoK2 pid 167690 }

Time: 09/05/21 22:45:02.441 - DEBUG *** file /home/joohok/cubrid-cdc-merged/src/transaction/boot_cl.c, line 1692
trying to connect 'insert02db@localhost'

Time: 09/05/21 22:45:02.442 - DEBUG *** file /home/joohok/cubrid-cdc-merged/src/transaction/boot_cl.c, line 1714
ping server with handshake

Time: 09/05/21 22:45:02.442 - NOTIFICATION *** file /home/joohok/cubrid-cdc-merged/src/transaction/boot_cl.c, line 1130  CODE = -971, Tran = -1, EID = 1
Program 'csql' (pid 167691) connected to database server 'insert02db' on the host 'localhost' (port 1523).

Time: 09/05/21 22:45:02.442 - DEBUG *** file /home/joohok/cubrid-cdc-merged/src/transaction/boot_cl.c, line 1180
boot_restart_client: register client { type 2 db insert02db user dba password (null) program csql login joohok host JoohoK2 pid 167691 }

Time: 09/05/21 22:45:02.449 - DEBUG *** file /home/joohok/cubrid-cdc-merged/src/communication/network_interface_cl.c, line 6701
qmgr_execute_query requested: EXECUTION_WITH_AUTOCOMMIT

Time: 09/05/21 22:45:39.694 - DEBUG *** file /home/joohok/cubrid-cdc-merged/src/transaction/boot_cl.c, line 1692
trying to connect 'insert02db@localhost'

Time: 09/05/21 22:45:39.694 - DEBUG *** file /home/joohok/cubrid-cdc-merged/src/transaction/boot_cl.c, line 1714
ping server with handshake

Time: 09/05/21 22:45:39.694 - NOTIFICATION *** file /home/joohok/cubrid-cdc-merged/src/transaction/boot_cl.c, line 1130  CODE = -971, Tran = -1, EID = 1
Program 'csql' (pid 167973) connected to database server 'insert02db' on the host 'localhost' (port 1523).

Time: 09/05/21 22:45:39.694 - DEBUG *** file /home/joohok/cubrid-cdc-merged/src/transaction/boot_cl.c, line 1180
boot_restart_client: register client { type 2 db insert02db user dba password (null) program csql login joohok host JoohoK2 pid 167973 }

Time: 09/05/21 22:45:39.719 - DEBUG *** file /home/joohok/cubrid-cdc-merged/src/transaction/boot_cl.c, line 1692
trying to connect 'insert02db@localhost'

Time: 09/05/21 22:45:39.719 - DEBUG *** file /home/joohok/cubrid-cdc-merged/src/transaction/boot_cl.c, line 1714
ping server with handshake

Time: 09/05/21 22:45:39.719 - NOTIFICATION *** file /home/joohok/cubrid-cdc-merged/src/transaction/boot_cl.c, line 1130  CODE = -971, Tran = -1, EID = 1
Program 'csql' (pid 167974) connected to database server 'insert02db' on the host 'localhost' (port 1523).

Time: 09/05/21 22:45:39.719 - DEBUG *** file /home/joohok/cubrid-cdc-merged/src/transaction/boot_cl.c, line 1180
boot_restart_client: register client { type 2 db insert02db user dba password (null) program csql login joohok host JoohoK2 pid 167974 }

Time: 09/05/21 22:45:39.725 - DEBUG *** file /home/joohok/cubrid-cdc-merged/src/communication/network_interface_cl.c, line 6701
qmgr_execute_query requested: EXECUTION_WITH_AUTOCOMMIT

Time: 09/06/21 18:49:12.375 - DEBUG *** file /home/joohok/cubrid-cdc-merged/src/transaction/boot_cl.c, line 1692
trying to connect 'insert02db@localhost'

Time: 09/06/21 18:49:12.375 - DEBUG *** file /home/joohok/cubrid-cdc-merged/src/transaction/boot_cl.c, line 1714
ping server with handshake

Time: 09/06/21 18:49:12.376 - NOTIFICATION *** file /home/joohok/cubrid-cdc-merged/src/transaction/boot_cl.c, line 1130  CODE = -971, Tran = -1, EID = 1
Program 'csql' (pid 179316) connected to database server 'insert02db' on the host 'localhost' (port 1523).

Time: 09/06/21 18:49:12.376 - DEBUG *** file /home/joohok/cubrid-cdc-merged/src/transaction/boot_cl.c, line 1180
boot_restart_client: register client { type 2 db insert02db user dba password (null) program csql login joohok host JoohoK2 pid 179316 }

Time: 09/06/21 18:49:12.404 - DEBUG *** file /home/joohok/cubrid-cdc-merged/src/transaction/boot_cl.c, line 1692
trying to connect 'insert02db@localhost'

Time: 09/06/21 18:49:12.404 - DEBUG *** file /home/joohok/cubrid-cdc-merged/src/transaction/boot_cl.c, line 1714
ping server with handshake

Time: 09/06/21 18:49:12.404 - NOTIFICATION *** file /home/joohok/cubrid-cdc-merged/src/transaction/boot_cl.c, line 1130  CODE = -971, Tran = -1, EID = 1
Program 'csql' (pid 179317) connected to database server 'insert02db' on the host 'localhost' (port 1523).

Time: 09/06/21 18:49:12.405 - DEBUG *** file /home/joohok/cubrid-cdc-merged/src/transaction/boot_cl.c, line 1180
boot_restart_client: register client { type 2 db insert02db user dba password (null) program csql login joohok host JoohoK2 pid 179317 }

Time: 09/06/21 18:49:12.411 - DEBUG *** file /home/joohok/cubrid-cdc-merged/src/communication/network_interface_cl.c, line 6701
qmgr_execute_query requested: EXECUTION_WITH_AUTOCOMMIT

Time: 09/06/21 19:00:14.978 - DEBUG *** file /home/joohok/cubrid-cdc-merged/src/transaction/boot_cl.c, line 1692
trying to connect 'insert02db@localhost'

Time: 09/06/21 19:00:14.978 - DEBUG *** file /home/joohok/cubrid-cdc-merged/src/transaction/boot_cl.c, line 1714
ping server with handshake

Time: 09/06/21 19:00:14.978 - NOTIFICATION *** file /home/joohok/cubrid-cdc-merged/src/transaction/boot_cl.c, line 1130  CODE = -971, Tran = -1, EID = 1
Program 'csql' (pid 184228) connected to database server 'insert02db' on the host 'localhost' (port 1523).

Time: 09/06/21 19:00:14.979 - DEBUG *** file /home/joohok/cubrid-cdc-merged/src/transaction/boot_cl.c, line 1180
boot_restart_client: register client { type 2 db insert02db user dba password (null) program csql login joohok host JoohoK2 pid 184228 }

Time: 09/06/21 19:00:15.006 - DEBUG *** file /home/joohok/cubrid-cdc-merged/src/transaction/boot_cl.c, line 1692
trying to connect 'insert02db@localhost'

Time: 09/06/21 19:00:15.006 - DEBUG *** file /home/joohok/cubrid-cdc-merged/src/transaction/boot_cl.c, line 1714
ping server with handshake

Time: 09/06/21 19:00:15.006 - NOTIFICATION *** file /home/joohok/cubrid-cdc-merged/src/transaction/boot_cl.c, line 1130  CODE = -971, Tran = -1, EID = 1
Program 'csql' (pid 184229) connected to database server 'insert02db' on the host 'localhost' (port 1523).

Time: 09/06/21 19:00:15.006 - DEBUG *** file /home/joohok/cubrid-cdc-merged/src/transaction/boot_cl.c, line 1180
boot_restart_client: register client { type 2 db insert02db user dba password (null) program csql login joohok host JoohoK2 pid 184229 }

Time: 09/06/21 19:00:15.012 - DEBUG *** file /home/joohok/cubrid-cdc-merged/src/communication/network_interface_cl.c, line 6701
qmgr_execute_query requested: EXECUTION_WITH_AUTOCOMMIT
