
Time: 08/25/21 08:47:27.086 - DEBUG *** file /home/joohok/cubrid/src/transaction/boot_cl.c, line 1692
trying to connect 'table05db@localhost'

Time: 08/25/21 08:47:27.087 - DEBUG *** file /home/joohok/cubrid/src/transaction/boot_cl.c, line 1714
ping server with handshake

Time: 08/25/21 08:47:27.087 - NOTIFICATION *** file /home/joohok/cubrid/src/transaction/boot_cl.c, line 1130  CODE = -971, Tran = -1, EID = 1
Program 'csql' (pid 47686) connected to database server 'table05db' on the host 'localhost' (port 1523).

Time: 08/25/21 08:47:27.087 - DEBUG *** file /home/joohok/cubrid/src/transaction/boot_cl.c, line 1180
boot_restart_client: register client { type 2 db table05db user dba password (null) program csql login joohok host JoohoK2 pid 47686 }

Time: 08/25/21 08:47:27.116 - DEBUG *** file /home/joohok/cubrid/src/transaction/boot_cl.c, line 1692
trying to connect 'table05db@localhost'

Time: 08/25/21 08:47:27.116 - DEBUG *** file /home/joohok/cubrid/src/transaction/boot_cl.c, line 1714
ping server with handshake

Time: 08/25/21 08:47:27.116 - NOTIFICATION *** file /home/joohok/cubrid/src/transaction/boot_cl.c, line 1130  CODE = -971, Tran = -1, EID = 1
Program 'csql' (pid 47687) connected to database server 'table05db' on the host 'localhost' (port 1523).

Time: 08/25/21 08:47:27.117 - DEBUG *** file /home/joohok/cubrid/src/transaction/boot_cl.c, line 1180
boot_restart_client: register client { type 2 db table05db user dba password (null) program csql login joohok host JoohoK2 pid 47687 }

Time: 08/25/21 08:47:27.123 - DEBUG *** file /home/joohok/cubrid/src/communication/network_interface_cl.c, line 6700
qmgr_execute_query requested: EXECUTION_WITH_AUTOCOMMIT

Time: 08/25/21 08:47:27.136 - DEBUG *** file /home/joohok/cubrid/src/transaction/boot_cl.c, line 1692
trying to connect 'table05db@localhost'

Time: 08/25/21 08:47:27.136 - DEBUG *** file /home/joohok/cubrid/src/transaction/boot_cl.c, line 1714
ping server with handshake

Time: 08/25/21 08:47:27.136 - NOTIFICATION *** file /home/joohok/cubrid/src/transaction/boot_cl.c, line 1130  CODE = -971, Tran = -1, EID = 1
Program 'csql' (pid 47688) connected to database server 'table05db' on the host 'localhost' (port 1523).

Time: 08/25/21 08:47:27.136 - DEBUG *** file /home/joohok/cubrid/src/transaction/boot_cl.c, line 1180
boot_restart_client: register client { type 2 db table05db user dba password (null) program csql login joohok host JoohoK2 pid 47688 }
