
Time: 08/25/21 05:16:02.338 - DEBUG *** file /home/joohok/cubrid/src/transaction/boot_cl.c, line 1692
trying to connect 'index01db@localhost'

Time: 08/25/21 05:16:02.338 - DEBUG *** file /home/joohok/cubrid/src/transaction/boot_cl.c, line 1714
ping server with handshake

Time: 08/25/21 05:16:02.338 - NOTIFICATION *** file /home/joohok/cubrid/src/transaction/boot_cl.c, line 1130  CODE = -971, Tran = -1, EID = 1
Program 'csql' (pid 286802) connected to database server 'index01db' on the host 'localhost' (port 1523).

Time: 08/25/21 05:16:02.339 - DEBUG *** file /home/joohok/cubrid/src/transaction/boot_cl.c, line 1180
boot_restart_client: register client { type 2 db index01db user dba password (null) program csql login joohok host JoohoK2 pid 286802 }

Time: 08/25/21 05:16:02.345 - SYNTAX ERROR *** file /home/joohok/cubrid/src/compat/db_vdb.c, line 967 ERROR CODE = -492, Tran = 1, EID = 2
In line 0, column 0 before END OF STATEMENT
Syntax error: unexpected ''', expecting SELECT or VALUE or VALUES or '('

*** The previous error message is the last one. ***


Time: 08/25/21 05:16:02.357 - DEBUG *** file /home/joohok/cubrid/src/transaction/boot_cl.c, line 1692
trying to connect 'index01db@localhost'

Time: 08/25/21 05:16:02.357 - DEBUG *** file /home/joohok/cubrid/src/transaction/boot_cl.c, line 1714
ping server with handshake

Time: 08/25/21 05:16:02.357 - NOTIFICATION *** file /home/joohok/cubrid/src/transaction/boot_cl.c, line 1130  CODE = -971, Tran = -1, EID = 1
Program 'csql' (pid 286803) connected to database server 'index01db' on the host 'localhost' (port 1523).

Time: 08/25/21 05:16:02.357 - DEBUG *** file /home/joohok/cubrid/src/transaction/boot_cl.c, line 1180
boot_restart_client: register client { type 2 db index01db user dba password (null) program csql login joohok host JoohoK2 pid 286803 }

Time: 08/25/21 05:16:02.363 - SYNTAX ERROR *** file /home/joohok/cubrid/src/compat/db_vdb.c, line 967 ERROR CODE = -492, Tran = 1, EID = 2
In line 0, column 0 before END OF STATEMENT
Syntax error: unexpected ''', expecting SELECT or VALUE or VALUES or '('

*** The previous error message is the last one. ***


Time: 08/25/21 05:16:58.701 - DEBUG *** file /home/joohok/cubrid/src/transaction/boot_cl.c, line 1692
trying to connect 'index01db@localhost'

Time: 08/25/21 05:16:58.701 - DEBUG *** file /home/joohok/cubrid/src/transaction/boot_cl.c, line 1714
ping server with handshake

Time: 08/25/21 05:16:58.701 - NOTIFICATION *** file /home/joohok/cubrid/src/transaction/boot_cl.c, line 1130  CODE = -971, Tran = -1, EID = 1
Program 'csql' (pid 287077) connected to database server 'index01db' on the host 'localhost' (port 1523).

Time: 08/25/21 05:16:58.702 - DEBUG *** file /home/joohok/cubrid/src/transaction/boot_cl.c, line 1180
boot_restart_client: register client { type 2 db index01db user dba password (null) program csql login joohok host JoohoK2 pid 287077 }

Time: 08/25/21 05:16:58.725 - DEBUG *** file /home/joohok/cubrid/src/transaction/boot_cl.c, line 1692
trying to connect 'index01db@localhost'

Time: 08/25/21 05:16:58.726 - DEBUG *** file /home/joohok/cubrid/src/transaction/boot_cl.c, line 1714
ping server with handshake

Time: 08/25/21 05:16:58.726 - NOTIFICATION *** file /home/joohok/cubrid/src/transaction/boot_cl.c, line 1130  CODE = -971, Tran = -1, EID = 1
Program 'csql' (pid 287078) connected to database server 'index01db' on the host 'localhost' (port 1523).

Time: 08/25/21 05:16:58.726 - DEBUG *** file /home/joohok/cubrid/src/transaction/boot_cl.c, line 1180
boot_restart_client: register client { type 2 db index01db user dba password (null) program csql login joohok host JoohoK2 pid 287078 }

Time: 08/25/21 05:29:13.499 - DEBUG *** file /home/joohok/cubrid/src/transaction/boot_cl.c, line 1692
trying to connect 'index01db@localhost'

Time: 08/25/21 05:29:13.499 - DEBUG *** file /home/joohok/cubrid/src/transaction/boot_cl.c, line 1714
ping server with handshake

Time: 08/25/21 05:29:13.499 - NOTIFICATION *** file /home/joohok/cubrid/src/transaction/boot_cl.c, line 1130  CODE = -971, Tran = -1, EID = 1
Program 'csql' (pid 4269) connected to database server 'index01db' on the host 'localhost' (port 1523).

Time: 08/25/21 05:29:13.500 - DEBUG *** file /home/joohok/cubrid/src/transaction/boot_cl.c, line 1180
boot_restart_client: register client { type 2 db index01db user dba password (null) program csql login joohok host JoohoK2 pid 4269 }

Time: 08/25/21 05:29:13.527 - DEBUG *** file /home/joohok/cubrid/src/transaction/boot_cl.c, line 1692
trying to connect 'index01db@localhost'

Time: 08/25/21 05:29:13.527 - DEBUG *** file /home/joohok/cubrid/src/transaction/boot_cl.c, line 1714
ping server with handshake

Time: 08/25/21 05:29:13.527 - NOTIFICATION *** file /home/joohok/cubrid/src/transaction/boot_cl.c, line 1130  CODE = -971, Tran = -1, EID = 1
Program 'csql' (pid 4270) connected to database server 'index01db' on the host 'localhost' (port 1523).

Time: 08/25/21 05:29:13.528 - DEBUG *** file /home/joohok/cubrid/src/transaction/boot_cl.c, line 1180
boot_restart_client: register client { type 2 db index01db user dba password (null) program csql login joohok host JoohoK2 pid 4270 }

Time: 08/25/21 05:33:19.053 - DEBUG *** file /home/joohok/cubrid/src/transaction/boot_cl.c, line 1692
trying to connect 'index01db@localhost'

Time: 08/25/21 05:33:19.053 - DEBUG *** file /home/joohok/cubrid/src/transaction/boot_cl.c, line 1714
ping server with handshake

Time: 08/25/21 05:33:19.053 - NOTIFICATION *** file /home/joohok/cubrid/src/transaction/boot_cl.c, line 1130  CODE = -971, Tran = -1, EID = 1
Program 'csql' (pid 4675) connected to database server 'index01db' on the host 'localhost' (port 1523).

Time: 08/25/21 05:33:19.053 - DEBUG *** file /home/joohok/cubrid/src/transaction/boot_cl.c, line 1180
boot_restart_client: register client { type 2 db index01db user dba password (null) program csql login joohok host JoohoK2 pid 4675 }

Time: 08/25/21 05:33:19.081 - DEBUG *** file /home/joohok/cubrid/src/transaction/boot_cl.c, line 1692
trying to connect 'index01db@localhost'

Time: 08/25/21 05:33:19.081 - DEBUG *** file /home/joohok/cubrid/src/transaction/boot_cl.c, line 1714
ping server with handshake

Time: 08/25/21 05:33:19.081 - NOTIFICATION *** file /home/joohok/cubrid/src/transaction/boot_cl.c, line 1130  CODE = -971, Tran = -1, EID = 1
Program 'csql' (pid 4676) connected to database server 'index01db' on the host 'localhost' (port 1523).

Time: 08/25/21 05:33:19.082 - DEBUG *** file /home/joohok/cubrid/src/transaction/boot_cl.c, line 1180
boot_restart_client: register client { type 2 db index01db user dba password (null) program csql login joohok host JoohoK2 pid 4676 }

Time: 08/25/21 05:34:06.071 - DEBUG *** file /home/joohok/cubrid/src/transaction/boot_cl.c, line 1692
trying to connect 'index01db@localhost'

Time: 08/25/21 05:34:06.071 - DEBUG *** file /home/joohok/cubrid/src/transaction/boot_cl.c, line 1714
ping server with handshake

Time: 08/25/21 05:34:06.071 - NOTIFICATION *** file /home/joohok/cubrid/src/transaction/boot_cl.c, line 1130  CODE = -971, Tran = -1, EID = 1
Program 'csql' (pid 4950) connected to database server 'index01db' on the host 'localhost' (port 1523).

Time: 08/25/21 05:34:06.072 - DEBUG *** file /home/joohok/cubrid/src/transaction/boot_cl.c, line 1180
boot_restart_client: register client { type 2 db index01db user dba password (null) program csql login joohok host JoohoK2 pid 4950 }

Time: 08/25/21 05:34:06.098 - DEBUG *** file /home/joohok/cubrid/src/transaction/boot_cl.c, line 1692
trying to connect 'index01db@localhost'

Time: 08/25/21 05:34:06.098 - DEBUG *** file /home/joohok/cubrid/src/transaction/boot_cl.c, line 1714
ping server with handshake

Time: 08/25/21 05:34:06.098 - NOTIFICATION *** file /home/joohok/cubrid/src/transaction/boot_cl.c, line 1130  CODE = -971, Tran = -1, EID = 1
Program 'csql' (pid 4951) connected to database server 'index01db' on the host 'localhost' (port 1523).

Time: 08/25/21 05:34:06.098 - DEBUG *** file /home/joohok/cubrid/src/transaction/boot_cl.c, line 1180
boot_restart_client: register client { type 2 db index01db user dba password (null) program csql login joohok host JoohoK2 pid 4951 }

Time: 08/25/21 05:34:30.708 - DEBUG *** file /home/joohok/cubrid/src/transaction/boot_cl.c, line 1692
trying to connect 'index01db@localhost'

Time: 08/25/21 05:34:30.708 - DEBUG *** file /home/joohok/cubrid/src/transaction/boot_cl.c, line 1714
ping server with handshake

Time: 08/25/21 05:34:30.708 - NOTIFICATION *** file /home/joohok/cubrid/src/transaction/boot_cl.c, line 1130  CODE = -971, Tran = -1, EID = 1
Program 'csql' (pid 5249) connected to database server 'index01db' on the host 'localhost' (port 1523).

Time: 08/25/21 05:34:30.709 - DEBUG *** file /home/joohok/cubrid/src/transaction/boot_cl.c, line 1180
boot_restart_client: register client { type 2 db index01db user dba password (null) program csql login joohok host JoohoK2 pid 5249 }

Time: 08/25/21 05:34:30.735 - DEBUG *** file /home/joohok/cubrid/src/transaction/boot_cl.c, line 1692
trying to connect 'index01db@localhost'

Time: 08/25/21 05:34:30.735 - DEBUG *** file /home/joohok/cubrid/src/transaction/boot_cl.c, line 1714
ping server with handshake

Time: 08/25/21 05:34:30.736 - NOTIFICATION *** file /home/joohok/cubrid/src/transaction/boot_cl.c, line 1130  CODE = -971, Tran = -1, EID = 1
Program 'csql' (pid 5250) connected to database server 'index01db' on the host 'localhost' (port 1523).

Time: 08/25/21 05:34:30.736 - DEBUG *** file /home/joohok/cubrid/src/transaction/boot_cl.c, line 1180
boot_restart_client: register client { type 2 db index01db user dba password (null) program csql login joohok host JoohoK2 pid 5250 }

Time: 08/25/21 08:47:31.662 - DEBUG *** file /home/joohok/cubrid/src/transaction/boot_cl.c, line 1692
trying to connect 'index01db@localhost'

Time: 08/25/21 08:47:31.662 - DEBUG *** file /home/joohok/cubrid/src/transaction/boot_cl.c, line 1714
ping server with handshake

Time: 08/25/21 08:47:31.662 - NOTIFICATION *** file /home/joohok/cubrid/src/transaction/boot_cl.c, line 1130  CODE = -971, Tran = -1, EID = 1
Program 'csql' (pid 47945) connected to database server 'index01db' on the host 'localhost' (port 1523).

Time: 08/25/21 08:47:31.662 - DEBUG *** file /home/joohok/cubrid/src/transaction/boot_cl.c, line 1180
boot_restart_client: register client { type 2 db index01db user dba password (null) program csql login joohok host JoohoK2 pid 47945 }

Time: 08/25/21 08:47:31.687 - DEBUG *** file /home/joohok/cubrid/src/transaction/boot_cl.c, line 1692
trying to connect 'index01db@localhost'

Time: 08/25/21 08:47:31.687 - DEBUG *** file /home/joohok/cubrid/src/transaction/boot_cl.c, line 1714
ping server with handshake

Time: 08/25/21 08:47:31.687 - NOTIFICATION *** file /home/joohok/cubrid/src/transaction/boot_cl.c, line 1130  CODE = -971, Tran = -1, EID = 1
Program 'csql' (pid 47946) connected to database server 'index01db' on the host 'localhost' (port 1523).

Time: 08/25/21 08:47:31.687 - DEBUG *** file /home/joohok/cubrid/src/transaction/boot_cl.c, line 1180
boot_restart_client: register client { type 2 db index01db user dba password (null) program csql login joohok host JoohoK2 pid 47946 }

Time: 08/30/21 15:52:43.739 - DEBUG *** file /home/joohok/cubrid/src/transaction/boot_cl.c, line 1692
trying to connect 'index01db@localhost'

Time: 08/30/21 15:52:43.739 - DEBUG *** file /home/joohok/cubrid/src/transaction/boot_cl.c, line 1714
ping server with handshake

Time: 08/30/21 15:52:43.739 - NOTIFICATION *** file /home/joohok/cubrid/src/transaction/boot_cl.c, line 1130  CODE = -971, Tran = -1, EID = 1
Program 'csql' (pid 126270) connected to database server 'index01db' on the host 'localhost' (port 1523).

Time: 08/30/21 15:52:43.740 - DEBUG *** file /home/joohok/cubrid/src/transaction/boot_cl.c, line 1180
boot_restart_client: register client { type 2 db index01db user dba password (null) program csql login joohok host JoohoK2 pid 126270 }

Time: 08/30/21 15:52:43.766 - DEBUG *** file /home/joohok/cubrid/src/transaction/boot_cl.c, line 1692
trying to connect 'index01db@localhost'

Time: 08/30/21 15:52:43.766 - DEBUG *** file /home/joohok/cubrid/src/transaction/boot_cl.c, line 1714
ping server with handshake

Time: 08/30/21 15:52:43.766 - NOTIFICATION *** file /home/joohok/cubrid/src/transaction/boot_cl.c, line 1130  CODE = -971, Tran = -1, EID = 1
Program 'csql' (pid 126271) connected to database server 'index01db' on the host 'localhost' (port 1523).

Time: 08/30/21 15:52:43.767 - DEBUG *** file /home/joohok/cubrid/src/transaction/boot_cl.c, line 1180
boot_restart_client: register client { type 2 db index01db user dba password (null) program csql login joohok host JoohoK2 pid 126271 }
