
Time: 09/15/21 13:49:46.068 - DEBUG *** file /home/joohok/cubrid/src/transaction/boot_cl.c, line 1692
trying to connect 'delete01db@localhost'

Time: 09/15/21 13:49:46.069 - DEBUG *** file /home/joohok/cubrid/src/transaction/boot_cl.c, line 1714
ping server with handshake

Time: 09/15/21 13:49:46.069 - NOTIFICATION *** file /home/joohok/cubrid/src/transaction/boot_cl.c, line 1130  CODE = -971, Tran = -1, EID = 1
Program 'csql' (pid 55051) connected to database server 'delete01db' on the host 'localhost' (port 1523).

Time: 09/15/21 13:49:46.069 - DEBUG *** file /home/joohok/cubrid/src/transaction/boot_cl.c, line 1180
boot_restart_client: register client { type 2 db delete01db user dba password (null) program csql login joohok host JoohoK2 pid 55051 }

Time: 09/15/21 13:49:46.116 - DEBUG *** file /home/joohok/cubrid/src/transaction/boot_cl.c, line 1692
trying to connect 'delete01db@localhost'

Time: 09/15/21 13:49:46.116 - DEBUG *** file /home/joohok/cubrid/src/transaction/boot_cl.c, line 1714
ping server with handshake

Time: 09/15/21 13:49:46.116 - NOTIFICATION *** file /home/joohok/cubrid/src/transaction/boot_cl.c, line 1130  CODE = -971, Tran = -1, EID = 1
Program 'csql' (pid 55052) connected to database server 'delete01db' on the host 'localhost' (port 1523).

Time: 09/15/21 13:49:46.117 - DEBUG *** file /home/joohok/cubrid/src/transaction/boot_cl.c, line 1180
boot_restart_client: register client { type 2 db delete01db user dba password (null) program csql login joohok host JoohoK2 pid 55052 }

Time: 09/15/21 13:49:46.123 - DEBUG *** file /home/joohok/cubrid/src/communication/network_interface_cl.c, line 6700
qmgr_execute_query requested: EXECUTION_WITH_AUTOCOMMIT

Time: 09/15/21 13:49:46.135 - DEBUG *** file /home/joohok/cubrid/src/transaction/boot_cl.c, line 1692
trying to connect 'delete01db@localhost'

Time: 09/15/21 13:49:46.135 - DEBUG *** file /home/joohok/cubrid/src/transaction/boot_cl.c, line 1714
ping server with handshake

Time: 09/15/21 13:49:46.135 - NOTIFICATION *** file /home/joohok/cubrid/src/transaction/boot_cl.c, line 1130  CODE = -971, Tran = -1, EID = 1
Program 'csql' (pid 55053) connected to database server 'delete01db' on the host 'localhost' (port 1523).

Time: 09/15/21 13:49:46.136 - DEBUG *** file /home/joohok/cubrid/src/transaction/boot_cl.c, line 1180
boot_restart_client: register client { type 2 db delete01db user dba password (null) program csql login joohok host JoohoK2 pid 55053 }

Time: 09/15/21 13:49:46.142 - DEBUG *** file /home/joohok/cubrid/src/communication/network_interface_cl.c, line 6700
qmgr_execute_query requested: EXECUTION_WITH_AUTOCOMMIT

Time: 09/15/21 13:49:46.153 - DEBUG *** file /home/joohok/cubrid/src/transaction/boot_cl.c, line 1692
trying to connect 'delete01db@localhost'

Time: 09/15/21 13:49:46.153 - DEBUG *** file /home/joohok/cubrid/src/transaction/boot_cl.c, line 1714
ping server with handshake

Time: 09/15/21 13:49:46.153 - NOTIFICATION *** file /home/joohok/cubrid/src/transaction/boot_cl.c, line 1130  CODE = -971, Tran = -1, EID = 1
Program 'csql' (pid 55054) connected to database server 'delete01db' on the host 'localhost' (port 1523).

Time: 09/15/21 13:49:46.154 - DEBUG *** file /home/joohok/cubrid/src/transaction/boot_cl.c, line 1180
boot_restart_client: register client { type 2 db delete01db user dba password (null) program csql login joohok host JoohoK2 pid 55054 }

Time: 09/15/21 13:49:46.160 - DEBUG *** file /home/joohok/cubrid/src/communication/network_interface_cl.c, line 6700
qmgr_execute_query requested: EXECUTION_WITH_AUTOCOMMIT

Time: 09/15/21 13:49:46.179 - DEBUG *** file /home/joohok/cubrid/src/transaction/boot_cl.c, line 1692
trying to connect 'delete01db@localhost'

Time: 09/15/21 13:49:46.179 - DEBUG *** file /home/joohok/cubrid/src/transaction/boot_cl.c, line 1714
ping server with handshake

Time: 09/15/21 13:49:46.180 - NOTIFICATION *** file /home/joohok/cubrid/src/transaction/boot_cl.c, line 1130  CODE = -971, Tran = -1, EID = 1
Program 'csql' (pid 55055) connected to database server 'delete01db' on the host 'localhost' (port 1523).

Time: 09/15/21 13:49:46.180 - DEBUG *** file /home/joohok/cubrid/src/transaction/boot_cl.c, line 1180
boot_restart_client: register client { type 2 db delete01db user dba password (null) program csql login joohok host JoohoK2 pid 55055 }

Time: 09/15/21 13:49:46.187 - DEBUG *** file /home/joohok/cubrid/src/communication/network_interface_cl.c, line 6700
qmgr_execute_query requested: EXECUTION_WITH_AUTOCOMMIT

Time: 09/15/21 13:49:46.199 - DEBUG *** file /home/joohok/cubrid/src/transaction/boot_cl.c, line 1692
trying to connect 'delete01db@localhost'

Time: 09/15/21 13:49:46.199 - DEBUG *** file /home/joohok/cubrid/src/transaction/boot_cl.c, line 1714
ping server with handshake

Time: 09/15/21 13:49:46.199 - NOTIFICATION *** file /home/joohok/cubrid/src/transaction/boot_cl.c, line 1130  CODE = -971, Tran = -1, EID = 1
Program 'csql' (pid 55056) connected to database server 'delete01db' on the host 'localhost' (port 1523).

Time: 09/15/21 13:49:46.199 - DEBUG *** file /home/joohok/cubrid/src/transaction/boot_cl.c, line 1180
boot_restart_client: register client { type 2 db delete01db user dba password (null) program csql login joohok host JoohoK2 pid 55056 }

Time: 09/15/21 13:49:46.206 - DEBUG *** file /home/joohok/cubrid/src/communication/network_interface_cl.c, line 6700
qmgr_execute_query requested: EXECUTION_WITH_AUTOCOMMIT

Time: 09/15/21 13:49:46.217 - DEBUG *** file /home/joohok/cubrid/src/transaction/boot_cl.c, line 1692
trying to connect 'delete01db@localhost'

Time: 09/15/21 13:49:46.217 - DEBUG *** file /home/joohok/cubrid/src/transaction/boot_cl.c, line 1714
ping server with handshake

Time: 09/15/21 13:49:46.217 - NOTIFICATION *** file /home/joohok/cubrid/src/transaction/boot_cl.c, line 1130  CODE = -971, Tran = -1, EID = 1
Program 'csql' (pid 55057) connected to database server 'delete01db' on the host 'localhost' (port 1523).

Time: 09/15/21 13:49:46.217 - DEBUG *** file /home/joohok/cubrid/src/transaction/boot_cl.c, line 1180
boot_restart_client: register client { type 2 db delete01db user dba password (null) program csql login joohok host JoohoK2 pid 55057 }

Time: 09/15/21 13:49:46.224 - DEBUG *** file /home/joohok/cubrid/src/communication/network_interface_cl.c, line 6700
qmgr_execute_query requested: EXECUTION_WITH_AUTOCOMMIT
