
Time: 08/20/21 10:59:00.418 - DEBUG *** file /home/joohok/cubrid-cdc-merged/src/transaction/boot_cl.c, line 1692
trying to connect 'testdb@localhost'

Time: 08/20/21 10:59:00.419 - DEBUG *** file /home/joohok/cubrid-cdc-merged/src/transaction/boot_cl.c, line 1714
ping server with handshake

Time: 08/20/21 10:59:00.419 - NOTIFICATION *** file /home/joohok/cubrid-cdc-merged/src/transaction/boot_cl.c, line 1130  CODE = -971, Tran = -1, EID = 1
Program 'csql' (pid 236445) connected to database server 'testdb' on the host 'localhost' (port 1523).

Time: 08/20/21 10:59:00.419 - DEBUG *** file /home/joohok/cubrid-cdc-merged/src/transaction/boot_cl.c, line 1180
boot_restart_client: register client { type 2 db testdb user dba password (null) program csql login joohok host JoohoK1 pid 236445 }

Time: 08/20/21 10:59:00.437 - DEBUG *** file /home/joohok/cubrid-cdc-merged/src/transaction/boot_cl.c, line 1692
trying to connect 'testdb@localhost'

Time: 08/20/21 10:59:00.437 - DEBUG *** file /home/joohok/cubrid-cdc-merged/src/transaction/boot_cl.c, line 1714
ping server with handshake

Time: 08/20/21 10:59:00.437 - NOTIFICATION *** file /home/joohok/cubrid-cdc-merged/src/transaction/boot_cl.c, line 1130  CODE = -971, Tran = -1, EID = 1
Program 'csql' (pid 236446) connected to database server 'testdb' on the host 'localhost' (port 1523).

Time: 08/20/21 10:59:00.437 - DEBUG *** file /home/joohok/cubrid-cdc-merged/src/transaction/boot_cl.c, line 1180
boot_restart_client: register client { type 2 db testdb user dba password (null) program csql login joohok host JoohoK1 pid 236446 }

Time: 08/20/21 10:59:00.463 - DEBUG *** file /home/joohok/cubrid-cdc-merged/src/transaction/boot_cl.c, line 1692
trying to connect 'testdb@localhost'

Time: 08/20/21 10:59:00.463 - DEBUG *** file /home/joohok/cubrid-cdc-merged/src/transaction/boot_cl.c, line 1714
ping server with handshake

Time: 08/20/21 10:59:00.463 - NOTIFICATION *** file /home/joohok/cubrid-cdc-merged/src/transaction/boot_cl.c, line 1130  CODE = -971, Tran = -1, EID = 1
Program 'csql' (pid 236447) connected to database server 'testdb' on the host 'localhost' (port 1523).

Time: 08/20/21 10:59:00.463 - DEBUG *** file /home/joohok/cubrid-cdc-merged/src/transaction/boot_cl.c, line 1180
boot_restart_client: register client { type 2 db testdb user dba password (null) program csql login joohok host JoohoK1 pid 236447 }

Time: 08/20/21 10:59:00.469 - DEBUG *** file /home/joohok/cubrid-cdc-merged/src/communication/network_interface_cl.c, line 6700
qmgr_execute_query requested: EXECUTION_WITH_AUTOCOMMIT

Time: 08/20/21 10:59:00.483 - DEBUG *** file /home/joohok/cubrid-cdc-merged/src/transaction/boot_cl.c, line 1692
trying to connect 'testdb@localhost'

Time: 08/20/21 10:59:00.483 - DEBUG *** file /home/joohok/cubrid-cdc-merged/src/transaction/boot_cl.c, line 1714
ping server with handshake

Time: 08/20/21 10:59:00.484 - NOTIFICATION *** file /home/joohok/cubrid-cdc-merged/src/transaction/boot_cl.c, line 1130  CODE = -971, Tran = -1, EID = 1
Program 'csql' (pid 236448) connected to database server 'testdb' on the host 'localhost' (port 1523).

Time: 08/20/21 10:59:00.484 - DEBUG *** file /home/joohok/cubrid-cdc-merged/src/transaction/boot_cl.c, line 1180
boot_restart_client: register client { type 2 db testdb user dba password (null) program csql login joohok host JoohoK1 pid 236448 }

Time: 08/20/21 10:59:00.490 - DEBUG *** file /home/joohok/cubrid-cdc-merged/src/communication/network_interface_cl.c, line 6700
qmgr_execute_query requested: EXECUTION_WITH_AUTOCOMMIT

Time: 08/20/21 10:59:00.501 - DEBUG *** file /home/joohok/cubrid-cdc-merged/src/transaction/boot_cl.c, line 1692
trying to connect 'testdb@localhost'

Time: 08/20/21 10:59:00.501 - DEBUG *** file /home/joohok/cubrid-cdc-merged/src/transaction/boot_cl.c, line 1714
ping server with handshake

Time: 08/20/21 10:59:00.501 - NOTIFICATION *** file /home/joohok/cubrid-cdc-merged/src/transaction/boot_cl.c, line 1130  CODE = -971, Tran = -1, EID = 1
Program 'csql' (pid 236449) connected to database server 'testdb' on the host 'localhost' (port 1523).

Time: 08/20/21 10:59:00.501 - DEBUG *** file /home/joohok/cubrid-cdc-merged/src/transaction/boot_cl.c, line 1180
boot_restart_client: register client { type 2 db testdb user dba password (null) program csql login joohok host JoohoK1 pid 236449 }

Time: 08/20/21 10:59:00.507 - DEBUG *** file /home/joohok/cubrid-cdc-merged/src/communication/network_interface_cl.c, line 6700
qmgr_execute_query requested: EXECUTION_WITH_AUTOCOMMIT

Time: 08/20/21 10:59:00.518 - DEBUG *** file /home/joohok/cubrid-cdc-merged/src/transaction/boot_cl.c, line 1692
trying to connect 'testdb@localhost'

Time: 08/20/21 10:59:00.518 - DEBUG *** file /home/joohok/cubrid-cdc-merged/src/transaction/boot_cl.c, line 1714
ping server with handshake

Time: 08/20/21 10:59:00.518 - NOTIFICATION *** file /home/joohok/cubrid-cdc-merged/src/transaction/boot_cl.c, line 1130  CODE = -971, Tran = -1, EID = 1
Program 'csql' (pid 236450) connected to database server 'testdb' on the host 'localhost' (port 1523).

Time: 08/20/21 10:59:00.518 - DEBUG *** file /home/joohok/cubrid-cdc-merged/src/transaction/boot_cl.c, line 1180
boot_restart_client: register client { type 2 db testdb user dba password (null) program csql login joohok host JoohoK1 pid 236450 }

Time: 08/20/21 10:59:00.524 - DEBUG *** file /home/joohok/cubrid-cdc-merged/src/communication/network_interface_cl.c, line 6700
qmgr_execute_query requested: EXECUTION_WITH_AUTOCOMMIT

Time: 08/20/21 11:01:02.548 - DEBUG *** file /home/joohok/cubrid-cdc-merged/src/transaction/boot_cl.c, line 1692
trying to connect 'testdb@localhost'

Time: 08/20/21 11:01:02.549 - DEBUG *** file /home/joohok/cubrid-cdc-merged/src/transaction/boot_cl.c, line 1714
ping server with handshake

Time: 08/20/21 11:01:02.549 - NOTIFICATION *** file /home/joohok/cubrid-cdc-merged/src/transaction/boot_cl.c, line 1130  CODE = -971, Tran = -1, EID = 1
Program 'csql' (pid 236750) connected to database server 'testdb' on the host 'localhost' (port 1523).

Time: 08/20/21 11:01:02.549 - DEBUG *** file /home/joohok/cubrid-cdc-merged/src/transaction/boot_cl.c, line 1180
boot_restart_client: register client { type 2 db testdb user dba password (null) program csql login joohok host JoohoK1 pid 236750 }

Time: 08/20/21 11:01:02.583 - DEBUG *** file /home/joohok/cubrid-cdc-merged/src/transaction/boot_cl.c, line 1692
trying to connect 'testdb@localhost'

Time: 08/20/21 11:01:02.583 - DEBUG *** file /home/joohok/cubrid-cdc-merged/src/transaction/boot_cl.c, line 1714
ping server with handshake

Time: 08/20/21 11:01:02.583 - NOTIFICATION *** file /home/joohok/cubrid-cdc-merged/src/transaction/boot_cl.c, line 1130  CODE = -971, Tran = -1, EID = 1
Program 'csql' (pid 236751) connected to database server 'testdb' on the host 'localhost' (port 1523).

Time: 08/20/21 11:01:02.584 - DEBUG *** file /home/joohok/cubrid-cdc-merged/src/transaction/boot_cl.c, line 1180
boot_restart_client: register client { type 2 db testdb user dba password (null) program csql login joohok host JoohoK1 pid 236751 }

Time: 08/20/21 11:01:02.606 - DEBUG *** file /home/joohok/cubrid-cdc-merged/src/transaction/boot_cl.c, line 1692
trying to connect 'testdb@localhost'

Time: 08/20/21 11:01:02.606 - DEBUG *** file /home/joohok/cubrid-cdc-merged/src/transaction/boot_cl.c, line 1714
ping server with handshake

Time: 08/20/21 11:01:02.606 - NOTIFICATION *** file /home/joohok/cubrid-cdc-merged/src/transaction/boot_cl.c, line 1130  CODE = -971, Tran = -1, EID = 1
Program 'csql' (pid 236752) connected to database server 'testdb' on the host 'localhost' (port 1523).

Time: 08/20/21 11:01:02.606 - DEBUG *** file /home/joohok/cubrid-cdc-merged/src/transaction/boot_cl.c, line 1180
boot_restart_client: register client { type 2 db testdb user dba password (null) program csql login joohok host JoohoK1 pid 236752 }

Time: 08/20/21 11:01:02.612 - DEBUG *** file /home/joohok/cubrid-cdc-merged/src/communication/network_interface_cl.c, line 6700
qmgr_execute_query requested: EXECUTION_WITH_AUTOCOMMIT

Time: 08/20/21 11:01:02.622 - DEBUG *** file /home/joohok/cubrid-cdc-merged/src/transaction/boot_cl.c, line 1692
trying to connect 'testdb@localhost'

Time: 08/20/21 11:01:02.622 - DEBUG *** file /home/joohok/cubrid-cdc-merged/src/transaction/boot_cl.c, line 1714
ping server with handshake

Time: 08/20/21 11:01:02.622 - NOTIFICATION *** file /home/joohok/cubrid-cdc-merged/src/transaction/boot_cl.c, line 1130  CODE = -971, Tran = -1, EID = 1
Program 'csql' (pid 236753) connected to database server 'testdb' on the host 'localhost' (port 1523).

Time: 08/20/21 11:01:02.622 - DEBUG *** file /home/joohok/cubrid-cdc-merged/src/transaction/boot_cl.c, line 1180
boot_restart_client: register client { type 2 db testdb user dba password (null) program csql login joohok host JoohoK1 pid 236753 }

Time: 08/20/21 11:01:02.628 - DEBUG *** file /home/joohok/cubrid-cdc-merged/src/communication/network_interface_cl.c, line 6700
qmgr_execute_query requested: EXECUTION_WITH_AUTOCOMMIT

Time: 08/20/21 11:01:02.638 - DEBUG *** file /home/joohok/cubrid-cdc-merged/src/transaction/boot_cl.c, line 1692
trying to connect 'testdb@localhost'

Time: 08/20/21 11:01:02.638 - DEBUG *** file /home/joohok/cubrid-cdc-merged/src/transaction/boot_cl.c, line 1714
ping server with handshake

Time: 08/20/21 11:01:02.638 - NOTIFICATION *** file /home/joohok/cubrid-cdc-merged/src/transaction/boot_cl.c, line 1130  CODE = -971, Tran = -1, EID = 1
Program 'csql' (pid 236754) connected to database server 'testdb' on the host 'localhost' (port 1523).

Time: 08/20/21 11:01:02.638 - DEBUG *** file /home/joohok/cubrid-cdc-merged/src/transaction/boot_cl.c, line 1180
boot_restart_client: register client { type 2 db testdb user dba password (null) program csql login joohok host JoohoK1 pid 236754 }

Time: 08/20/21 11:01:02.644 - DEBUG *** file /home/joohok/cubrid-cdc-merged/src/communication/network_interface_cl.c, line 6700
qmgr_execute_query requested: EXECUTION_WITH_AUTOCOMMIT

Time: 08/20/21 11:01:02.654 - DEBUG *** file /home/joohok/cubrid-cdc-merged/src/transaction/boot_cl.c, line 1692
trying to connect 'testdb@localhost'

Time: 08/20/21 11:01:02.654 - DEBUG *** file /home/joohok/cubrid-cdc-merged/src/transaction/boot_cl.c, line 1714
ping server with handshake

Time: 08/20/21 11:01:02.654 - NOTIFICATION *** file /home/joohok/cubrid-cdc-merged/src/transaction/boot_cl.c, line 1130  CODE = -971, Tran = -1, EID = 1
Program 'csql' (pid 236755) connected to database server 'testdb' on the host 'localhost' (port 1523).

Time: 08/20/21 11:01:02.654 - DEBUG *** file /home/joohok/cubrid-cdc-merged/src/transaction/boot_cl.c, line 1180
boot_restart_client: register client { type 2 db testdb user dba password (null) program csql login joohok host JoohoK1 pid 236755 }

Time: 08/20/21 11:01:02.660 - DEBUG *** file /home/joohok/cubrid-cdc-merged/src/communication/network_interface_cl.c, line 6700
qmgr_execute_query requested: EXECUTION_WITH_AUTOCOMMIT

Time: 08/20/21 11:06:17.986 - DEBUG *** file /home/joohok/cubrid-cdc-merged/src/transaction/boot_cl.c, line 1692
trying to connect 'testdb@localhost'

Time: 08/20/21 11:06:17.986 - DEBUG *** file /home/joohok/cubrid-cdc-merged/src/transaction/boot_cl.c, line 1714
ping server with handshake

Time: 08/20/21 11:06:17.987 - NOTIFICATION *** file /home/joohok/cubrid-cdc-merged/src/transaction/boot_cl.c, line 1130  CODE = -971, Tran = -1, EID = 1
Program 'csql' (pid 264914) connected to database server 'testdb' on the host 'localhost' (port 1523).

Time: 08/20/21 11:06:17.987 - DEBUG *** file /home/joohok/cubrid-cdc-merged/src/transaction/boot_cl.c, line 1180
boot_restart_client: register client { type 2 db testdb user dba password (null) program csql login joohok host JoohoK1 pid 264914 }

Time: 08/20/21 11:06:18.005 - DEBUG *** file /home/joohok/cubrid-cdc-merged/src/transaction/boot_cl.c, line 1692
trying to connect 'testdb@localhost'

Time: 08/20/21 11:06:18.005 - DEBUG *** file /home/joohok/cubrid-cdc-merged/src/transaction/boot_cl.c, line 1714
ping server with handshake

Time: 08/20/21 11:06:18.005 - NOTIFICATION *** file /home/joohok/cubrid-cdc-merged/src/transaction/boot_cl.c, line 1130  CODE = -971, Tran = -1, EID = 1
Program 'csql' (pid 264915) connected to database server 'testdb' on the host 'localhost' (port 1523).

Time: 08/20/21 11:06:18.005 - DEBUG *** file /home/joohok/cubrid-cdc-merged/src/transaction/boot_cl.c, line 1180
boot_restart_client: register client { type 2 db testdb user dba password (null) program csql login joohok host JoohoK1 pid 264915 }

Time: 08/20/21 11:06:18.031 - DEBUG *** file /home/joohok/cubrid-cdc-merged/src/transaction/boot_cl.c, line 1692
trying to connect 'testdb@localhost'

Time: 08/20/21 11:06:18.031 - DEBUG *** file /home/joohok/cubrid-cdc-merged/src/transaction/boot_cl.c, line 1714
ping server with handshake

Time: 08/20/21 11:06:18.031 - NOTIFICATION *** file /home/joohok/cubrid-cdc-merged/src/transaction/boot_cl.c, line 1130  CODE = -971, Tran = -1, EID = 1
Program 'csql' (pid 264916) connected to database server 'testdb' on the host 'localhost' (port 1523).

Time: 08/20/21 11:06:18.031 - DEBUG *** file /home/joohok/cubrid-cdc-merged/src/transaction/boot_cl.c, line 1180
boot_restart_client: register client { type 2 db testdb user dba password (null) program csql login joohok host JoohoK1 pid 264916 }

Time: 08/20/21 11:06:18.037 - DEBUG *** file /home/joohok/cubrid-cdc-merged/src/communication/network_interface_cl.c, line 6700
qmgr_execute_query requested: EXECUTION_WITH_AUTOCOMMIT

Time: 08/20/21 11:06:18.048 - DEBUG *** file /home/joohok/cubrid-cdc-merged/src/transaction/boot_cl.c, line 1692
trying to connect 'testdb@localhost'

Time: 08/20/21 11:06:18.048 - DEBUG *** file /home/joohok/cubrid-cdc-merged/src/transaction/boot_cl.c, line 1714
ping server with handshake

Time: 08/20/21 11:06:18.048 - NOTIFICATION *** file /home/joohok/cubrid-cdc-merged/src/transaction/boot_cl.c, line 1130  CODE = -971, Tran = -1, EID = 1
Program 'csql' (pid 264917) connected to database server 'testdb' on the host 'localhost' (port 1523).

Time: 08/20/21 11:06:18.049 - DEBUG *** file /home/joohok/cubrid-cdc-merged/src/transaction/boot_cl.c, line 1180
boot_restart_client: register client { type 2 db testdb user dba password (null) program csql login joohok host JoohoK1 pid 264917 }

Time: 08/20/21 11:06:18.055 - DEBUG *** file /home/joohok/cubrid-cdc-merged/src/communication/network_interface_cl.c, line 6700
qmgr_execute_query requested: EXECUTION_WITH_AUTOCOMMIT

Time: 08/20/21 11:06:18.065 - DEBUG *** file /home/joohok/cubrid-cdc-merged/src/transaction/boot_cl.c, line 1692
trying to connect 'testdb@localhost'

Time: 08/20/21 11:06:18.065 - DEBUG *** file /home/joohok/cubrid-cdc-merged/src/transaction/boot_cl.c, line 1714
ping server with handshake

Time: 08/20/21 11:06:18.065 - NOTIFICATION *** file /home/joohok/cubrid-cdc-merged/src/transaction/boot_cl.c, line 1130  CODE = -971, Tran = -1, EID = 1
Program 'csql' (pid 264918) connected to database server 'testdb' on the host 'localhost' (port 1523).

Time: 08/20/21 11:06:18.066 - DEBUG *** file /home/joohok/cubrid-cdc-merged/src/transaction/boot_cl.c, line 1180
boot_restart_client: register client { type 2 db testdb user dba password (null) program csql login joohok host JoohoK1 pid 264918 }

Time: 08/20/21 11:06:18.072 - DEBUG *** file /home/joohok/cubrid-cdc-merged/src/communication/network_interface_cl.c, line 6700
qmgr_execute_query requested: EXECUTION_WITH_AUTOCOMMIT

Time: 08/20/21 11:06:18.082 - DEBUG *** file /home/joohok/cubrid-cdc-merged/src/transaction/boot_cl.c, line 1692
trying to connect 'testdb@localhost'

Time: 08/20/21 11:06:18.082 - DEBUG *** file /home/joohok/cubrid-cdc-merged/src/transaction/boot_cl.c, line 1714
ping server with handshake

Time: 08/20/21 11:06:18.082 - NOTIFICATION *** file /home/joohok/cubrid-cdc-merged/src/transaction/boot_cl.c, line 1130  CODE = -971, Tran = -1, EID = 1
Program 'csql' (pid 264919) connected to database server 'testdb' on the host 'localhost' (port 1523).

Time: 08/20/21 11:06:18.083 - DEBUG *** file /home/joohok/cubrid-cdc-merged/src/transaction/boot_cl.c, line 1180
boot_restart_client: register client { type 2 db testdb user dba password (null) program csql login joohok host JoohoK1 pid 264919 }

Time: 08/20/21 11:06:18.089 - DEBUG *** file /home/joohok/cubrid-cdc-merged/src/communication/network_interface_cl.c, line 6700
qmgr_execute_query requested: EXECUTION_WITH_AUTOCOMMIT

Time: 08/25/21 08:37:38.755 - DEBUG *** file /home/joohok/cubrid/src/transaction/boot_cl.c, line 1692
trying to connect 'update02db@localhost'

Time: 08/25/21 08:37:38.756 - DEBUG *** file /home/joohok/cubrid/src/transaction/boot_cl.c, line 1714
ping server with handshake

Time: 08/25/21 08:37:38.756 - NOTIFICATION *** file /home/joohok/cubrid/src/transaction/boot_cl.c, line 1130  CODE = -971, Tran = -1, EID = 1
Program 'csql' (pid 36775) connected to database server 'update02db' on the host 'localhost' (port 1523).

Time: 08/25/21 08:37:38.756 - DEBUG *** file /home/joohok/cubrid/src/transaction/boot_cl.c, line 1180
boot_restart_client: register client { type 2 db update02db user dba password (null) program csql login joohok host JoohoK2 pid 36775 }

Time: 08/25/21 08:37:41.338 - DEBUG *** file /home/joohok/cubrid/src/transaction/boot_cl.c, line 1692
trying to connect 'update02db@localhost'

Time: 08/25/21 08:37:41.338 - DEBUG *** file /home/joohok/cubrid/src/transaction/boot_cl.c, line 1714
ping server with handshake

Time: 08/25/21 08:37:41.338 - NOTIFICATION *** file /home/joohok/cubrid/src/transaction/boot_cl.c, line 1130  CODE = -971, Tran = -1, EID = 1
Program 'csql' (pid 36776) connected to database server 'update02db' on the host 'localhost' (port 1523).

Time: 08/25/21 08:37:41.339 - DEBUG *** file /home/joohok/cubrid/src/transaction/boot_cl.c, line 1180
boot_restart_client: register client { type 2 db update02db user dba password (null) program csql login joohok host JoohoK2 pid 36776 }

Time: 08/25/21 08:37:41.344 - SYNTAX ERROR *** file /home/joohok/cubrid/src/parser/query_result.c, line 377 ERROR CODE = -494, Tran = 1, EID = 2
Semantic: before ' , acc)'
Attribute "ac" was not found. insert into update02 update02 (update02.id, update02.c, upda...

Time: 08/25/21 08:37:41.344 - SYNTAX ERROR *** file /home/joohok/cubrid/src/compat/db_vdb.c, line 967 ERROR CODE = -492, Tran = 1, EID = 3
before ' , acc)'
Attribute "ac" was not found.

*** The previous error message is the last one. ***


Time: 08/25/21 08:37:41.354 - DEBUG *** file /home/joohok/cubrid/src/transaction/boot_cl.c, line 1692
trying to connect 'update02db@localhost'

Time: 08/25/21 08:37:41.354 - DEBUG *** file /home/joohok/cubrid/src/transaction/boot_cl.c, line 1714
ping server with handshake

Time: 08/25/21 08:37:41.354 - NOTIFICATION *** file /home/joohok/cubrid/src/transaction/boot_cl.c, line 1130  CODE = -971, Tran = -1, EID = 1
Program 'csql' (pid 36777) connected to database server 'update02db' on the host 'localhost' (port 1523).

Time: 08/25/21 08:37:41.354 - DEBUG *** file /home/joohok/cubrid/src/transaction/boot_cl.c, line 1180
boot_restart_client: register client { type 2 db update02db user dba password (null) program csql login joohok host JoohoK2 pid 36777 }

Time: 08/25/21 08:37:41.359 - SYNTAX ERROR *** file /home/joohok/cubrid/src/parser/query_result.c, line 377 ERROR CODE = -494, Tran = 1, EID = 2
Semantic: before '  WHERE id=100'
Attribute "ddddd" was not found. update update02 update02 set update02.c=ddddd where update02...

Time: 08/25/21 08:37:41.359 - SYNTAX ERROR *** file /home/joohok/cubrid/src/compat/db_vdb.c, line 967 ERROR CODE = -492, Tran = 1, EID = 3
before '  WHERE id=100'
Attribute "ddddd" was not found.

*** The previous error message is the last one. ***


Time: 08/30/21 15:32:44.474 - DEBUG *** file /home/joohok/cubrid/src/transaction/boot_cl.c, line 1692
trying to connect 'update02db@localhost'

Time: 08/30/21 15:32:44.474 - DEBUG *** file /home/joohok/cubrid/src/transaction/boot_cl.c, line 1714
ping server with handshake

Time: 08/30/21 15:32:44.474 - NOTIFICATION *** file /home/joohok/cubrid/src/transaction/boot_cl.c, line 1130  CODE = -971, Tran = -1, EID = 1
Program 'csql' (pid 123469) connected to database server 'update02db' on the host 'localhost' (port 1523).

Time: 08/30/21 15:32:44.475 - DEBUG *** file /home/joohok/cubrid/src/transaction/boot_cl.c, line 1180
boot_restart_client: register client { type 2 db update02db user dba password (null) program csql login joohok host JoohoK2 pid 123469 }

Time: 08/30/21 15:32:44.506 - DEBUG *** file /home/joohok/cubrid/src/transaction/boot_cl.c, line 1692
trying to connect 'update02db@localhost'

Time: 08/30/21 15:32:44.506 - DEBUG *** file /home/joohok/cubrid/src/transaction/boot_cl.c, line 1714
ping server with handshake

Time: 08/30/21 15:32:44.506 - NOTIFICATION *** file /home/joohok/cubrid/src/transaction/boot_cl.c, line 1130  CODE = -971, Tran = -1, EID = 1
Program 'csql' (pid 123470) connected to database server 'update02db' on the host 'localhost' (port 1523).

Time: 08/30/21 15:32:44.506 - DEBUG *** file /home/joohok/cubrid/src/transaction/boot_cl.c, line 1180
boot_restart_client: register client { type 2 db update02db user dba password (null) program csql login joohok host JoohoK2 pid 123470 }

Time: 08/30/21 15:32:44.513 - SYNTAX ERROR *** file /home/joohok/cubrid/src/parser/query_result.c, line 377 ERROR CODE = -494, Tran = 1, EID = 2
Semantic: before ' , acc)'
Attribute "ac" was not found. insert into update02 update02 (update02.id, update02.c, upda...

Time: 08/30/21 15:32:44.513 - SYNTAX ERROR *** file /home/joohok/cubrid/src/compat/db_vdb.c, line 967 ERROR CODE = -492, Tran = 1, EID = 3
before ' , acc)'
Attribute "ac" was not found.

*** The previous error message is the last one. ***


Time: 08/30/21 15:32:44.525 - DEBUG *** file /home/joohok/cubrid/src/transaction/boot_cl.c, line 1692
trying to connect 'update02db@localhost'

Time: 08/30/21 15:32:44.525 - DEBUG *** file /home/joohok/cubrid/src/transaction/boot_cl.c, line 1714
ping server with handshake

Time: 08/30/21 15:32:44.525 - NOTIFICATION *** file /home/joohok/cubrid/src/transaction/boot_cl.c, line 1130  CODE = -971, Tran = -1, EID = 1
Program 'csql' (pid 123471) connected to database server 'update02db' on the host 'localhost' (port 1523).

Time: 08/30/21 15:32:44.525 - DEBUG *** file /home/joohok/cubrid/src/transaction/boot_cl.c, line 1180
boot_restart_client: register client { type 2 db update02db user dba password (null) program csql login joohok host JoohoK2 pid 123471 }

Time: 08/30/21 15:32:44.531 - SYNTAX ERROR *** file /home/joohok/cubrid/src/parser/query_result.c, line 377 ERROR CODE = -494, Tran = 1, EID = 2
Semantic: before '  WHERE id=100'
Attribute "ddddd" was not found. update update02 update02 set update02.c=ddddd where update02...

Time: 08/30/21 15:32:44.532 - SYNTAX ERROR *** file /home/joohok/cubrid/src/compat/db_vdb.c, line 967 ERROR CODE = -492, Tran = 1, EID = 3
before '  WHERE id=100'
Attribute "ddddd" was not found.

*** The previous error message is the last one. ***


Time: 09/02/21 11:20:01.245 - DEBUG *** file /home/joohok/cubrid-cdc-merged/src/transaction/boot_cl.c, line 1692
trying to connect 'update02db@localhost'

Time: 09/02/21 11:20:01.245 - DEBUG *** file /home/joohok/cubrid-cdc-merged/src/transaction/boot_cl.c, line 1714
ping server with handshake

Time: 09/02/21 11:20:01.245 - NOTIFICATION *** file /home/joohok/cubrid-cdc-merged/src/transaction/boot_cl.c, line 1130  CODE = -971, Tran = -1, EID = 1
Program 'csql' (pid 144559) connected to database server 'update02db' on the host 'localhost' (port 1523).

Time: 09/02/21 11:20:01.246 - DEBUG *** file /home/joohok/cubrid-cdc-merged/src/transaction/boot_cl.c, line 1180
boot_restart_client: register client { type 2 db update02db user dba password (null) program csql login joohok host JoohoK2 pid 144559 }

Time: 09/02/21 11:20:01.272 - DEBUG *** file /home/joohok/cubrid-cdc-merged/src/transaction/boot_cl.c, line 1692
trying to connect 'update02db@localhost'

Time: 09/02/21 11:20:01.272 - DEBUG *** file /home/joohok/cubrid-cdc-merged/src/transaction/boot_cl.c, line 1714
ping server with handshake

Time: 09/02/21 11:20:01.272 - NOTIFICATION *** file /home/joohok/cubrid-cdc-merged/src/transaction/boot_cl.c, line 1130  CODE = -971, Tran = -1, EID = 1
Program 'csql' (pid 144560) connected to database server 'update02db' on the host 'localhost' (port 1523).

Time: 09/02/21 11:20:01.272 - DEBUG *** file /home/joohok/cubrid-cdc-merged/src/transaction/boot_cl.c, line 1180
boot_restart_client: register client { type 2 db update02db user dba password (null) program csql login joohok host JoohoK2 pid 144560 }

Time: 09/02/21 11:20:01.278 - SYNTAX ERROR *** file /home/joohok/cubrid-cdc-merged/src/parser/query_result.c, line 377 ERROR CODE = -494, Tran = 1, EID = 2
Semantic: before ' , acc)'
Attribute "ac" was not found. insert into update02 update02 (update02.id, update02.c, upda...

Time: 09/02/21 11:20:01.278 - SYNTAX ERROR *** file /home/joohok/cubrid-cdc-merged/src/compat/db_vdb.c, line 967 ERROR CODE = -492, Tran = 1, EID = 3
before ' , acc)'
Attribute "ac" was not found.

*** The previous error message is the last one. ***


Time: 09/02/21 11:20:01.288 - DEBUG *** file /home/joohok/cubrid-cdc-merged/src/transaction/boot_cl.c, line 1692
trying to connect 'update02db@localhost'

Time: 09/02/21 11:20:01.288 - DEBUG *** file /home/joohok/cubrid-cdc-merged/src/transaction/boot_cl.c, line 1714
ping server with handshake

Time: 09/02/21 11:20:01.288 - NOTIFICATION *** file /home/joohok/cubrid-cdc-merged/src/transaction/boot_cl.c, line 1130  CODE = -971, Tran = -1, EID = 1
Program 'csql' (pid 144561) connected to database server 'update02db' on the host 'localhost' (port 1523).

Time: 09/02/21 11:20:01.288 - DEBUG *** file /home/joohok/cubrid-cdc-merged/src/transaction/boot_cl.c, line 1180
boot_restart_client: register client { type 2 db update02db user dba password (null) program csql login joohok host JoohoK2 pid 144561 }

Time: 09/02/21 11:20:01.294 - SYNTAX ERROR *** file /home/joohok/cubrid-cdc-merged/src/parser/query_result.c, line 377 ERROR CODE = -494, Tran = 1, EID = 2
Semantic: before '  WHERE id=100'
Attribute "ddddd" was not found. update update02 update02 set update02.c=ddddd where update02...

Time: 09/02/21 11:20:01.294 - SYNTAX ERROR *** file /home/joohok/cubrid-cdc-merged/src/compat/db_vdb.c, line 967 ERROR CODE = -492, Tran = 1, EID = 3
before '  WHERE id=100'
Attribute "ddddd" was not found.

*** The previous error message is the last one. ***


Time: 09/05/21 21:54:56.460 - DEBUG *** file /home/joohok/cubrid-cdc-merged/src/transaction/boot_cl.c, line 1692
trying to connect 'update02db@localhost'

Time: 09/05/21 21:54:56.460 - DEBUG *** file /home/joohok/cubrid-cdc-merged/src/transaction/boot_cl.c, line 1714
ping server with handshake

Time: 09/05/21 21:54:56.460 - NOTIFICATION *** file /home/joohok/cubrid-cdc-merged/src/transaction/boot_cl.c, line 1130  CODE = -971, Tran = -1, EID = 1
Program 'csql' (pid 157171) connected to database server 'update02db' on the host 'localhost' (port 1523).

Time: 09/05/21 21:54:56.461 - DEBUG *** file /home/joohok/cubrid-cdc-merged/src/transaction/boot_cl.c, line 1180
boot_restart_client: register client { type 2 db update02db user dba password (null) program csql login joohok host JoohoK2 pid 157171 }

Time: 09/05/21 21:54:56.487 - DEBUG *** file /home/joohok/cubrid-cdc-merged/src/transaction/boot_cl.c, line 1692
trying to connect 'update02db@localhost'

Time: 09/05/21 21:54:56.487 - DEBUG *** file /home/joohok/cubrid-cdc-merged/src/transaction/boot_cl.c, line 1714
ping server with handshake

Time: 09/05/21 21:54:56.488 - NOTIFICATION *** file /home/joohok/cubrid-cdc-merged/src/transaction/boot_cl.c, line 1130  CODE = -971, Tran = -1, EID = 1
Program 'csql' (pid 157172) connected to database server 'update02db' on the host 'localhost' (port 1523).

Time: 09/05/21 21:54:56.488 - DEBUG *** file /home/joohok/cubrid-cdc-merged/src/transaction/boot_cl.c, line 1180
boot_restart_client: register client { type 2 db update02db user dba password (null) program csql login joohok host JoohoK2 pid 157172 }

Time: 09/05/21 21:54:56.493 - SYNTAX ERROR *** file /home/joohok/cubrid-cdc-merged/src/parser/query_result.c, line 377 ERROR CODE = -494, Tran = 1, EID = 2
Semantic: before ' , acc)'
Attribute "ac" was not found. insert into update02 update02 (update02.id, update02.c, upda...

Time: 09/05/21 21:54:56.493 - SYNTAX ERROR *** file /home/joohok/cubrid-cdc-merged/src/compat/db_vdb.c, line 967 ERROR CODE = -492, Tran = 1, EID = 3
before ' , acc)'
Attribute "ac" was not found.

*** The previous error message is the last one. ***


Time: 09/05/21 21:54:56.504 - DEBUG *** file /home/joohok/cubrid-cdc-merged/src/transaction/boot_cl.c, line 1692
trying to connect 'update02db@localhost'

Time: 09/05/21 21:54:56.504 - DEBUG *** file /home/joohok/cubrid-cdc-merged/src/transaction/boot_cl.c, line 1714
ping server with handshake

Time: 09/05/21 21:54:56.504 - NOTIFICATION *** file /home/joohok/cubrid-cdc-merged/src/transaction/boot_cl.c, line 1130  CODE = -971, Tran = -1, EID = 1
Program 'csql' (pid 157173) connected to database server 'update02db' on the host 'localhost' (port 1523).

Time: 09/05/21 21:54:56.504 - DEBUG *** file /home/joohok/cubrid-cdc-merged/src/transaction/boot_cl.c, line 1180
boot_restart_client: register client { type 2 db update02db user dba password (null) program csql login joohok host JoohoK2 pid 157173 }

Time: 09/05/21 21:54:56.510 - SYNTAX ERROR *** file /home/joohok/cubrid-cdc-merged/src/parser/query_result.c, line 377 ERROR CODE = -494, Tran = 1, EID = 2
Semantic: before '  WHERE id=100'
Attribute "ddddd" was not found. update update02 update02 set update02.c=ddddd where update02...

Time: 09/05/21 21:54:56.510 - SYNTAX ERROR *** file /home/joohok/cubrid-cdc-merged/src/compat/db_vdb.c, line 967 ERROR CODE = -492, Tran = 1, EID = 3
before '  WHERE id=100'
Attribute "ddddd" was not found.

*** The previous error message is the last one. ***


Time: 09/06/21 01:39:24.374 - DEBUG *** file /home/joohok/cubrid-cdc-merged/src/transaction/boot_cl.c, line 1692
trying to connect 'update02db@localhost'

Time: 09/06/21 01:39:24.374 - DEBUG *** file /home/joohok/cubrid-cdc-merged/src/transaction/boot_cl.c, line 1714
ping server with handshake

Time: 09/06/21 01:39:24.375 - NOTIFICATION *** file /home/joohok/cubrid-cdc-merged/src/transaction/boot_cl.c, line 1130  CODE = -971, Tran = -1, EID = 1
Program 'csql' (pid 171860) connected to database server 'update02db' on the host 'localhost' (port 1523).

Time: 09/06/21 01:39:24.375 - DEBUG *** file /home/joohok/cubrid-cdc-merged/src/transaction/boot_cl.c, line 1180
boot_restart_client: register client { type 2 db update02db user dba password (null) program csql login joohok host JoohoK2 pid 171860 }

Time: 09/06/21 01:39:24.405 - DEBUG *** file /home/joohok/cubrid-cdc-merged/src/transaction/boot_cl.c, line 1692
trying to connect 'update02db@localhost'

Time: 09/06/21 01:39:24.405 - DEBUG *** file /home/joohok/cubrid-cdc-merged/src/transaction/boot_cl.c, line 1714
ping server with handshake

Time: 09/06/21 01:39:24.405 - NOTIFICATION *** file /home/joohok/cubrid-cdc-merged/src/transaction/boot_cl.c, line 1130  CODE = -971, Tran = -1, EID = 1
Program 'csql' (pid 171861) connected to database server 'update02db' on the host 'localhost' (port 1523).

Time: 09/06/21 01:39:24.406 - DEBUG *** file /home/joohok/cubrid-cdc-merged/src/transaction/boot_cl.c, line 1180
boot_restart_client: register client { type 2 db update02db user dba password (null) program csql login joohok host JoohoK2 pid 171861 }

Time: 09/06/21 01:39:24.412 - SYNTAX ERROR *** file /home/joohok/cubrid-cdc-merged/src/parser/query_result.c, line 377 ERROR CODE = -494, Tran = 1, EID = 2
Semantic: before ' , acc)'
Attribute "ac" was not found. insert into update02 update02 (update02.id, update02.c, upda...

Time: 09/06/21 01:39:24.412 - SYNTAX ERROR *** file /home/joohok/cubrid-cdc-merged/src/compat/db_vdb.c, line 967 ERROR CODE = -492, Tran = 1, EID = 3
before ' , acc)'
Attribute "ac" was not found.

*** The previous error message is the last one. ***


Time: 09/06/21 01:39:24.423 - DEBUG *** file /home/joohok/cubrid-cdc-merged/src/transaction/boot_cl.c, line 1692
trying to connect 'update02db@localhost'

Time: 09/06/21 01:39:24.423 - DEBUG *** file /home/joohok/cubrid-cdc-merged/src/transaction/boot_cl.c, line 1714
ping server with handshake

Time: 09/06/21 01:39:24.423 - NOTIFICATION *** file /home/joohok/cubrid-cdc-merged/src/transaction/boot_cl.c, line 1130  CODE = -971, Tran = -1, EID = 1
Program 'csql' (pid 171862) connected to database server 'update02db' on the host 'localhost' (port 1523).

Time: 09/06/21 01:39:24.423 - DEBUG *** file /home/joohok/cubrid-cdc-merged/src/transaction/boot_cl.c, line 1180
boot_restart_client: register client { type 2 db update02db user dba password (null) program csql login joohok host JoohoK2 pid 171862 }

Time: 09/06/21 01:39:24.429 - SYNTAX ERROR *** file /home/joohok/cubrid-cdc-merged/src/parser/query_result.c, line 377 ERROR CODE = -494, Tran = 1, EID = 2
Semantic: before '  WHERE id=100'
Attribute "ddddd" was not found. update update02 update02 set update02.c=ddddd where update02...

Time: 09/06/21 01:39:24.429 - SYNTAX ERROR *** file /home/joohok/cubrid-cdc-merged/src/compat/db_vdb.c, line 967 ERROR CODE = -492, Tran = 1, EID = 3
before '  WHERE id=100'
Attribute "ddddd" was not found.

*** The previous error message is the last one. ***


Time: 09/06/21 01:40:33.905 - DEBUG *** file /home/joohok/cubrid-cdc-merged/src/transaction/boot_cl.c, line 1692
trying to connect 'update02db@localhost'

Time: 09/06/21 01:40:33.905 - DEBUG *** file /home/joohok/cubrid-cdc-merged/src/transaction/boot_cl.c, line 1714
ping server with handshake

Time: 09/06/21 01:40:33.906 - NOTIFICATION *** file /home/joohok/cubrid-cdc-merged/src/transaction/boot_cl.c, line 1130  CODE = -971, Tran = -1, EID = 1
Program 'csql' (pid 172149) connected to database server 'update02db' on the host 'localhost' (port 1523).

Time: 09/06/21 01:40:33.906 - DEBUG *** file /home/joohok/cubrid-cdc-merged/src/transaction/boot_cl.c, line 1180
boot_restart_client: register client { type 2 db update02db user dba password (null) program csql login joohok host JoohoK2 pid 172149 }

Time: 09/06/21 01:40:33.934 - DEBUG *** file /home/joohok/cubrid-cdc-merged/src/transaction/boot_cl.c, line 1692
trying to connect 'update02db@localhost'

Time: 09/06/21 01:40:33.934 - DEBUG *** file /home/joohok/cubrid-cdc-merged/src/transaction/boot_cl.c, line 1714
ping server with handshake

Time: 09/06/21 01:40:33.934 - NOTIFICATION *** file /home/joohok/cubrid-cdc-merged/src/transaction/boot_cl.c, line 1130  CODE = -971, Tran = -1, EID = 1
Program 'csql' (pid 172150) connected to database server 'update02db' on the host 'localhost' (port 1523).

Time: 09/06/21 01:40:33.934 - DEBUG *** file /home/joohok/cubrid-cdc-merged/src/transaction/boot_cl.c, line 1180
boot_restart_client: register client { type 2 db update02db user dba password (null) program csql login joohok host JoohoK2 pid 172150 }

Time: 09/06/21 01:40:33.941 - DEBUG *** file /home/joohok/cubrid-cdc-merged/src/communication/network_interface_cl.c, line 6701
qmgr_execute_query requested: EXECUTION_WITH_AUTOCOMMIT

Time: 09/06/21 01:40:33.952 - DEBUG *** file /home/joohok/cubrid-cdc-merged/src/transaction/boot_cl.c, line 1692
trying to connect 'update02db@localhost'

Time: 09/06/21 01:40:33.952 - DEBUG *** file /home/joohok/cubrid-cdc-merged/src/transaction/boot_cl.c, line 1714
ping server with handshake

Time: 09/06/21 01:40:33.952 - NOTIFICATION *** file /home/joohok/cubrid-cdc-merged/src/transaction/boot_cl.c, line 1130  CODE = -971, Tran = -1, EID = 1
Program 'csql' (pid 172151) connected to database server 'update02db' on the host 'localhost' (port 1523).

Time: 09/06/21 01:40:33.952 - DEBUG *** file /home/joohok/cubrid-cdc-merged/src/transaction/boot_cl.c, line 1180
boot_restart_client: register client { type 2 db update02db user dba password (null) program csql login joohok host JoohoK2 pid 172151 }

Time: 09/06/21 01:40:33.959 - DEBUG *** file /home/joohok/cubrid-cdc-merged/src/communication/network_interface_cl.c, line 6701
qmgr_execute_query requested: EXECUTION_WITH_AUTOCOMMIT

Time: 09/06/21 01:41:04.330 - DEBUG *** file /home/joohok/cubrid-cdc-merged/src/transaction/boot_cl.c, line 1692
trying to connect 'update02db@localhost'

Time: 09/06/21 01:41:04.330 - DEBUG *** file /home/joohok/cubrid-cdc-merged/src/transaction/boot_cl.c, line 1714
ping server with handshake

Time: 09/06/21 01:41:04.331 - NOTIFICATION *** file /home/joohok/cubrid-cdc-merged/src/transaction/boot_cl.c, line 1130  CODE = -971, Tran = -1, EID = 1
Program 'csql' (pid 172189) connected to database server 'update02db' on the host 'localhost' (port 1523).

Time: 09/06/21 01:41:04.331 - DEBUG *** file /home/joohok/cubrid-cdc-merged/src/transaction/boot_cl.c, line 1180
boot_restart_client: register client { type 2 db update02db user dba password (null) program csql login joohok host JoohoK2 pid 172189 }

Time: 09/06/21 01:41:04.338 - SYNTAX ERROR *** file /home/joohok/cubrid-cdc-merged/src/parser/query_result.c, line 377 ERROR CODE = -494, Tran = 1, EID = 2
Semantic: before '  (id int, c char(10), v varchar(10))'
Class update02 already exists. create class update02 ( id integer, c char(10), v varchar(10...

Time: 09/06/21 01:41:04.338 - SYNTAX ERROR *** file /home/joohok/cubrid-cdc-merged/src/compat/db_vdb.c, line 967 ERROR CODE = -492, Tran = 1, EID = 3
before '  (id int, c char(10), v varchar(10))'
Class update02 already exists.

*** The previous error message is the last one. ***


Time: 09/06/21 01:41:04.350 - DEBUG *** file /home/joohok/cubrid-cdc-merged/src/transaction/boot_cl.c, line 1692
trying to connect 'update02db@localhost'

Time: 09/06/21 01:41:04.351 - DEBUG *** file /home/joohok/cubrid-cdc-merged/src/transaction/boot_cl.c, line 1714
ping server with handshake

Time: 09/06/21 01:41:04.351 - NOTIFICATION *** file /home/joohok/cubrid-cdc-merged/src/transaction/boot_cl.c, line 1130  CODE = -971, Tran = -1, EID = 1
Program 'csql' (pid 172190) connected to database server 'update02db' on the host 'localhost' (port 1523).

Time: 09/06/21 01:41:04.351 - DEBUG *** file /home/joohok/cubrid-cdc-merged/src/transaction/boot_cl.c, line 1180
boot_restart_client: register client { type 2 db update02db user dba password (null) program csql login joohok host JoohoK2 pid 172190 }

Time: 09/06/21 01:41:04.358 - DEBUG *** file /home/joohok/cubrid-cdc-merged/src/communication/network_interface_cl.c, line 6701
qmgr_execute_query requested: EXECUTION_WITH_AUTOCOMMIT

Time: 09/06/21 01:41:04.370 - DEBUG *** file /home/joohok/cubrid-cdc-merged/src/transaction/boot_cl.c, line 1692
trying to connect 'update02db@localhost'

Time: 09/06/21 01:41:04.371 - DEBUG *** file /home/joohok/cubrid-cdc-merged/src/transaction/boot_cl.c, line 1714
ping server with handshake

Time: 09/06/21 01:41:04.371 - NOTIFICATION *** file /home/joohok/cubrid-cdc-merged/src/transaction/boot_cl.c, line 1130  CODE = -971, Tran = -1, EID = 1
Program 'csql' (pid 172191) connected to database server 'update02db' on the host 'localhost' (port 1523).

Time: 09/06/21 01:41:04.371 - DEBUG *** file /home/joohok/cubrid-cdc-merged/src/transaction/boot_cl.c, line 1180
boot_restart_client: register client { type 2 db update02db user dba password (null) program csql login joohok host JoohoK2 pid 172191 }

Time: 09/06/21 01:41:04.377 - DEBUG *** file /home/joohok/cubrid-cdc-merged/src/communication/network_interface_cl.c, line 6701
qmgr_execute_query requested: EXECUTION_WITH_AUTOCOMMIT

Time: 09/06/21 01:41:12.494 - DEBUG *** file /home/joohok/cubrid-cdc-merged/src/transaction/boot_cl.c, line 1692
trying to connect 'update02db@localhost'

Time: 09/06/21 01:41:12.494 - DEBUG *** file /home/joohok/cubrid-cdc-merged/src/transaction/boot_cl.c, line 1714
ping server with handshake

Time: 09/06/21 01:41:12.494 - NOTIFICATION *** file /home/joohok/cubrid-cdc-merged/src/transaction/boot_cl.c, line 1130  CODE = -971, Tran = -1, EID = 1
Program 'csql' (pid 172449) connected to database server 'update02db' on the host 'localhost' (port 1523).

Time: 09/06/21 01:41:12.495 - DEBUG *** file /home/joohok/cubrid-cdc-merged/src/transaction/boot_cl.c, line 1180
boot_restart_client: register client { type 2 db update02db user dba password (null) program csql login joohok host JoohoK2 pid 172449 }

Time: 09/06/21 01:41:12.521 - DEBUG *** file /home/joohok/cubrid-cdc-merged/src/transaction/boot_cl.c, line 1692
trying to connect 'update02db@localhost'

Time: 09/06/21 01:41:12.521 - DEBUG *** file /home/joohok/cubrid-cdc-merged/src/transaction/boot_cl.c, line 1714
ping server with handshake

Time: 09/06/21 01:41:12.522 - NOTIFICATION *** file /home/joohok/cubrid-cdc-merged/src/transaction/boot_cl.c, line 1130  CODE = -971, Tran = -1, EID = 1
Program 'csql' (pid 172450) connected to database server 'update02db' on the host 'localhost' (port 1523).

Time: 09/06/21 01:41:12.522 - DEBUG *** file /home/joohok/cubrid-cdc-merged/src/transaction/boot_cl.c, line 1180
boot_restart_client: register client { type 2 db update02db user dba password (null) program csql login joohok host JoohoK2 pid 172450 }

Time: 09/06/21 01:41:12.528 - DEBUG *** file /home/joohok/cubrid-cdc-merged/src/communication/network_interface_cl.c, line 6701
qmgr_execute_query requested: EXECUTION_WITH_AUTOCOMMIT

Time: 09/06/21 01:41:12.539 - DEBUG *** file /home/joohok/cubrid-cdc-merged/src/transaction/boot_cl.c, line 1692
trying to connect 'update02db@localhost'

Time: 09/06/21 01:41:12.539 - DEBUG *** file /home/joohok/cubrid-cdc-merged/src/transaction/boot_cl.c, line 1714
ping server with handshake

Time: 09/06/21 01:41:12.539 - NOTIFICATION *** file /home/joohok/cubrid-cdc-merged/src/transaction/boot_cl.c, line 1130  CODE = -971, Tran = -1, EID = 1
Program 'csql' (pid 172451) connected to database server 'update02db' on the host 'localhost' (port 1523).

Time: 09/06/21 01:41:12.539 - DEBUG *** file /home/joohok/cubrid-cdc-merged/src/transaction/boot_cl.c, line 1180
boot_restart_client: register client { type 2 db update02db user dba password (null) program csql login joohok host JoohoK2 pid 172451 }

Time: 09/06/21 01:41:12.546 - DEBUG *** file /home/joohok/cubrid-cdc-merged/src/communication/network_interface_cl.c, line 6701
qmgr_execute_query requested: EXECUTION_WITH_AUTOCOMMIT

Time: 09/06/21 01:42:07.741 - DEBUG *** file /home/joohok/cubrid-cdc-merged/src/transaction/boot_cl.c, line 1692
trying to connect 'update02db@localhost'

Time: 09/06/21 01:42:07.741 - DEBUG *** file /home/joohok/cubrid-cdc-merged/src/transaction/boot_cl.c, line 1714
ping server with handshake

Time: 09/06/21 01:42:07.742 - NOTIFICATION *** file /home/joohok/cubrid-cdc-merged/src/transaction/boot_cl.c, line 1130  CODE = -971, Tran = -1, EID = 1
Program 'csql' (pid 172464) connected to database server 'update02db' on the host 'localhost' (port 1523).

Time: 09/06/21 01:42:07.742 - DEBUG *** file /home/joohok/cubrid-cdc-merged/src/transaction/boot_cl.c, line 1180
boot_restart_client: register client { type 2 db update02db user dba password (null) program csql login joohok host JoohoK2 pid 172464 }

Time: 09/06/21 01:42:07.750 - SYNTAX ERROR *** file /home/joohok/cubrid-cdc-merged/src/parser/query_result.c, line 377 ERROR CODE = -494, Tran = 1, EID = 2
Semantic: before '  (id int, c char(10), v varchar(10))'
Class update02 already exists. create class update02 ( id integer, c char(10), v varchar(10...

Time: 09/06/21 01:42:07.750 - SYNTAX ERROR *** file /home/joohok/cubrid-cdc-merged/src/compat/db_vdb.c, line 967 ERROR CODE = -492, Tran = 1, EID = 3
before '  (id int, c char(10), v varchar(10))'
Class update02 already exists.

*** The previous error message is the last one. ***


Time: 09/06/21 01:42:07.762 - DEBUG *** file /home/joohok/cubrid-cdc-merged/src/transaction/boot_cl.c, line 1692
trying to connect 'update02db@localhost'

Time: 09/06/21 01:42:07.762 - DEBUG *** file /home/joohok/cubrid-cdc-merged/src/transaction/boot_cl.c, line 1714
ping server with handshake

Time: 09/06/21 01:42:07.762 - NOTIFICATION *** file /home/joohok/cubrid-cdc-merged/src/transaction/boot_cl.c, line 1130  CODE = -971, Tran = -1, EID = 1
Program 'csql' (pid 172465) connected to database server 'update02db' on the host 'localhost' (port 1523).

Time: 09/06/21 01:42:07.763 - DEBUG *** file /home/joohok/cubrid-cdc-merged/src/transaction/boot_cl.c, line 1180
boot_restart_client: register client { type 2 db update02db user dba password (null) program csql login joohok host JoohoK2 pid 172465 }

Time: 09/06/21 01:42:07.769 - DEBUG *** file /home/joohok/cubrid-cdc-merged/src/communication/network_interface_cl.c, line 6701
qmgr_execute_query requested: EXECUTION_WITH_AUTOCOMMIT

Time: 09/06/21 01:42:07.782 - DEBUG *** file /home/joohok/cubrid-cdc-merged/src/transaction/boot_cl.c, line 1692
trying to connect 'update02db@localhost'

Time: 09/06/21 01:42:07.782 - DEBUG *** file /home/joohok/cubrid-cdc-merged/src/transaction/boot_cl.c, line 1714
ping server with handshake

Time: 09/06/21 01:42:07.782 - NOTIFICATION *** file /home/joohok/cubrid-cdc-merged/src/transaction/boot_cl.c, line 1130  CODE = -971, Tran = -1, EID = 1
Program 'csql' (pid 172466) connected to database server 'update02db' on the host 'localhost' (port 1523).

Time: 09/06/21 01:42:07.782 - DEBUG *** file /home/joohok/cubrid-cdc-merged/src/transaction/boot_cl.c, line 1180
boot_restart_client: register client { type 2 db update02db user dba password (null) program csql login joohok host JoohoK2 pid 172466 }

Time: 09/06/21 01:42:07.789 - DEBUG *** file /home/joohok/cubrid-cdc-merged/src/communication/network_interface_cl.c, line 6701
qmgr_execute_query requested: EXECUTION_WITH_AUTOCOMMIT

Time: 09/06/21 18:51:09.215 - DEBUG *** file /home/joohok/cubrid-cdc-merged/src/transaction/boot_cl.c, line 1692
trying to connect 'update02db@localhost'

Time: 09/06/21 18:51:09.215 - DEBUG *** file /home/joohok/cubrid-cdc-merged/src/transaction/boot_cl.c, line 1714
ping server with handshake

Time: 09/06/21 18:51:09.215 - NOTIFICATION *** file /home/joohok/cubrid-cdc-merged/src/transaction/boot_cl.c, line 1130  CODE = -971, Tran = -1, EID = 1
Program 'csql' (pid 180671) connected to database server 'update02db' on the host 'localhost' (port 1523).

Time: 09/06/21 18:51:09.215 - DEBUG *** file /home/joohok/cubrid-cdc-merged/src/transaction/boot_cl.c, line 1180
boot_restart_client: register client { type 2 db update02db user dba password (null) program csql login joohok host JoohoK2 pid 180671 }

Time: 09/06/21 18:51:09.245 - DEBUG *** file /home/joohok/cubrid-cdc-merged/src/transaction/boot_cl.c, line 1692
trying to connect 'update02db@localhost'

Time: 09/06/21 18:51:09.245 - DEBUG *** file /home/joohok/cubrid-cdc-merged/src/transaction/boot_cl.c, line 1714
ping server with handshake

Time: 09/06/21 18:51:09.245 - NOTIFICATION *** file /home/joohok/cubrid-cdc-merged/src/transaction/boot_cl.c, line 1130  CODE = -971, Tran = -1, EID = 1
Program 'csql' (pid 180672) connected to database server 'update02db' on the host 'localhost' (port 1523).

Time: 09/06/21 18:51:09.245 - DEBUG *** file /home/joohok/cubrid-cdc-merged/src/transaction/boot_cl.c, line 1180
boot_restart_client: register client { type 2 db update02db user dba password (null) program csql login joohok host JoohoK2 pid 180672 }

Time: 09/06/21 18:51:09.252 - DEBUG *** file /home/joohok/cubrid-cdc-merged/src/communication/network_interface_cl.c, line 6701
qmgr_execute_query requested: EXECUTION_WITH_AUTOCOMMIT

Time: 09/06/21 18:51:09.264 - DEBUG *** file /home/joohok/cubrid-cdc-merged/src/transaction/boot_cl.c, line 1692
trying to connect 'update02db@localhost'

Time: 09/06/21 18:51:09.264 - DEBUG *** file /home/joohok/cubrid-cdc-merged/src/transaction/boot_cl.c, line 1714
ping server with handshake

Time: 09/06/21 18:51:09.264 - NOTIFICATION *** file /home/joohok/cubrid-cdc-merged/src/transaction/boot_cl.c, line 1130  CODE = -971, Tran = -1, EID = 1
Program 'csql' (pid 180673) connected to database server 'update02db' on the host 'localhost' (port 1523).

Time: 09/06/21 18:51:09.264 - DEBUG *** file /home/joohok/cubrid-cdc-merged/src/transaction/boot_cl.c, line 1180
boot_restart_client: register client { type 2 db update02db user dba password (null) program csql login joohok host JoohoK2 pid 180673 }

Time: 09/06/21 18:51:09.272 - DEBUG *** file /home/joohok/cubrid-cdc-merged/src/communication/network_interface_cl.c, line 6701
qmgr_execute_query requested: EXECUTION_WITH_AUTOCOMMIT
