
Time: 08/25/21 06:40:22.980 - DEBUG *** file /home/joohok/cubrid/src/transaction/boot_cl.c, line 1692
trying to connect 'trigger03db@localhost'

Time: 08/25/21 06:40:22.980 - DEBUG *** file /home/joohok/cubrid/src/transaction/boot_cl.c, line 1714
ping server with handshake

Time: 08/25/21 06:40:22.980 - NOTIFICATION *** file /home/joohok/cubrid/src/transaction/boot_cl.c, line 1130  CODE = -971, Tran = -1, EID = 1
Program 'csql' (pid 12646) connected to database server 'trigger03db' on the host 'localhost' (port 1523).

Time: 08/25/21 06:40:22.980 - DEBUG *** file /home/joohok/cubrid/src/transaction/boot_cl.c, line 1180
boot_restart_client: register client { type 2 db trigger03db user dba password (null) program csql login joohok host JoohoK2 pid 12646 }

Time: 08/25/21 06:40:23.005 - DEBUG *** file /home/joohok/cubrid/src/transaction/boot_cl.c, line 1692
trying to connect 'trigger03db@localhost'

Time: 08/25/21 06:40:23.005 - DEBUG *** file /home/joohok/cubrid/src/transaction/boot_cl.c, line 1714
ping server with handshake

Time: 08/25/21 06:40:23.005 - NOTIFICATION *** file /home/joohok/cubrid/src/transaction/boot_cl.c, line 1130  CODE = -971, Tran = -1, EID = 1
Program 'csql' (pid 12647) connected to database server 'trigger03db' on the host 'localhost' (port 1523).

Time: 08/25/21 06:40:23.006 - DEBUG *** file /home/joohok/cubrid/src/transaction/boot_cl.c, line 1180
boot_restart_client: register client { type 2 db trigger03db user dba password (null) program csql login joohok host JoohoK2 pid 12647 }

Time: 08/25/21 06:40:23.025 - DEBUG *** file /home/joohok/cubrid/src/transaction/boot_cl.c, line 1692
trying to connect 'trigger03db@localhost'

Time: 08/25/21 06:40:23.025 - DEBUG *** file /home/joohok/cubrid/src/transaction/boot_cl.c, line 1714
ping server with handshake

Time: 08/25/21 06:40:23.025 - NOTIFICATION *** file /home/joohok/cubrid/src/transaction/boot_cl.c, line 1130  CODE = -971, Tran = -1, EID = 1
Program 'csql' (pid 12648) connected to database server 'trigger03db' on the host 'localhost' (port 1523).

Time: 08/25/21 06:40:23.026 - DEBUG *** file /home/joohok/cubrid/src/transaction/boot_cl.c, line 1180
boot_restart_client: register client { type 2 db trigger03db user dba password (null) program csql login joohok host JoohoK2 pid 12648 }

Time: 08/25/21 08:58:19.699 - DEBUG *** file /home/joohok/cubrid/src/transaction/boot_cl.c, line 1692
trying to connect 'trigger03db@localhost'

Time: 08/25/21 08:58:19.699 - DEBUG *** file /home/joohok/cubrid/src/transaction/boot_cl.c, line 1714
ping server with handshake

Time: 08/25/21 08:58:19.699 - NOTIFICATION *** file /home/joohok/cubrid/src/transaction/boot_cl.c, line 1130  CODE = -971, Tran = -1, EID = 1
Program 'csql' (pid 50529) connected to database server 'trigger03db' on the host 'localhost' (port 1523).

Time: 08/25/21 08:58:19.700 - DEBUG *** file /home/joohok/cubrid/src/transaction/boot_cl.c, line 1180
boot_restart_client: register client { type 2 db trigger03db user dba password (null) program csql login joohok host JoohoK2 pid 50529 }

Time: 08/25/21 08:58:19.725 - DEBUG *** file /home/joohok/cubrid/src/transaction/boot_cl.c, line 1692
trying to connect 'trigger03db@localhost'

Time: 08/25/21 08:58:19.725 - DEBUG *** file /home/joohok/cubrid/src/transaction/boot_cl.c, line 1714
ping server with handshake

Time: 08/25/21 08:58:19.725 - NOTIFICATION *** file /home/joohok/cubrid/src/transaction/boot_cl.c, line 1130  CODE = -971, Tran = -1, EID = 1
Program 'csql' (pid 50530) connected to database server 'trigger03db' on the host 'localhost' (port 1523).

Time: 08/25/21 08:58:19.726 - DEBUG *** file /home/joohok/cubrid/src/transaction/boot_cl.c, line 1180
boot_restart_client: register client { type 2 db trigger03db user dba password (null) program csql login joohok host JoohoK2 pid 50530 }

Time: 08/25/21 08:58:19.745 - DEBUG *** file /home/joohok/cubrid/src/transaction/boot_cl.c, line 1692
trying to connect 'trigger03db@localhost'

Time: 08/25/21 08:58:19.745 - DEBUG *** file /home/joohok/cubrid/src/transaction/boot_cl.c, line 1714
ping server with handshake

Time: 08/25/21 08:58:19.745 - NOTIFICATION *** file /home/joohok/cubrid/src/transaction/boot_cl.c, line 1130  CODE = -971, Tran = -1, EID = 1
Program 'csql' (pid 50531) connected to database server 'trigger03db' on the host 'localhost' (port 1523).

Time: 08/25/21 08:58:19.745 - DEBUG *** file /home/joohok/cubrid/src/transaction/boot_cl.c, line 1180
boot_restart_client: register client { type 2 db trigger03db user dba password (null) program csql login joohok host JoohoK2 pid 50531 }
