
Time: 08/25/21 06:59:32.868 - DEBUG *** file /home/joohok/cubrid/src/transaction/boot_cl.c, line 1692
trying to connect 'trigger04db@localhost'

Time: 08/25/21 06:59:32.868 - DEBUG *** file /home/joohok/cubrid/src/transaction/boot_cl.c, line 1714
ping server with handshake

Time: 08/25/21 06:59:32.868 - NOTIFICATION *** file /home/joohok/cubrid/src/transaction/boot_cl.c, line 1130  CODE = -971, Tran = -1, EID = 1
Program 'csql' (pid 13653) connected to database server 'trigger04db' on the host 'localhost' (port 1523).

Time: 08/25/21 06:59:32.869 - DEBUG *** file /home/joohok/cubrid/src/transaction/boot_cl.c, line 1180
boot_restart_client: register client { type 2 db trigger04db user dba password (null) program csql login joohok host JoohoK2 pid 13653 }

Time: 08/25/21 06:59:32.896 - DEBUG *** file /home/joohok/cubrid/src/transaction/boot_cl.c, line 1692
trying to connect 'trigger04db@localhost'

Time: 08/25/21 06:59:32.896 - DEBUG *** file /home/joohok/cubrid/src/transaction/boot_cl.c, line 1714
ping server with handshake

Time: 08/25/21 06:59:32.896 - NOTIFICATION *** file /home/joohok/cubrid/src/transaction/boot_cl.c, line 1130  CODE = -971, Tran = -1, EID = 1
Program 'csql' (pid 13654) connected to database server 'trigger04db' on the host 'localhost' (port 1523).

Time: 08/25/21 06:59:32.897 - DEBUG *** file /home/joohok/cubrid/src/transaction/boot_cl.c, line 1180
boot_restart_client: register client { type 2 db trigger04db user dba password (null) program csql login joohok host JoohoK2 pid 13654 }

Time: 08/25/21 06:59:32.914 - DEBUG *** file /home/joohok/cubrid/src/transaction/boot_cl.c, line 1692
trying to connect 'trigger04db@localhost'

Time: 08/25/21 06:59:32.914 - DEBUG *** file /home/joohok/cubrid/src/transaction/boot_cl.c, line 1714
ping server with handshake

Time: 08/25/21 06:59:32.914 - NOTIFICATION *** file /home/joohok/cubrid/src/transaction/boot_cl.c, line 1130  CODE = -971, Tran = -1, EID = 1
Program 'csql' (pid 13655) connected to database server 'trigger04db' on the host 'localhost' (port 1523).

Time: 08/25/21 06:59:32.915 - DEBUG *** file /home/joohok/cubrid/src/transaction/boot_cl.c, line 1180
boot_restart_client: register client { type 2 db trigger04db user dba password (null) program csql login joohok host JoohoK2 pid 13655 }

Time: 08/25/21 06:59:32.920 - ERROR *** file /home/joohok/cubrid/src/object/trigger_manager.c, line 4229 ERROR CODE = -503, Tran = 1, EID = 2
Trigger "tmp" was not found.

Time: 08/25/21 06:59:32.920 - ERROR *** file /home/joohok/cubrid/src/object/trigger_manager.c, line 4229 ERROR CODE = -503, Tran = 1, EID = 3
Trigger "tmp" was not found.

*** The previous error message is the last one. ***


Time: 08/25/21 06:59:50.774 - DEBUG *** file /home/joohok/cubrid/src/transaction/boot_cl.c, line 1692
trying to connect 'trigger04db@localhost'

Time: 08/25/21 06:59:50.774 - DEBUG *** file /home/joohok/cubrid/src/transaction/boot_cl.c, line 1714
ping server with handshake

Time: 08/25/21 06:59:50.774 - NOTIFICATION *** file /home/joohok/cubrid/src/transaction/boot_cl.c, line 1130  CODE = -971, Tran = -1, EID = 1
Program 'csql' (pid 13930) connected to database server 'trigger04db' on the host 'localhost' (port 1523).

Time: 08/25/21 06:59:50.775 - DEBUG *** file /home/joohok/cubrid/src/transaction/boot_cl.c, line 1180
boot_restart_client: register client { type 2 db trigger04db user dba password (null) program csql login joohok host JoohoK2 pid 13930 }

Time: 08/25/21 06:59:50.799 - DEBUG *** file /home/joohok/cubrid/src/transaction/boot_cl.c, line 1692
trying to connect 'trigger04db@localhost'

Time: 08/25/21 06:59:50.799 - DEBUG *** file /home/joohok/cubrid/src/transaction/boot_cl.c, line 1714
ping server with handshake

Time: 08/25/21 06:59:50.799 - NOTIFICATION *** file /home/joohok/cubrid/src/transaction/boot_cl.c, line 1130  CODE = -971, Tran = -1, EID = 1
Program 'csql' (pid 13931) connected to database server 'trigger04db' on the host 'localhost' (port 1523).

Time: 08/25/21 06:59:50.800 - DEBUG *** file /home/joohok/cubrid/src/transaction/boot_cl.c, line 1180
boot_restart_client: register client { type 2 db trigger04db user dba password (null) program csql login joohok host JoohoK2 pid 13931 }

Time: 08/25/21 06:59:50.820 - DEBUG *** file /home/joohok/cubrid/src/transaction/boot_cl.c, line 1692
trying to connect 'trigger04db@localhost'

Time: 08/25/21 06:59:50.820 - DEBUG *** file /home/joohok/cubrid/src/transaction/boot_cl.c, line 1714
ping server with handshake

Time: 08/25/21 06:59:50.820 - NOTIFICATION *** file /home/joohok/cubrid/src/transaction/boot_cl.c, line 1130  CODE = -971, Tran = -1, EID = 1
Program 'csql' (pid 13932) connected to database server 'trigger04db' on the host 'localhost' (port 1523).

Time: 08/25/21 06:59:50.820 - DEBUG *** file /home/joohok/cubrid/src/transaction/boot_cl.c, line 1180
boot_restart_client: register client { type 2 db trigger04db user dba password (null) program csql login joohok host JoohoK2 pid 13932 }

Time: 08/25/21 06:59:50.826 - ERROR *** file /home/joohok/cubrid/src/object/trigger_manager.c, line 4229 ERROR CODE = -503, Tran = 1, EID = 2
Trigger "tmp" was not found.

*** The previous error message is the last one. ***


Time: 08/25/21 09:00:05.342 - DEBUG *** file /home/joohok/cubrid/src/transaction/boot_cl.c, line 1692
trying to connect 'trigger04db@localhost'

Time: 08/25/21 09:00:05.342 - DEBUG *** file /home/joohok/cubrid/src/transaction/boot_cl.c, line 1714
ping server with handshake

Time: 08/25/21 09:00:05.342 - NOTIFICATION *** file /home/joohok/cubrid/src/transaction/boot_cl.c, line 1130  CODE = -971, Tran = -1, EID = 1
Program 'csql' (pid 50792) connected to database server 'trigger04db' on the host 'localhost' (port 1523).

Time: 08/25/21 09:00:05.343 - DEBUG *** file /home/joohok/cubrid/src/transaction/boot_cl.c, line 1180
boot_restart_client: register client { type 2 db trigger04db user dba password (null) program csql login joohok host JoohoK2 pid 50792 }

Time: 08/25/21 09:00:05.370 - DEBUG *** file /home/joohok/cubrid/src/transaction/boot_cl.c, line 1692
trying to connect 'trigger04db@localhost'

Time: 08/25/21 09:00:05.370 - DEBUG *** file /home/joohok/cubrid/src/transaction/boot_cl.c, line 1714
ping server with handshake

Time: 08/25/21 09:00:05.371 - NOTIFICATION *** file /home/joohok/cubrid/src/transaction/boot_cl.c, line 1130  CODE = -971, Tran = -1, EID = 1
Program 'csql' (pid 50793) connected to database server 'trigger04db' on the host 'localhost' (port 1523).

Time: 08/25/21 09:00:05.371 - DEBUG *** file /home/joohok/cubrid/src/transaction/boot_cl.c, line 1180
boot_restart_client: register client { type 2 db trigger04db user dba password (null) program csql login joohok host JoohoK2 pid 50793 }

Time: 08/25/21 09:00:05.391 - DEBUG *** file /home/joohok/cubrid/src/transaction/boot_cl.c, line 1692
trying to connect 'trigger04db@localhost'

Time: 08/25/21 09:00:05.391 - DEBUG *** file /home/joohok/cubrid/src/transaction/boot_cl.c, line 1714
ping server with handshake

Time: 08/25/21 09:00:05.391 - NOTIFICATION *** file /home/joohok/cubrid/src/transaction/boot_cl.c, line 1130  CODE = -971, Tran = -1, EID = 1
Program 'csql' (pid 50794) connected to database server 'trigger04db' on the host 'localhost' (port 1523).

Time: 08/25/21 09:00:05.392 - DEBUG *** file /home/joohok/cubrid/src/transaction/boot_cl.c, line 1180
boot_restart_client: register client { type 2 db trigger04db user dba password (null) program csql login joohok host JoohoK2 pid 50794 }

Time: 08/25/21 09:00:05.398 - ERROR *** file /home/joohok/cubrid/src/object/trigger_manager.c, line 4229 ERROR CODE = -503, Tran = 1, EID = 2
Trigger "tmp" was not found.

*** The previous error message is the last one. ***


Time: 08/25/21 10:33:40.767 - DEBUG *** file /home/joohok/cubrid/src/transaction/boot_cl.c, line 1692
trying to connect 'trigger04db@localhost'

Time: 08/25/21 10:33:40.768 - DEBUG *** file /home/joohok/cubrid/src/transaction/boot_cl.c, line 1714
ping server with handshake

Time: 08/25/21 10:33:40.768 - NOTIFICATION *** file /home/joohok/cubrid/src/transaction/boot_cl.c, line 1130  CODE = -971, Tran = -1, EID = 1
Program 'csql' (pid 95322) connected to database server 'trigger04db' on the host 'localhost' (port 1523).

Time: 08/25/21 10:33:40.768 - DEBUG *** file /home/joohok/cubrid/src/transaction/boot_cl.c, line 1180
boot_restart_client: register client { type 2 db trigger04db user dba password (null) program csql login joohok host JoohoK2 pid 95322 }

Time: 08/25/21 10:33:40.794 - DEBUG *** file /home/joohok/cubrid/src/transaction/boot_cl.c, line 1692
trying to connect 'trigger04db@localhost'

Time: 08/25/21 10:33:40.794 - DEBUG *** file /home/joohok/cubrid/src/transaction/boot_cl.c, line 1714
ping server with handshake

Time: 08/25/21 10:33:40.794 - NOTIFICATION *** file /home/joohok/cubrid/src/transaction/boot_cl.c, line 1130  CODE = -971, Tran = -1, EID = 1
Program 'csql' (pid 95323) connected to database server 'trigger04db' on the host 'localhost' (port 1523).

Time: 08/25/21 10:33:40.794 - DEBUG *** file /home/joohok/cubrid/src/transaction/boot_cl.c, line 1180
boot_restart_client: register client { type 2 db trigger04db user dba password (null) program csql login joohok host JoohoK2 pid 95323 }

Time: 08/25/21 10:33:40.816 - DEBUG *** file /home/joohok/cubrid/src/transaction/boot_cl.c, line 1692
trying to connect 'trigger04db@localhost'

Time: 08/25/21 10:33:40.816 - DEBUG *** file /home/joohok/cubrid/src/transaction/boot_cl.c, line 1714
ping server with handshake

Time: 08/25/21 10:33:40.816 - NOTIFICATION *** file /home/joohok/cubrid/src/transaction/boot_cl.c, line 1130  CODE = -971, Tran = -1, EID = 1
Program 'csql' (pid 95324) connected to database server 'trigger04db' on the host 'localhost' (port 1523).

Time: 08/25/21 10:33:40.816 - DEBUG *** file /home/joohok/cubrid/src/transaction/boot_cl.c, line 1180
boot_restart_client: register client { type 2 db trigger04db user dba password (null) program csql login joohok host JoohoK2 pid 95324 }

Time: 08/25/21 10:33:40.823 - ERROR *** file /home/joohok/cubrid/src/object/trigger_manager.c, line 4229 ERROR CODE = -503, Tran = 1, EID = 2
Trigger "tmp" was not found.

*** The previous error message is the last one. ***

