
Time: 08/25/21 08:41:01.459 - DEBUG *** file /home/joohok/cubrid/src/transaction/boot_cl.c, line 1180
boot_restart_client: register client { type 2 db update05db user dba password (null) program csql login joohok host JoohoK2 pid 45812 }

Time: 08/25/21 08:41:01.584 - ERROR *** file /home/joohok/cubrid/src/storage/file_io.c, line 1339 ERROR CODE = -11, Tran = -1, EID = 1
Unable to mount disk volume "/home/joohok/cdc-test-case/dml/update/update05/update05db_lgat". The database "/home/joohok/cdc-test-case/dml/update/update05/update05db", to which the disk volume belongs, is in use by user joohok on process 45583 of host JoohoK2 since Wed Aug 25 08:41:00 2021.

Time: 08/25/21 08:41:01.584 - ERROR *** file /home/joohok/cubrid/src/transaction/boot_sr.c, line 2793 ERROR CODE = -113, Tran = -1, EID = 2
Unable to restart/initialize the database server. Unable to mount disk volume "/home/joohok/cdc-test-case/dml/update/update05/update05db_lgat". The database "/home/joohok/cdc-test-case/dml/update/update05/update05db", to which the disk volume belongs, is in use by user joohok on process 45583 of host JoohoK2 since Wed Aug 25 08:41:00 2021.

Time: 08/25/21 08:41:01.584 - NOTIFICATION *** file /home/joohok/cubrid/src/transaction/boot_sr.c, line 234  CODE = -973, Tran = -1, EID = 3
Server status is DOWN.

Time: 08/25/21 08:41:01.584 - DEBUG *** file /home/joohok/cubrid/src/query/partition.c, line 750
deleting partition cache

Time: 08/25/21 08:41:01.605 - DEBUG *** file /home/joohok/cubrid/src/transaction/boot_cl.c, line 1180
boot_restart_client: register client { type 2 db update05db user dba password (null) program csql login joohok host JoohoK2 pid 45892 }

Time: 08/25/21 08:41:01.705 - ERROR *** file /home/joohok/cubrid/src/storage/file_io.c, line 1339 ERROR CODE = -11, Tran = -1, EID = 1
Unable to mount disk volume "/home/joohok/cdc-test-case/dml/update/update05/update05db_lgat". The database "/home/joohok/cdc-test-case/dml/update/update05/update05db", to which the disk volume belongs, is in use by user joohok on process 45583 of host JoohoK2 since Wed Aug 25 08:41:00 2021.

Time: 08/25/21 08:41:01.705 - ERROR *** file /home/joohok/cubrid/src/transaction/boot_sr.c, line 2793 ERROR CODE = -113, Tran = -1, EID = 2
Unable to restart/initialize the database server. Unable to mount disk volume "/home/joohok/cdc-test-case/dml/update/update05/update05db_lgat". The database "/home/joohok/cdc-test-case/dml/update/update05/update05db", to which the disk volume belongs, is in use by user joohok on process 45583 of host JoohoK2 since Wed Aug 25 08:41:00 2021.

Time: 08/25/21 08:41:01.705 - NOTIFICATION *** file /home/joohok/cubrid/src/transaction/boot_sr.c, line 234  CODE = -973, Tran = -1, EID = 3
Server status is DOWN.

Time: 08/25/21 08:41:01.705 - DEBUG *** file /home/joohok/cubrid/src/query/partition.c, line 750
deleting partition cache

Time: 08/25/21 08:41:01.728 - DEBUG *** file /home/joohok/cubrid/src/transaction/boot_cl.c, line 1180
boot_restart_client: register client { type 2 db update05db user dba password (null) program csql login joohok host JoohoK2 pid 45972 }

Time: 08/25/21 08:41:01.832 - ERROR *** file /home/joohok/cubrid/src/storage/file_io.c, line 1339 ERROR CODE = -11, Tran = -1, EID = 1
Unable to mount disk volume "/home/joohok/cdc-test-case/dml/update/update05/update05db_lgat". The database "/home/joohok/cdc-test-case/dml/update/update05/update05db", to which the disk volume belongs, is in use by user joohok on process 45583 of host JoohoK2 since Wed Aug 25 08:41:00 2021.

Time: 08/25/21 08:41:01.832 - ERROR *** file /home/joohok/cubrid/src/transaction/boot_sr.c, line 2793 ERROR CODE = -113, Tran = -1, EID = 2
Unable to restart/initialize the database server. Unable to mount disk volume "/home/joohok/cdc-test-case/dml/update/update05/update05db_lgat". The database "/home/joohok/cdc-test-case/dml/update/update05/update05db", to which the disk volume belongs, is in use by user joohok on process 45583 of host JoohoK2 since Wed Aug 25 08:41:00 2021.

Time: 08/25/21 08:41:01.832 - NOTIFICATION *** file /home/joohok/cubrid/src/transaction/boot_sr.c, line 234  CODE = -973, Tran = -1, EID = 3
Server status is DOWN.

Time: 08/25/21 08:41:01.832 - DEBUG *** file /home/joohok/cubrid/src/query/partition.c, line 750
deleting partition cache

Time: 08/30/21 15:39:24.932 - DEBUG *** file /home/joohok/cubrid/src/transaction/boot_cl.c, line 1180
boot_restart_client: register client { type 2 db update05db user dba password (null) program csql login joohok host JoohoK2 pid 124444 }

Time: 08/30/21 15:39:24.932 - ERROR *** file /home/joohok/cubrid/src/storage/file_io.c, line 1339 ERROR CODE = -11, Tran = -1, EID = 1
Unable to mount disk volume "/home/joohok/cdc-tests/dml/update/update05/update05db_lgat". The database "/home/joohok/cdc-tests/dml/update/update05/update05db", to which the disk volume belongs, is in use by user joohok on process 124215 of host JoohoK2 since Mon Aug 30 15:39:23 2021.

Time: 08/30/21 15:39:24.932 - ERROR *** file /home/joohok/cubrid/src/transaction/boot_sr.c, line 2793 ERROR CODE = -113, Tran = -1, EID = 2
Unable to restart/initialize the database server. Unable to mount disk volume "/home/joohok/cdc-tests/dml/update/update05/update05db_lgat". The database "/home/joohok/cdc-tests/dml/update/update05/update05db", to which the disk volume belongs, is in use by user joohok on process 124215 of host JoohoK2 since Mon Aug 30 15:39:23 2021.

Time: 08/30/21 15:39:24.933 - NOTIFICATION *** file /home/joohok/cubrid/src/transaction/boot_sr.c, line 234  CODE = -973, Tran = -1, EID = 3
Server status is DOWN.

Time: 08/30/21 15:39:24.933 - DEBUG *** file /home/joohok/cubrid/src/query/partition.c, line 750
deleting partition cache

Time: 08/30/21 15:39:24.946 - DEBUG *** file /home/joohok/cubrid/src/transaction/boot_cl.c, line 1180
boot_restart_client: register client { type 2 db update05db user dba password (null) program csql login joohok host JoohoK2 pid 124445 }

Time: 08/30/21 15:39:24.947 - ERROR *** file /home/joohok/cubrid/src/storage/file_io.c, line 1339 ERROR CODE = -11, Tran = -1, EID = 1
Unable to mount disk volume "/home/joohok/cdc-tests/dml/update/update05/update05db_lgat". The database "/home/joohok/cdc-tests/dml/update/update05/update05db", to which the disk volume belongs, is in use by user joohok on process 124215 of host JoohoK2 since Mon Aug 30 15:39:23 2021.

Time: 08/30/21 15:39:24.947 - ERROR *** file /home/joohok/cubrid/src/transaction/boot_sr.c, line 2793 ERROR CODE = -113, Tran = -1, EID = 2
Unable to restart/initialize the database server. Unable to mount disk volume "/home/joohok/cdc-tests/dml/update/update05/update05db_lgat". The database "/home/joohok/cdc-tests/dml/update/update05/update05db", to which the disk volume belongs, is in use by user joohok on process 124215 of host JoohoK2 since Mon Aug 30 15:39:23 2021.

Time: 08/30/21 15:39:24.947 - NOTIFICATION *** file /home/joohok/cubrid/src/transaction/boot_sr.c, line 234  CODE = -973, Tran = -1, EID = 3
Server status is DOWN.

Time: 08/30/21 15:39:24.947 - DEBUG *** file /home/joohok/cubrid/src/query/partition.c, line 750
deleting partition cache

Time: 08/30/21 15:39:24.961 - DEBUG *** file /home/joohok/cubrid/src/transaction/boot_cl.c, line 1180
boot_restart_client: register client { type 2 db update05db user dba password (null) program csql login joohok host JoohoK2 pid 124446 }

Time: 08/30/21 15:39:24.961 - ERROR *** file /home/joohok/cubrid/src/storage/file_io.c, line 1339 ERROR CODE = -11, Tran = -1, EID = 1
Unable to mount disk volume "/home/joohok/cdc-tests/dml/update/update05/update05db_lgat". The database "/home/joohok/cdc-tests/dml/update/update05/update05db", to which the disk volume belongs, is in use by user joohok on process 124215 of host JoohoK2 since Mon Aug 30 15:39:23 2021.

Time: 08/30/21 15:39:24.961 - ERROR *** file /home/joohok/cubrid/src/transaction/boot_sr.c, line 2793 ERROR CODE = -113, Tran = -1, EID = 2
Unable to restart/initialize the database server. Unable to mount disk volume "/home/joohok/cdc-tests/dml/update/update05/update05db_lgat". The database "/home/joohok/cdc-tests/dml/update/update05/update05db", to which the disk volume belongs, is in use by user joohok on process 124215 of host JoohoK2 since Mon Aug 30 15:39:23 2021.

Time: 08/30/21 15:39:24.961 - NOTIFICATION *** file /home/joohok/cubrid/src/transaction/boot_sr.c, line 234  CODE = -973, Tran = -1, EID = 3
Server status is DOWN.

Time: 08/30/21 15:39:24.961 - DEBUG *** file /home/joohok/cubrid/src/query/partition.c, line 750
deleting partition cache

Time: 09/05/21 22:01:00.502 - DEBUG *** file /home/joohok/cubrid-cdc-merged/src/transaction/boot_cl.c, line 1180
boot_restart_client: register client { type 2 db update05db user dba password (null) program csql login joohok host JoohoK2 pid 158305 }

Time: 09/05/21 22:01:00.502 - ERROR *** file /home/joohok/cubrid-cdc-merged/src/storage/file_io.c, line 1339 ERROR CODE = -11, Tran = -1, EID = 1
Unable to mount disk volume "/home/joohok/cdc-tests/dml/update/update05/update05db_lgat". The database "/home/joohok/cdc-tests/dml/update/update05/update05db", to which the disk volume belongs, is in use by user joohok on process 158077 of host JoohoK2 since Sun Sep  5 22:00:59 2021.

Time: 09/05/21 22:01:00.502 - ERROR *** file /home/joohok/cubrid-cdc-merged/src/transaction/boot_sr.c, line 2791 ERROR CODE = -113, Tran = -1, EID = 2
Unable to restart/initialize the database server. Unable to mount disk volume "/home/joohok/cdc-tests/dml/update/update05/update05db_lgat". The database "/home/joohok/cdc-tests/dml/update/update05/update05db", to which the disk volume belongs, is in use by user joohok on process 158077 of host JoohoK2 since Sun Sep  5 22:00:59 2021.

Time: 09/05/21 22:01:00.503 - NOTIFICATION *** file /home/joohok/cubrid-cdc-merged/src/transaction/boot_sr.c, line 234  CODE = -973, Tran = -1, EID = 3
Server status is DOWN.

Time: 09/05/21 22:01:00.503 - DEBUG *** file /home/joohok/cubrid-cdc-merged/src/query/partition.c, line 750
deleting partition cache

Time: 09/05/21 22:01:00.517 - DEBUG *** file /home/joohok/cubrid-cdc-merged/src/transaction/boot_cl.c, line 1180
boot_restart_client: register client { type 2 db update05db user dba password (null) program csql login joohok host JoohoK2 pid 158306 }

Time: 09/05/21 22:01:00.517 - ERROR *** file /home/joohok/cubrid-cdc-merged/src/storage/file_io.c, line 1339 ERROR CODE = -11, Tran = -1, EID = 1
Unable to mount disk volume "/home/joohok/cdc-tests/dml/update/update05/update05db_lgat". The database "/home/joohok/cdc-tests/dml/update/update05/update05db", to which the disk volume belongs, is in use by user joohok on process 158077 of host JoohoK2 since Sun Sep  5 22:00:59 2021.

Time: 09/05/21 22:01:00.517 - ERROR *** file /home/joohok/cubrid-cdc-merged/src/transaction/boot_sr.c, line 2791 ERROR CODE = -113, Tran = -1, EID = 2
Unable to restart/initialize the database server. Unable to mount disk volume "/home/joohok/cdc-tests/dml/update/update05/update05db_lgat". The database "/home/joohok/cdc-tests/dml/update/update05/update05db", to which the disk volume belongs, is in use by user joohok on process 158077 of host JoohoK2 since Sun Sep  5 22:00:59 2021.

Time: 09/05/21 22:01:00.517 - NOTIFICATION *** file /home/joohok/cubrid-cdc-merged/src/transaction/boot_sr.c, line 234  CODE = -973, Tran = -1, EID = 3
Server status is DOWN.

Time: 09/05/21 22:01:00.517 - DEBUG *** file /home/joohok/cubrid-cdc-merged/src/query/partition.c, line 750
deleting partition cache

Time: 09/05/21 22:01:00.531 - DEBUG *** file /home/joohok/cubrid-cdc-merged/src/transaction/boot_cl.c, line 1180
boot_restart_client: register client { type 2 db update05db user dba password (null) program csql login joohok host JoohoK2 pid 158307 }

Time: 09/05/21 22:01:00.531 - ERROR *** file /home/joohok/cubrid-cdc-merged/src/storage/file_io.c, line 1339 ERROR CODE = -11, Tran = -1, EID = 1
Unable to mount disk volume "/home/joohok/cdc-tests/dml/update/update05/update05db_lgat". The database "/home/joohok/cdc-tests/dml/update/update05/update05db", to which the disk volume belongs, is in use by user joohok on process 158077 of host JoohoK2 since Sun Sep  5 22:00:59 2021.

Time: 09/05/21 22:01:00.531 - ERROR *** file /home/joohok/cubrid-cdc-merged/src/transaction/boot_sr.c, line 2791 ERROR CODE = -113, Tran = -1, EID = 2
Unable to restart/initialize the database server. Unable to mount disk volume "/home/joohok/cdc-tests/dml/update/update05/update05db_lgat". The database "/home/joohok/cdc-tests/dml/update/update05/update05db", to which the disk volume belongs, is in use by user joohok on process 158077 of host JoohoK2 since Sun Sep  5 22:00:59 2021.

Time: 09/05/21 22:01:00.532 - NOTIFICATION *** file /home/joohok/cubrid-cdc-merged/src/transaction/boot_sr.c, line 234  CODE = -973, Tran = -1, EID = 3
Server status is DOWN.

Time: 09/05/21 22:01:00.532 - DEBUG *** file /home/joohok/cubrid-cdc-merged/src/query/partition.c, line 750
deleting partition cache

Time: 09/06/21 18:56:30.336 - DEBUG *** file /home/joohok/cubrid-cdc-merged/src/transaction/boot_cl.c, line 1692
trying to connect 'update05db@localhost'

Time: 09/06/21 18:56:30.336 - DEBUG *** file /home/joohok/cubrid-cdc-merged/src/connection/connection_support.c, line 421
css_readn: POLLHUP Invalid argument
Time: 09/06/21 18:56:30.336 - DEBUG *** file /home/joohok/cubrid-cdc-merged/src/transaction/boot_cl.c, line 1714
ping server with handshake

Time: 09/06/21 18:56:30.336 - ERROR *** file /home/joohok/cubrid-cdc-merged/src/communication/network_cl.c, line 3826 ERROR CODE = -191, Tran = -1, EID = 1
Cannot connect to server "update05db" on "localhost".

Time: 09/06/21 18:56:30.336 - DEBUG *** file /home/joohok/cubrid-cdc-merged/src/transaction/boot_cl.c, line 1744
error -191. try to connect to next host

Time: 09/06/21 18:56:30.336 - ERROR *** file /home/joohok/cubrid-cdc-merged/src/transaction/boot_cl.c, line 1776 ERROR CODE = -677, Tran = -1, EID = 2
Failed to connect to database server, 'update05db', on the following host(s): localhost

Time: 09/06/21 18:56:30.336 - DEBUG *** file /home/joohok/cubrid-cdc-merged/src/transaction/boot_cl.c, line 1126
boot_restart_client: boot_client_initialize_css () error -191

Time: 09/06/21 18:56:30.346 - DEBUG *** file /home/joohok/cubrid-cdc-merged/src/transaction/boot_cl.c, line 1692
trying to connect 'update05db@localhost'

Time: 09/06/21 18:56:30.346 - DEBUG *** file /home/joohok/cubrid-cdc-merged/src/connection/connection_support.c, line 421
css_readn: POLLHUP Invalid argument
Time: 09/06/21 18:56:30.346 - DEBUG *** file /home/joohok/cubrid-cdc-merged/src/transaction/boot_cl.c, line 1714
ping server with handshake

Time: 09/06/21 18:56:30.346 - ERROR *** file /home/joohok/cubrid-cdc-merged/src/communication/network_cl.c, line 3826 ERROR CODE = -191, Tran = -1, EID = 1
Cannot connect to server "update05db" on "localhost".

Time: 09/06/21 18:56:30.346 - DEBUG *** file /home/joohok/cubrid-cdc-merged/src/transaction/boot_cl.c, line 1744
error -191. try to connect to next host

Time: 09/06/21 18:56:30.346 - ERROR *** file /home/joohok/cubrid-cdc-merged/src/transaction/boot_cl.c, line 1776 ERROR CODE = -677, Tran = -1, EID = 2
Failed to connect to database server, 'update05db', on the following host(s): localhost

Time: 09/06/21 18:56:30.346 - DEBUG *** file /home/joohok/cubrid-cdc-merged/src/transaction/boot_cl.c, line 1126
boot_restart_client: boot_client_initialize_css () error -191

Time: 09/06/21 18:56:30.356 - DEBUG *** file /home/joohok/cubrid-cdc-merged/src/transaction/boot_cl.c, line 1692
trying to connect 'update05db@localhost'

Time: 09/06/21 18:56:30.356 - DEBUG *** file /home/joohok/cubrid-cdc-merged/src/connection/connection_support.c, line 421
css_readn: POLLHUP Invalid argument
Time: 09/06/21 18:56:30.356 - DEBUG *** file /home/joohok/cubrid-cdc-merged/src/transaction/boot_cl.c, line 1714
ping server with handshake

Time: 09/06/21 18:56:30.356 - ERROR *** file /home/joohok/cubrid-cdc-merged/src/communication/network_cl.c, line 3826 ERROR CODE = -191, Tran = -1, EID = 1
Cannot connect to server "update05db" on "localhost".

Time: 09/06/21 18:56:30.356 - DEBUG *** file /home/joohok/cubrid-cdc-merged/src/transaction/boot_cl.c, line 1744
error -191. try to connect to next host

Time: 09/06/21 18:56:30.356 - ERROR *** file /home/joohok/cubrid-cdc-merged/src/transaction/boot_cl.c, line 1776 ERROR CODE = -677, Tran = -1, EID = 2
Failed to connect to database server, 'update05db', on the following host(s): localhost

Time: 09/06/21 18:56:30.356 - DEBUG *** file /home/joohok/cubrid-cdc-merged/src/transaction/boot_cl.c, line 1126
boot_restart_client: boot_client_initialize_css () error -191
