
Time: 08/25/21 08:37:26.719 - DEBUG *** file /home/joohok/cubrid/src/transaction/boot_cl.c, line 1692
trying to connect 'update01db@localhost'

Time: 08/25/21 08:37:26.719 - DEBUG *** file /home/joohok/cubrid/src/transaction/boot_cl.c, line 1714
ping server with handshake

Time: 08/25/21 08:37:26.719 - NOTIFICATION *** file /home/joohok/cubrid/src/transaction/boot_cl.c, line 1130  CODE = -971, Tran = -1, EID = 1
Program 'csql' (pid 36509) connected to database server 'update01db' on the host 'localhost' (port 1523).

Time: 08/25/21 08:37:26.720 - DEBUG *** file /home/joohok/cubrid/src/transaction/boot_cl.c, line 1180
boot_restart_client: register client { type 2 db update01db user dba password (null) program csql login joohok host JoohoK2 pid 36509 }

Time: 08/25/21 08:37:26.749 - DEBUG *** file /home/joohok/cubrid/src/transaction/boot_cl.c, line 1692
trying to connect 'update01db@localhost'

Time: 08/25/21 08:37:26.749 - DEBUG *** file /home/joohok/cubrid/src/transaction/boot_cl.c, line 1714
ping server with handshake

Time: 08/25/21 08:37:26.749 - NOTIFICATION *** file /home/joohok/cubrid/src/transaction/boot_cl.c, line 1130  CODE = -971, Tran = -1, EID = 1
Program 'csql' (pid 36510) connected to database server 'update01db' on the host 'localhost' (port 1523).

Time: 08/25/21 08:37:26.749 - DEBUG *** file /home/joohok/cubrid/src/transaction/boot_cl.c, line 1180
boot_restart_client: register client { type 2 db update01db user dba password (null) program csql login joohok host JoohoK2 pid 36510 }

Time: 08/25/21 08:37:26.756 - DEBUG *** file /home/joohok/cubrid/src/communication/network_interface_cl.c, line 6700
qmgr_execute_query requested: EXECUTION_WITH_AUTOCOMMIT

Time: 08/25/21 08:37:26.769 - DEBUG *** file /home/joohok/cubrid/src/transaction/boot_cl.c, line 1692
trying to connect 'update01db@localhost'

Time: 08/25/21 08:37:26.769 - DEBUG *** file /home/joohok/cubrid/src/transaction/boot_cl.c, line 1714
ping server with handshake

Time: 08/25/21 08:37:26.769 - NOTIFICATION *** file /home/joohok/cubrid/src/transaction/boot_cl.c, line 1130  CODE = -971, Tran = -1, EID = 1
Program 'csql' (pid 36511) connected to database server 'update01db' on the host 'localhost' (port 1523).

Time: 08/25/21 08:37:26.769 - DEBUG *** file /home/joohok/cubrid/src/transaction/boot_cl.c, line 1180
boot_restart_client: register client { type 2 db update01db user dba password (null) program csql login joohok host JoohoK2 pid 36511 }

Time: 08/25/21 08:37:26.776 - DEBUG *** file /home/joohok/cubrid/src/communication/network_interface_cl.c, line 6700
qmgr_execute_query requested: EXECUTION_WITH_AUTOCOMMIT

Time: 08/30/21 15:30:56.134 - DEBUG *** file /home/joohok/cubrid/src/transaction/boot_cl.c, line 1692
trying to connect 'update01db@localhost'

Time: 08/30/21 15:30:56.134 - DEBUG *** file /home/joohok/cubrid/src/transaction/boot_cl.c, line 1714
ping server with handshake

Time: 08/30/21 15:30:56.134 - NOTIFICATION *** file /home/joohok/cubrid/src/transaction/boot_cl.c, line 1130  CODE = -971, Tran = -1, EID = 1
Program 'csql' (pid 123206) connected to database server 'update01db' on the host 'localhost' (port 1523).

Time: 08/30/21 15:30:56.134 - DEBUG *** file /home/joohok/cubrid/src/transaction/boot_cl.c, line 1180
boot_restart_client: register client { type 2 db update01db user dba password (null) program csql login joohok host JoohoK2 pid 123206 }

Time: 08/30/21 15:30:56.160 - DEBUG *** file /home/joohok/cubrid/src/transaction/boot_cl.c, line 1692
trying to connect 'update01db@localhost'

Time: 08/30/21 15:30:56.160 - DEBUG *** file /home/joohok/cubrid/src/transaction/boot_cl.c, line 1714
ping server with handshake

Time: 08/30/21 15:30:56.160 - NOTIFICATION *** file /home/joohok/cubrid/src/transaction/boot_cl.c, line 1130  CODE = -971, Tran = -1, EID = 1
Program 'csql' (pid 123207) connected to database server 'update01db' on the host 'localhost' (port 1523).

Time: 08/30/21 15:30:56.161 - DEBUG *** file /home/joohok/cubrid/src/transaction/boot_cl.c, line 1180
boot_restart_client: register client { type 2 db update01db user dba password (null) program csql login joohok host JoohoK2 pid 123207 }

Time: 08/30/21 15:30:56.167 - DEBUG *** file /home/joohok/cubrid/src/communication/network_interface_cl.c, line 6701
qmgr_execute_query requested: EXECUTION_WITH_AUTOCOMMIT

Time: 08/30/21 15:30:56.180 - DEBUG *** file /home/joohok/cubrid/src/transaction/boot_cl.c, line 1692
trying to connect 'update01db@localhost'

Time: 08/30/21 15:30:56.180 - DEBUG *** file /home/joohok/cubrid/src/transaction/boot_cl.c, line 1714
ping server with handshake

Time: 08/30/21 15:30:56.180 - NOTIFICATION *** file /home/joohok/cubrid/src/transaction/boot_cl.c, line 1130  CODE = -971, Tran = -1, EID = 1
Program 'csql' (pid 123208) connected to database server 'update01db' on the host 'localhost' (port 1523).

Time: 08/30/21 15:30:56.181 - DEBUG *** file /home/joohok/cubrid/src/transaction/boot_cl.c, line 1180
boot_restart_client: register client { type 2 db update01db user dba password (null) program csql login joohok host JoohoK2 pid 123208 }

Time: 08/30/21 15:30:56.187 - DEBUG *** file /home/joohok/cubrid/src/communication/network_interface_cl.c, line 6701
qmgr_execute_query requested: EXECUTION_WITH_AUTOCOMMIT

Time: 09/02/21 11:19:53.536 - DEBUG *** file /home/joohok/cubrid-cdc-merged/src/transaction/boot_cl.c, line 1692
trying to connect 'update01db@localhost'

Time: 09/02/21 11:19:53.536 - DEBUG *** file /home/joohok/cubrid-cdc-merged/src/transaction/boot_cl.c, line 1714
ping server with handshake

Time: 09/02/21 11:19:53.536 - NOTIFICATION *** file /home/joohok/cubrid-cdc-merged/src/transaction/boot_cl.c, line 1130  CODE = -971, Tran = -1, EID = 1
Program 'csql' (pid 144293) connected to database server 'update01db' on the host 'localhost' (port 1523).

Time: 09/02/21 11:19:53.537 - DEBUG *** file /home/joohok/cubrid-cdc-merged/src/transaction/boot_cl.c, line 1180
boot_restart_client: register client { type 2 db update01db user dba password (null) program csql login joohok host JoohoK2 pid 144293 }

Time: 09/02/21 11:19:53.562 - DEBUG *** file /home/joohok/cubrid-cdc-merged/src/transaction/boot_cl.c, line 1692
trying to connect 'update01db@localhost'

Time: 09/02/21 11:19:53.563 - DEBUG *** file /home/joohok/cubrid-cdc-merged/src/transaction/boot_cl.c, line 1714
ping server with handshake

Time: 09/02/21 11:19:53.563 - NOTIFICATION *** file /home/joohok/cubrid-cdc-merged/src/transaction/boot_cl.c, line 1130  CODE = -971, Tran = -1, EID = 1
Program 'csql' (pid 144294) connected to database server 'update01db' on the host 'localhost' (port 1523).

Time: 09/02/21 11:19:53.563 - DEBUG *** file /home/joohok/cubrid-cdc-merged/src/transaction/boot_cl.c, line 1180
boot_restart_client: register client { type 2 db update01db user dba password (null) program csql login joohok host JoohoK2 pid 144294 }

Time: 09/02/21 11:19:53.569 - DEBUG *** file /home/joohok/cubrid-cdc-merged/src/communication/network_interface_cl.c, line 6701
qmgr_execute_query requested: EXECUTION_WITH_AUTOCOMMIT

Time: 09/02/21 11:19:53.580 - DEBUG *** file /home/joohok/cubrid-cdc-merged/src/transaction/boot_cl.c, line 1692
trying to connect 'update01db@localhost'

Time: 09/02/21 11:19:53.580 - DEBUG *** file /home/joohok/cubrid-cdc-merged/src/transaction/boot_cl.c, line 1714
ping server with handshake

Time: 09/02/21 11:19:53.580 - NOTIFICATION *** file /home/joohok/cubrid-cdc-merged/src/transaction/boot_cl.c, line 1130  CODE = -971, Tran = -1, EID = 1
Program 'csql' (pid 144295) connected to database server 'update01db' on the host 'localhost' (port 1523).

Time: 09/02/21 11:19:53.580 - DEBUG *** file /home/joohok/cubrid-cdc-merged/src/transaction/boot_cl.c, line 1180
boot_restart_client: register client { type 2 db update01db user dba password (null) program csql login joohok host JoohoK2 pid 144295 }

Time: 09/02/21 11:19:53.586 - DEBUG *** file /home/joohok/cubrid-cdc-merged/src/communication/network_interface_cl.c, line 6701
qmgr_execute_query requested: EXECUTION_WITH_AUTOCOMMIT

Time: 09/05/21 21:49:46.539 - DEBUG *** file /home/joohok/cubrid-cdc-merged/src/transaction/boot_cl.c, line 1692
trying to connect 'update01db@localhost'

Time: 09/05/21 21:49:46.539 - DEBUG *** file /home/joohok/cubrid-cdc-merged/src/transaction/boot_cl.c, line 1714
ping server with handshake

Time: 09/05/21 21:49:46.539 - NOTIFICATION *** file /home/joohok/cubrid-cdc-merged/src/transaction/boot_cl.c, line 1130  CODE = -971, Tran = -1, EID = 1
Program 'csql' (pid 156624) connected to database server 'update01db' on the host 'localhost' (port 1523).

Time: 09/05/21 21:49:46.540 - DEBUG *** file /home/joohok/cubrid-cdc-merged/src/transaction/boot_cl.c, line 1180
boot_restart_client: register client { type 2 db update01db user dba password (null) program csql login joohok host JoohoK2 pid 156624 }

Time: 09/05/21 21:49:46.564 - DEBUG *** file /home/joohok/cubrid-cdc-merged/src/transaction/boot_cl.c, line 1692
trying to connect 'update01db@localhost'

Time: 09/05/21 21:49:46.565 - DEBUG *** file /home/joohok/cubrid-cdc-merged/src/transaction/boot_cl.c, line 1714
ping server with handshake

Time: 09/05/21 21:49:46.565 - NOTIFICATION *** file /home/joohok/cubrid-cdc-merged/src/transaction/boot_cl.c, line 1130  CODE = -971, Tran = -1, EID = 1
Program 'csql' (pid 156625) connected to database server 'update01db' on the host 'localhost' (port 1523).

Time: 09/05/21 21:49:46.565 - DEBUG *** file /home/joohok/cubrid-cdc-merged/src/transaction/boot_cl.c, line 1180
boot_restart_client: register client { type 2 db update01db user dba password (null) program csql login joohok host JoohoK2 pid 156625 }

Time: 09/05/21 21:49:46.571 - DEBUG *** file /home/joohok/cubrid-cdc-merged/src/communication/network_interface_cl.c, line 6701
qmgr_execute_query requested: EXECUTION_WITH_AUTOCOMMIT

Time: 09/05/21 21:49:46.581 - DEBUG *** file /home/joohok/cubrid-cdc-merged/src/transaction/boot_cl.c, line 1692
trying to connect 'update01db@localhost'

Time: 09/05/21 21:49:46.581 - DEBUG *** file /home/joohok/cubrid-cdc-merged/src/transaction/boot_cl.c, line 1714
ping server with handshake

Time: 09/05/21 21:49:46.581 - NOTIFICATION *** file /home/joohok/cubrid-cdc-merged/src/transaction/boot_cl.c, line 1130  CODE = -971, Tran = -1, EID = 1
Program 'csql' (pid 156626) connected to database server 'update01db' on the host 'localhost' (port 1523).

Time: 09/05/21 21:49:46.582 - DEBUG *** file /home/joohok/cubrid-cdc-merged/src/transaction/boot_cl.c, line 1180
boot_restart_client: register client { type 2 db update01db user dba password (null) program csql login joohok host JoohoK2 pid 156626 }

Time: 09/05/21 21:49:46.588 - DEBUG *** file /home/joohok/cubrid-cdc-merged/src/communication/network_interface_cl.c, line 6701
qmgr_execute_query requested: EXECUTION_WITH_AUTOCOMMIT

Time: 09/06/21 01:14:28.875 - DEBUG *** file /home/joohok/cubrid-cdc-merged/src/transaction/boot_cl.c, line 1692
trying to connect 'update01db@localhost'

Time: 09/06/21 01:14:28.875 - DEBUG *** file /home/joohok/cubrid-cdc-merged/src/transaction/boot_cl.c, line 1714
ping server with handshake

Time: 09/06/21 01:14:28.875 - NOTIFICATION *** file /home/joohok/cubrid-cdc-merged/src/transaction/boot_cl.c, line 1130  CODE = -971, Tran = -1, EID = 1
Program 'csql' (pid 170175) connected to database server 'update01db' on the host 'localhost' (port 1523).

Time: 09/06/21 01:14:28.875 - DEBUG *** file /home/joohok/cubrid-cdc-merged/src/transaction/boot_cl.c, line 1180
boot_restart_client: register client { type 2 db update01db user dba password (null) program csql login joohok host JoohoK2 pid 170175 }

Time: 09/06/21 01:14:28.898 - DEBUG *** file /home/joohok/cubrid-cdc-merged/src/transaction/boot_cl.c, line 1692
trying to connect 'update01db@localhost'

Time: 09/06/21 01:14:28.898 - DEBUG *** file /home/joohok/cubrid-cdc-merged/src/transaction/boot_cl.c, line 1714
ping server with handshake

Time: 09/06/21 01:14:28.898 - NOTIFICATION *** file /home/joohok/cubrid-cdc-merged/src/transaction/boot_cl.c, line 1130  CODE = -971, Tran = -1, EID = 1
Program 'csql' (pid 170176) connected to database server 'update01db' on the host 'localhost' (port 1523).

Time: 09/06/21 01:14:28.898 - DEBUG *** file /home/joohok/cubrid-cdc-merged/src/transaction/boot_cl.c, line 1180
boot_restart_client: register client { type 2 db update01db user dba password (null) program csql login joohok host JoohoK2 pid 170176 }

Time: 09/06/21 01:14:28.904 - DEBUG *** file /home/joohok/cubrid-cdc-merged/src/communication/network_interface_cl.c, line 6701
qmgr_execute_query requested: EXECUTION_WITH_AUTOCOMMIT

Time: 09/06/21 01:14:28.915 - DEBUG *** file /home/joohok/cubrid-cdc-merged/src/transaction/boot_cl.c, line 1692
trying to connect 'update01db@localhost'

Time: 09/06/21 01:14:28.915 - DEBUG *** file /home/joohok/cubrid-cdc-merged/src/transaction/boot_cl.c, line 1714
ping server with handshake

Time: 09/06/21 01:14:28.915 - NOTIFICATION *** file /home/joohok/cubrid-cdc-merged/src/transaction/boot_cl.c, line 1130  CODE = -971, Tran = -1, EID = 1
Program 'csql' (pid 170177) connected to database server 'update01db' on the host 'localhost' (port 1523).

Time: 09/06/21 01:14:28.915 - DEBUG *** file /home/joohok/cubrid-cdc-merged/src/transaction/boot_cl.c, line 1180
boot_restart_client: register client { type 2 db update01db user dba password (null) program csql login joohok host JoohoK2 pid 170177 }

Time: 09/06/21 01:14:28.922 - DEBUG *** file /home/joohok/cubrid-cdc-merged/src/communication/network_interface_cl.c, line 6701
qmgr_execute_query requested: EXECUTION_WITH_AUTOCOMMIT

Time: 09/06/21 01:14:35.572 - DEBUG *** file /home/joohok/cubrid-cdc-merged/src/transaction/boot_cl.c, line 1692
trying to connect 'update01db@localhost'

Time: 09/06/21 01:14:35.572 - DEBUG *** file /home/joohok/cubrid-cdc-merged/src/transaction/boot_cl.c, line 1714
ping server with handshake

Time: 09/06/21 01:14:35.572 - NOTIFICATION *** file /home/joohok/cubrid-cdc-merged/src/transaction/boot_cl.c, line 1130  CODE = -971, Tran = -1, EID = 1
Program 'csql' (pid 170353) connected to database server 'update01db' on the host 'localhost' (port 1523).

Time: 09/06/21 01:14:35.572 - DEBUG *** file /home/joohok/cubrid-cdc-merged/src/transaction/boot_cl.c, line 1180
boot_restart_client: register client { type 2 db update01db user dba password (null) program csql login joohok host JoohoK2 pid 170353 }

Time: 09/06/21 01:14:35.579 - SYNTAX ERROR *** file /home/joohok/cubrid-cdc-merged/src/parser/query_result.c, line 377 ERROR CODE = -494, Tran = 2, EID = 2
Semantic: before '  (id int)'
Class update01 already exists. create class update01 ( id integer )  reuse_oid 

Time: 09/06/21 01:14:35.579 - SYNTAX ERROR *** file /home/joohok/cubrid-cdc-merged/src/compat/db_vdb.c, line 967 ERROR CODE = -492, Tran = 2, EID = 3
before '  (id int)'
Class update01 already exists.

*** The previous error message is the last one. ***


Time: 09/06/21 01:14:35.592 - DEBUG *** file /home/joohok/cubrid-cdc-merged/src/transaction/boot_cl.c, line 1692
trying to connect 'update01db@localhost'

Time: 09/06/21 01:14:35.592 - DEBUG *** file /home/joohok/cubrid-cdc-merged/src/transaction/boot_cl.c, line 1714
ping server with handshake

Time: 09/06/21 01:14:35.592 - NOTIFICATION *** file /home/joohok/cubrid-cdc-merged/src/transaction/boot_cl.c, line 1130  CODE = -971, Tran = -1, EID = 1
Program 'csql' (pid 170354) connected to database server 'update01db' on the host 'localhost' (port 1523).

Time: 09/06/21 01:14:35.592 - DEBUG *** file /home/joohok/cubrid-cdc-merged/src/transaction/boot_cl.c, line 1180
boot_restart_client: register client { type 2 db update01db user dba password (null) program csql login joohok host JoohoK2 pid 170354 }

Time: 09/06/21 01:14:35.599 - DEBUG *** file /home/joohok/cubrid-cdc-merged/src/communication/network_interface_cl.c, line 6701
qmgr_execute_query requested: EXECUTION_WITH_AUTOCOMMIT

Time: 09/06/21 01:14:35.612 - DEBUG *** file /home/joohok/cubrid-cdc-merged/src/transaction/boot_cl.c, line 1692
trying to connect 'update01db@localhost'

Time: 09/06/21 01:14:35.612 - DEBUG *** file /home/joohok/cubrid-cdc-merged/src/transaction/boot_cl.c, line 1714
ping server with handshake

Time: 09/06/21 01:14:35.612 - NOTIFICATION *** file /home/joohok/cubrid-cdc-merged/src/transaction/boot_cl.c, line 1130  CODE = -971, Tran = -1, EID = 1
Program 'csql' (pid 170355) connected to database server 'update01db' on the host 'localhost' (port 1523).

Time: 09/06/21 01:14:35.612 - DEBUG *** file /home/joohok/cubrid-cdc-merged/src/transaction/boot_cl.c, line 1180
boot_restart_client: register client { type 2 db update01db user dba password (null) program csql login joohok host JoohoK2 pid 170355 }

Time: 09/06/21 01:14:35.618 - DEBUG *** file /home/joohok/cubrid-cdc-merged/src/communication/network_interface_cl.c, line 6701
qmgr_execute_query requested: EXECUTION_WITH_AUTOCOMMIT

Time: 09/06/21 01:15:04.420 - DEBUG *** file /home/joohok/cubrid-cdc-merged/src/transaction/boot_cl.c, line 1692
trying to connect 'update01db@localhost'

Time: 09/06/21 01:15:04.420 - DEBUG *** file /home/joohok/cubrid-cdc-merged/src/transaction/boot_cl.c, line 1714
ping server with handshake

Time: 09/06/21 01:15:04.420 - NOTIFICATION *** file /home/joohok/cubrid-cdc-merged/src/transaction/boot_cl.c, line 1130  CODE = -971, Tran = -1, EID = 1
Program 'csql' (pid 170665) connected to database server 'update01db' on the host 'localhost' (port 1523).

Time: 09/06/21 01:15:04.420 - DEBUG *** file /home/joohok/cubrid-cdc-merged/src/transaction/boot_cl.c, line 1180
boot_restart_client: register client { type 2 db update01db user dba password (null) program csql login joohok host JoohoK2 pid 170665 }

Time: 09/06/21 01:15:04.444 - DEBUG *** file /home/joohok/cubrid-cdc-merged/src/transaction/boot_cl.c, line 1692
trying to connect 'update01db@localhost'

Time: 09/06/21 01:15:04.444 - DEBUG *** file /home/joohok/cubrid-cdc-merged/src/transaction/boot_cl.c, line 1714
ping server with handshake

Time: 09/06/21 01:15:04.444 - NOTIFICATION *** file /home/joohok/cubrid-cdc-merged/src/transaction/boot_cl.c, line 1130  CODE = -971, Tran = -1, EID = 1
Program 'csql' (pid 170666) connected to database server 'update01db' on the host 'localhost' (port 1523).

Time: 09/06/21 01:15:04.444 - DEBUG *** file /home/joohok/cubrid-cdc-merged/src/transaction/boot_cl.c, line 1180
boot_restart_client: register client { type 2 db update01db user dba password (null) program csql login joohok host JoohoK2 pid 170666 }

Time: 09/06/21 01:15:04.450 - DEBUG *** file /home/joohok/cubrid-cdc-merged/src/communication/network_interface_cl.c, line 6701
qmgr_execute_query requested: EXECUTION_WITH_AUTOCOMMIT

Time: 09/06/21 01:15:04.460 - DEBUG *** file /home/joohok/cubrid-cdc-merged/src/transaction/boot_cl.c, line 1692
trying to connect 'update01db@localhost'

Time: 09/06/21 01:15:04.460 - DEBUG *** file /home/joohok/cubrid-cdc-merged/src/transaction/boot_cl.c, line 1714
ping server with handshake

Time: 09/06/21 01:15:04.460 - NOTIFICATION *** file /home/joohok/cubrid-cdc-merged/src/transaction/boot_cl.c, line 1130  CODE = -971, Tran = -1, EID = 1
Program 'csql' (pid 170667) connected to database server 'update01db' on the host 'localhost' (port 1523).

Time: 09/06/21 01:15:04.461 - DEBUG *** file /home/joohok/cubrid-cdc-merged/src/transaction/boot_cl.c, line 1180
boot_restart_client: register client { type 2 db update01db user dba password (null) program csql login joohok host JoohoK2 pid 170667 }

Time: 09/06/21 01:15:04.467 - DEBUG *** file /home/joohok/cubrid-cdc-merged/src/communication/network_interface_cl.c, line 6701
qmgr_execute_query requested: EXECUTION_WITH_AUTOCOMMIT

Time: 09/06/21 01:15:40.626 - DEBUG *** file /home/joohok/cubrid-cdc-merged/src/transaction/boot_cl.c, line 1692
trying to connect 'update01db@localhost'

Time: 09/06/21 01:15:40.626 - DEBUG *** file /home/joohok/cubrid-cdc-merged/src/transaction/boot_cl.c, line 1714
ping server with handshake

Time: 09/06/21 01:15:40.626 - NOTIFICATION *** file /home/joohok/cubrid-cdc-merged/src/transaction/boot_cl.c, line 1130  CODE = -971, Tran = -1, EID = 1
Program 'csql' (pid 170843) connected to database server 'update01db' on the host 'localhost' (port 1523).

Time: 09/06/21 01:15:40.626 - DEBUG *** file /home/joohok/cubrid-cdc-merged/src/transaction/boot_cl.c, line 1180
boot_restart_client: register client { type 2 db update01db user dba password (null) program csql login joohok host JoohoK2 pid 170843 }

Time: 09/06/21 01:15:40.633 - SYNTAX ERROR *** file /home/joohok/cubrid-cdc-merged/src/parser/query_result.c, line 377 ERROR CODE = -494, Tran = 2, EID = 2
Semantic: before '  (id int)'
Class update01 already exists. create class update01 ( id integer )  reuse_oid 

Time: 09/06/21 01:15:40.633 - SYNTAX ERROR *** file /home/joohok/cubrid-cdc-merged/src/compat/db_vdb.c, line 967 ERROR CODE = -492, Tran = 2, EID = 3
before '  (id int)'
Class update01 already exists.

*** The previous error message is the last one. ***


Time: 09/06/21 01:15:40.644 - DEBUG *** file /home/joohok/cubrid-cdc-merged/src/transaction/boot_cl.c, line 1692
trying to connect 'update01db@localhost'

Time: 09/06/21 01:15:40.644 - DEBUG *** file /home/joohok/cubrid-cdc-merged/src/transaction/boot_cl.c, line 1714
ping server with handshake

Time: 09/06/21 01:15:40.644 - NOTIFICATION *** file /home/joohok/cubrid-cdc-merged/src/transaction/boot_cl.c, line 1130  CODE = -971, Tran = -1, EID = 1
Program 'csql' (pid 170844) connected to database server 'update01db' on the host 'localhost' (port 1523).

Time: 09/06/21 01:15:40.645 - DEBUG *** file /home/joohok/cubrid-cdc-merged/src/transaction/boot_cl.c, line 1180
boot_restart_client: register client { type 2 db update01db user dba password (null) program csql login joohok host JoohoK2 pid 170844 }

Time: 09/06/21 01:15:40.651 - DEBUG *** file /home/joohok/cubrid-cdc-merged/src/communication/network_interface_cl.c, line 6701
qmgr_execute_query requested: EXECUTION_WITH_AUTOCOMMIT

Time: 09/06/21 01:15:40.662 - DEBUG *** file /home/joohok/cubrid-cdc-merged/src/transaction/boot_cl.c, line 1692
trying to connect 'update01db@localhost'

Time: 09/06/21 01:15:40.662 - DEBUG *** file /home/joohok/cubrid-cdc-merged/src/transaction/boot_cl.c, line 1714
ping server with handshake

Time: 09/06/21 01:15:40.662 - NOTIFICATION *** file /home/joohok/cubrid-cdc-merged/src/transaction/boot_cl.c, line 1130  CODE = -971, Tran = -1, EID = 1
Program 'csql' (pid 170845) connected to database server 'update01db' on the host 'localhost' (port 1523).

Time: 09/06/21 01:15:40.662 - DEBUG *** file /home/joohok/cubrid-cdc-merged/src/transaction/boot_cl.c, line 1180
boot_restart_client: register client { type 2 db update01db user dba password (null) program csql login joohok host JoohoK2 pid 170845 }

Time: 09/06/21 01:15:40.669 - DEBUG *** file /home/joohok/cubrid-cdc-merged/src/communication/network_interface_cl.c, line 6701
qmgr_execute_query requested: EXECUTION_WITH_AUTOCOMMIT

Time: 09/06/21 01:16:08.726 - DEBUG *** file /home/joohok/cubrid-cdc-merged/src/transaction/boot_cl.c, line 1692
trying to connect 'update01db@localhost'

Time: 09/06/21 01:16:08.726 - DEBUG *** file /home/joohok/cubrid-cdc-merged/src/transaction/boot_cl.c, line 1714
ping server with handshake

Time: 09/06/21 01:16:08.727 - NOTIFICATION *** file /home/joohok/cubrid-cdc-merged/src/transaction/boot_cl.c, line 1130  CODE = -971, Tran = -1, EID = 1
Program 'csql' (pid 171314) connected to database server 'update01db' on the host 'localhost' (port 1523).

Time: 09/06/21 01:16:08.727 - DEBUG *** file /home/joohok/cubrid-cdc-merged/src/transaction/boot_cl.c, line 1180
boot_restart_client: register client { type 2 db update01db user dba password (null) program csql login joohok host JoohoK2 pid 171314 }

Time: 09/06/21 01:16:08.751 - DEBUG *** file /home/joohok/cubrid-cdc-merged/src/transaction/boot_cl.c, line 1692
trying to connect 'update01db@localhost'

Time: 09/06/21 01:16:08.751 - DEBUG *** file /home/joohok/cubrid-cdc-merged/src/transaction/boot_cl.c, line 1714
ping server with handshake

Time: 09/06/21 01:16:08.752 - NOTIFICATION *** file /home/joohok/cubrid-cdc-merged/src/transaction/boot_cl.c, line 1130  CODE = -971, Tran = -1, EID = 1
Program 'csql' (pid 171315) connected to database server 'update01db' on the host 'localhost' (port 1523).

Time: 09/06/21 01:16:08.752 - DEBUG *** file /home/joohok/cubrid-cdc-merged/src/transaction/boot_cl.c, line 1180
boot_restart_client: register client { type 2 db update01db user dba password (null) program csql login joohok host JoohoK2 pid 171315 }

Time: 09/06/21 01:16:08.758 - DEBUG *** file /home/joohok/cubrid-cdc-merged/src/communication/network_interface_cl.c, line 6701
qmgr_execute_query requested: EXECUTION_WITH_AUTOCOMMIT

Time: 09/06/21 01:16:08.768 - DEBUG *** file /home/joohok/cubrid-cdc-merged/src/transaction/boot_cl.c, line 1692
trying to connect 'update01db@localhost'

Time: 09/06/21 01:16:08.768 - DEBUG *** file /home/joohok/cubrid-cdc-merged/src/transaction/boot_cl.c, line 1714
ping server with handshake

Time: 09/06/21 01:16:08.769 - NOTIFICATION *** file /home/joohok/cubrid-cdc-merged/src/transaction/boot_cl.c, line 1130  CODE = -971, Tran = -1, EID = 1
Program 'csql' (pid 171316) connected to database server 'update01db' on the host 'localhost' (port 1523).

Time: 09/06/21 01:16:08.769 - DEBUG *** file /home/joohok/cubrid-cdc-merged/src/transaction/boot_cl.c, line 1180
boot_restart_client: register client { type 2 db update01db user dba password (null) program csql login joohok host JoohoK2 pid 171316 }

Time: 09/06/21 01:16:08.775 - DEBUG *** file /home/joohok/cubrid-cdc-merged/src/communication/network_interface_cl.c, line 6701
qmgr_execute_query requested: EXECUTION_WITH_AUTOCOMMIT

Time: 09/06/21 18:51:03.256 - DEBUG *** file /home/joohok/cubrid-cdc-merged/src/transaction/boot_cl.c, line 1692
trying to connect 'update01db@localhost'

Time: 09/06/21 18:51:03.256 - DEBUG *** file /home/joohok/cubrid-cdc-merged/src/connection/connection_support.c, line 421
css_readn: POLLHUP Invalid argument
Time: 09/06/21 18:51:03.256 - DEBUG *** file /home/joohok/cubrid-cdc-merged/src/transaction/boot_cl.c, line 1714
ping server with handshake

Time: 09/06/21 18:51:03.256 - ERROR *** file /home/joohok/cubrid-cdc-merged/src/communication/network_cl.c, line 3826 ERROR CODE = -191, Tran = -1, EID = 1
Cannot connect to server "update01db" on "localhost".

Time: 09/06/21 18:51:03.256 - DEBUG *** file /home/joohok/cubrid-cdc-merged/src/transaction/boot_cl.c, line 1744
error -191. try to connect to next host

Time: 09/06/21 18:51:03.256 - ERROR *** file /home/joohok/cubrid-cdc-merged/src/transaction/boot_cl.c, line 1776 ERROR CODE = -677, Tran = -1, EID = 2
Failed to connect to database server, 'update01db', on the following host(s): localhost

Time: 09/06/21 18:51:03.256 - DEBUG *** file /home/joohok/cubrid-cdc-merged/src/transaction/boot_cl.c, line 1126
boot_restart_client: boot_client_initialize_css () error -191

Time: 09/06/21 18:51:03.266 - DEBUG *** file /home/joohok/cubrid-cdc-merged/src/transaction/boot_cl.c, line 1692
trying to connect 'update01db@localhost'

Time: 09/06/21 18:51:03.266 - DEBUG *** file /home/joohok/cubrid-cdc-merged/src/connection/connection_support.c, line 421
css_readn: POLLHUP Invalid argument
Time: 09/06/21 18:51:03.266 - DEBUG *** file /home/joohok/cubrid-cdc-merged/src/transaction/boot_cl.c, line 1714
ping server with handshake

Time: 09/06/21 18:51:03.266 - ERROR *** file /home/joohok/cubrid-cdc-merged/src/communication/network_cl.c, line 3826 ERROR CODE = -191, Tran = -1, EID = 1
Cannot connect to server "update01db" on "localhost".

Time: 09/06/21 18:51:03.266 - DEBUG *** file /home/joohok/cubrid-cdc-merged/src/transaction/boot_cl.c, line 1744
error -191. try to connect to next host

Time: 09/06/21 18:51:03.266 - ERROR *** file /home/joohok/cubrid-cdc-merged/src/transaction/boot_cl.c, line 1776 ERROR CODE = -677, Tran = -1, EID = 2
Failed to connect to database server, 'update01db', on the following host(s): localhost

Time: 09/06/21 18:51:03.266 - DEBUG *** file /home/joohok/cubrid-cdc-merged/src/transaction/boot_cl.c, line 1126
boot_restart_client: boot_client_initialize_css () error -191

Time: 09/06/21 18:51:03.276 - DEBUG *** file /home/joohok/cubrid-cdc-merged/src/transaction/boot_cl.c, line 1692
trying to connect 'update01db@localhost'

Time: 09/06/21 18:51:03.276 - DEBUG *** file /home/joohok/cubrid-cdc-merged/src/connection/connection_support.c, line 421
css_readn: POLLHUP Invalid argument
Time: 09/06/21 18:51:03.276 - DEBUG *** file /home/joohok/cubrid-cdc-merged/src/transaction/boot_cl.c, line 1714
ping server with handshake

Time: 09/06/21 18:51:03.276 - ERROR *** file /home/joohok/cubrid-cdc-merged/src/communication/network_cl.c, line 3826 ERROR CODE = -191, Tran = -1, EID = 1
Cannot connect to server "update01db" on "localhost".

Time: 09/06/21 18:51:03.276 - DEBUG *** file /home/joohok/cubrid-cdc-merged/src/transaction/boot_cl.c, line 1744
error -191. try to connect to next host

Time: 09/06/21 18:51:03.276 - ERROR *** file /home/joohok/cubrid-cdc-merged/src/transaction/boot_cl.c, line 1776 ERROR CODE = -677, Tran = -1, EID = 2
Failed to connect to database server, 'update01db', on the following host(s): localhost

Time: 09/06/21 18:51:03.276 - DEBUG *** file /home/joohok/cubrid-cdc-merged/src/transaction/boot_cl.c, line 1126
boot_restart_client: boot_client_initialize_css () error -191
