
Time: 08/25/21 08:44:50.613 - DEBUG *** file /home/joohok/cubrid/src/transaction/boot_cl.c, line 1692
trying to connect 'table02db@localhost'

Time: 08/25/21 08:44:50.614 - DEBUG *** file /home/joohok/cubrid/src/transaction/boot_cl.c, line 1714
ping server with handshake

Time: 08/25/21 08:44:50.614 - NOTIFICATION *** file /home/joohok/cubrid/src/transaction/boot_cl.c, line 1130  CODE = -971, Tran = -1, EID = 1
Program 'csql' (pid 46913) connected to database server 'table02db' on the host 'localhost' (port 1523).

Time: 08/25/21 08:44:50.614 - DEBUG *** file /home/joohok/cubrid/src/transaction/boot_cl.c, line 1180
boot_restart_client: register client { type 2 db table02db user dba password (null) program csql login joohok host JoohoK2 pid 46913 }

Time: 08/25/21 08:44:50.640 - DEBUG *** file /home/joohok/cubrid/src/transaction/boot_cl.c, line 1692
trying to connect 'table02db@localhost'

Time: 08/25/21 08:44:50.641 - DEBUG *** file /home/joohok/cubrid/src/transaction/boot_cl.c, line 1714
ping server with handshake

Time: 08/25/21 08:44:50.641 - NOTIFICATION *** file /home/joohok/cubrid/src/transaction/boot_cl.c, line 1130  CODE = -971, Tran = -1, EID = 1
Program 'csql' (pid 46914) connected to database server 'table02db' on the host 'localhost' (port 1523).

Time: 08/25/21 08:44:50.641 - DEBUG *** file /home/joohok/cubrid/src/transaction/boot_cl.c, line 1180
boot_restart_client: register client { type 2 db table02db user dba password (null) program csql login joohok host JoohoK2 pid 46914 }

Time: 08/30/21 15:45:40.403 - DEBUG *** file /home/joohok/cubrid/src/transaction/boot_cl.c, line 1692
trying to connect 'table02db@localhost'

Time: 08/30/21 15:45:40.403 - DEBUG *** file /home/joohok/cubrid/src/transaction/boot_cl.c, line 1714
ping server with handshake

Time: 08/30/21 15:45:40.404 - NOTIFICATION *** file /home/joohok/cubrid/src/transaction/boot_cl.c, line 1130  CODE = -971, Tran = -1, EID = 1
Program 'csql' (pid 125234) connected to database server 'table02db' on the host 'localhost' (port 1523).

Time: 08/30/21 15:45:40.404 - DEBUG *** file /home/joohok/cubrid/src/transaction/boot_cl.c, line 1180
boot_restart_client: register client { type 2 db table02db user dba password (null) program csql login joohok host JoohoK2 pid 125234 }

Time: 08/30/21 15:45:40.432 - DEBUG *** file /home/joohok/cubrid/src/transaction/boot_cl.c, line 1692
trying to connect 'table02db@localhost'

Time: 08/30/21 15:45:40.432 - DEBUG *** file /home/joohok/cubrid/src/transaction/boot_cl.c, line 1714
ping server with handshake

Time: 08/30/21 15:45:40.432 - NOTIFICATION *** file /home/joohok/cubrid/src/transaction/boot_cl.c, line 1130  CODE = -971, Tran = -1, EID = 1
Program 'csql' (pid 125235) connected to database server 'table02db' on the host 'localhost' (port 1523).

Time: 08/30/21 15:45:40.432 - DEBUG *** file /home/joohok/cubrid/src/transaction/boot_cl.c, line 1180
boot_restart_client: register client { type 2 db table02db user dba password (null) program csql login joohok host JoohoK2 pid 125235 }
